2019-12-30 06:33:59 [main] INFO  o.s.b.t.a.w.s.WebMvcTestContextBootstrapper -
				Neither @ContextConfiguration nor @ContextHierarchy found for test class [com.stackroute.keepnote.test.controller.UserControllerTest], using SpringBootContextLoader
2019-12-30 06:33:59 [main] INFO  o.s.t.c.s.AbstractContextLoader -
				Could not detect default resource locations for test class [com.stackroute.keepnote.test.controller.UserControllerTest]: no resource found for suffixes {-context.xml, Context.groovy}.
2019-12-30 06:33:59 [main] INFO  o.s.t.c.s.AnnotationConfigContextLoaderUtils -
				Could not detect default configuration classes for test class [com.stackroute.keepnote.test.controller.UserControllerTest]: UserControllerTest does not declare any static, non-private, non-final, nested classes annotated with @Configuration.
2019-12-30 06:34:00 [main] INFO  o.s.b.t.c.SpringBootTestContextBootstrapper -
				Found @SpringBootConfiguration com.stackroute.keepnote.UserServiceApplication for test class com.stackroute.keepnote.test.controller.UserControllerTest
2019-12-30 06:34:00 [main] INFO  o.s.b.t.a.w.s.WebMvcTestContextBootstrapper -
				Loaded default TestExecutionListener class names from location [META-INF/spring.factories]: [org.springframework.boot.test.mock.mockito.MockitoTestExecutionListener, org.springframework.boot.test.mock.mockito.ResetMocksTestExecutionListener, org.springframework.boot.test.autoconfigure.restdocs.RestDocsTestExecutionListener, org.springframework.boot.test.autoconfigure.web.client.MockRestServiceServerResetTestExecutionListener, org.springframework.boot.test.autoconfigure.web.servlet.MockMvcPrintOnlyOnFailureTestExecutionListener, org.springframework.boot.test.autoconfigure.web.servlet.WebDriverTestExecutionListener, org.springframework.test.context.web.ServletTestExecutionListener, org.springframework.test.context.support.DirtiesContextBeforeModesTestExecutionListener, org.springframework.test.context.support.DependencyInjectionTestExecutionListener, org.springframework.test.context.support.DirtiesContextTestExecutionListener, org.springframework.test.context.transaction.TransactionalTestExecutionListener, org.springframework.test.context.jdbc.SqlScriptsTestExecutionListener]
2019-12-30 06:34:00 [main] INFO  o.s.b.t.a.w.s.WebMvcTestContextBootstrapper -
				Using TestExecutionListeners: [org.springframework.test.context.web.ServletTestExecutionListener@5c33f1a9, org.springframework.test.context.support.DirtiesContextBeforeModesTestExecutionListener@1623b78d, org.springframework.boot.test.mock.mockito.MockitoTestExecutionListener@c8c12ac, org.springframework.boot.test.autoconfigure.SpringBootDependencyInjectionTestExecutionListener@6adbc9d, org.springframework.test.context.support.DirtiesContextTestExecutionListener@4550bb58, org.springframework.test.context.transaction.TransactionalTestExecutionListener@4ec4f3a0, org.springframework.test.context.jdbc.SqlScriptsTestExecutionListener@223191a6, org.springframework.boot.test.mock.mockito.ResetMocksTestExecutionListener@49139829, org.springframework.boot.test.autoconfigure.restdocs.RestDocsTestExecutionListener@9597028, org.springframework.boot.test.autoconfigure.web.client.MockRestServiceServerResetTestExecutionListener@6069db50, org.springframework.boot.test.autoconfigure.web.servlet.MockMvcPrintOnlyOnFailureTestExecutionListener@4efbca5a, org.springframework.boot.test.autoconfigure.web.servlet.WebDriverTestExecutionListener@1b7cc17c]
2019-12-30 06:34:00 [main] INFO  o.s.b.t.c.SpringBootTestContextBootstrapper -
				Neither @ContextConfiguration nor @ContextHierarchy found for test class [com.stackroute.keepnote.test.repository.UserRepositoryTest], using SpringBootContextLoader
2019-12-30 06:34:00 [main] INFO  o.s.t.c.s.AbstractContextLoader -
				Could not detect default resource locations for test class [com.stackroute.keepnote.test.repository.UserRepositoryTest]: no resource found for suffixes {-context.xml, Context.groovy}.
2019-12-30 06:34:00 [main] INFO  o.s.t.c.s.AnnotationConfigContextLoaderUtils -
				Could not detect default configuration classes for test class [com.stackroute.keepnote.test.repository.UserRepositoryTest]: UserRepositoryTest does not declare any static, non-private, non-final, nested classes annotated with @Configuration.
2019-12-30 06:34:00 [main] INFO  o.s.b.t.c.SpringBootTestContextBootstrapper -
				Found @SpringBootConfiguration com.stackroute.keepnote.UserServiceApplication for test class com.stackroute.keepnote.test.repository.UserRepositoryTest
2019-12-30 06:34:00 [main] INFO  o.s.b.t.c.SpringBootTestContextBootstrapper -
				Loaded default TestExecutionListener class names from location [META-INF/spring.factories]: [org.springframework.boot.test.mock.mockito.MockitoTestExecutionListener, org.springframework.boot.test.mock.mockito.ResetMocksTestExecutionListener, org.springframework.boot.test.autoconfigure.restdocs.RestDocsTestExecutionListener, org.springframework.boot.test.autoconfigure.web.client.MockRestServiceServerResetTestExecutionListener, org.springframework.boot.test.autoconfigure.web.servlet.MockMvcPrintOnlyOnFailureTestExecutionListener, org.springframework.boot.test.autoconfigure.web.servlet.WebDriverTestExecutionListener, org.springframework.test.context.web.ServletTestExecutionListener, org.springframework.test.context.support.DirtiesContextBeforeModesTestExecutionListener, org.springframework.test.context.support.DependencyInjectionTestExecutionListener, org.springframework.test.context.support.DirtiesContextTestExecutionListener, org.springframework.test.context.transaction.TransactionalTestExecutionListener, org.springframework.test.context.jdbc.SqlScriptsTestExecutionListener]
2019-12-30 06:34:00 [main] INFO  o.s.b.t.c.SpringBootTestContextBootstrapper -
				Using TestExecutionListeners: [org.springframework.test.context.web.ServletTestExecutionListener@1aafa419, org.springframework.test.context.support.DirtiesContextBeforeModesTestExecutionListener@47eaca72, org.springframework.boot.test.mock.mockito.MockitoTestExecutionListener@55141def, org.springframework.boot.test.autoconfigure.SpringBootDependencyInjectionTestExecutionListener@55182842, org.springframework.test.context.support.DirtiesContextTestExecutionListener@3270d194, org.springframework.test.context.transaction.TransactionalTestExecutionListener@235834f2, org.springframework.test.context.jdbc.SqlScriptsTestExecutionListener@5656be13, org.springframework.boot.test.mock.mockito.ResetMocksTestExecutionListener@4218d6a3, org.springframework.boot.test.autoconfigure.restdocs.RestDocsTestExecutionListener@76505305, org.springframework.boot.test.autoconfigure.web.client.MockRestServiceServerResetTestExecutionListener@14cd1699, org.springframework.boot.test.autoconfigure.web.servlet.MockMvcPrintOnlyOnFailureTestExecutionListener@77888435, org.springframework.boot.test.autoconfigure.web.servlet.WebDriverTestExecutionListener@73a1e9a9]
2019-12-30 06:34:00 [main] INFO  o.s.b.t.c.SpringBootTestContextBootstrapper -
				Neither @ContextConfiguration nor @ContextHierarchy found for test class [com.stackroute.keepnote.test.log.LoggerTest], using SpringBootContextLoader
2019-12-30 06:34:00 [main] INFO  o.s.t.c.s.AbstractContextLoader -
				Could not detect default resource locations for test class [com.stackroute.keepnote.test.log.LoggerTest]: no resource found for suffixes {-context.xml, Context.groovy}.
2019-12-30 06:34:00 [main] INFO  o.s.t.c.s.AnnotationConfigContextLoaderUtils -
				Could not detect default configuration classes for test class [com.stackroute.keepnote.test.log.LoggerTest]: LoggerTest does not declare any static, non-private, non-final, nested classes annotated with @Configuration.
2019-12-30 06:34:00 [main] INFO  o.s.b.t.c.SpringBootTestContextBootstrapper -
				Found @SpringBootConfiguration com.stackroute.keepnote.UserServiceApplication for test class com.stackroute.keepnote.test.log.LoggerTest
2019-12-30 06:34:00 [main] INFO  o.s.b.t.c.SpringBootTestContextBootstrapper -
				Loaded default TestExecutionListener class names from location [META-INF/spring.factories]: [org.springframework.boot.test.mock.mockito.MockitoTestExecutionListener, org.springframework.boot.test.mock.mockito.ResetMocksTestExecutionListener, org.springframework.boot.test.autoconfigure.restdocs.RestDocsTestExecutionListener, org.springframework.boot.test.autoconfigure.web.client.MockRestServiceServerResetTestExecutionListener, org.springframework.boot.test.autoconfigure.web.servlet.MockMvcPrintOnlyOnFailureTestExecutionListener, org.springframework.boot.test.autoconfigure.web.servlet.WebDriverTestExecutionListener, org.springframework.test.context.web.ServletTestExecutionListener, org.springframework.test.context.support.DirtiesContextBeforeModesTestExecutionListener, org.springframework.test.context.support.DependencyInjectionTestExecutionListener, org.springframework.test.context.support.DirtiesContextTestExecutionListener, org.springframework.test.context.transaction.TransactionalTestExecutionListener, org.springframework.test.context.jdbc.SqlScriptsTestExecutionListener]
2019-12-30 06:34:00 [main] INFO  o.s.b.t.c.SpringBootTestContextBootstrapper -
				Using TestExecutionListeners: [org.springframework.test.context.web.ServletTestExecutionListener@7205765b, org.springframework.test.context.support.DirtiesContextBeforeModesTestExecutionListener@47987356, org.springframework.boot.test.mock.mockito.MockitoTestExecutionListener@22ef9844, org.springframework.boot.test.autoconfigure.SpringBootDependencyInjectionTestExecutionListener@6283d8b8, org.springframework.test.context.support.DirtiesContextTestExecutionListener@3b6ddd1d, org.springframework.test.context.transaction.TransactionalTestExecutionListener@3f6b0be5, org.springframework.test.context.jdbc.SqlScriptsTestExecutionListener@611889f4, org.springframework.boot.test.mock.mockito.ResetMocksTestExecutionListener@1da2cb77, org.springframework.boot.test.autoconfigure.restdocs.RestDocsTestExecutionListener@48f278eb, org.springframework.boot.test.autoconfigure.web.client.MockRestServiceServerResetTestExecutionListener@2f217633, org.springframework.boot.test.autoconfigure.web.servlet.MockMvcPrintOnlyOnFailureTestExecutionListener@a530d0a, org.springframework.boot.test.autoconfigure.web.servlet.WebDriverTestExecutionListener@1a18644]
2019-12-30 06:34:01 [main] INFO  o.s.w.c.s.GenericWebApplicationContext -
				Refreshing org.springframework.web.context.support.GenericWebApplicationContext@1fa1cab1: startup date [Mon Dec 30 06:34:01 UTC 2019]; root of context hierarchy
2019-12-30 06:34:04 [main] INFO  o.s.w.s.h.SimpleUrlHandlerMapping -
				Mapped URL path [/**/favicon.ico] onto handler of type [class org.springframework.web.servlet.resource.ResourceHttpRequestHandler]
2019-12-30 06:34:05 [main] INFO  o.s.w.s.m.m.a.RequestMappingHandlerAdapter -
				Looking for @ControllerAdvice: org.springframework.web.context.support.GenericWebApplicationContext@1fa1cab1: startup date [Mon Dec 30 06:34:01 UTC 2019]; root of context hierarchy
2019-12-30 06:34:05 [main] INFO  o.s.w.s.m.m.a.RequestMappingHandlerMapping -
				Mapped "{[/api/v1/user/{id}],methods=[PUT]}" onto public org.springframework.http.ResponseEntity<?> com.stackroute.keepnote.controller.UserController.updateUser(com.stackroute.keepnote.model.User)
2019-12-30 06:34:05 [main] INFO  o.s.w.s.m.m.a.RequestMappingHandlerMapping -
				Mapped "{[/api/v1/user/{id}],methods=[DELETE]}" onto public org.springframework.http.ResponseEntity<?> com.stackroute.keepnote.controller.UserController.deleteUser(java.lang.String)
2019-12-30 06:34:05 [main] INFO  o.s.w.s.m.m.a.RequestMappingHandlerMapping -
				Mapped "{[/api/v1/user],methods=[POST]}" onto public org.springframework.http.ResponseEntity<com.stackroute.keepnote.model.User> com.stackroute.keepnote.controller.UserController.registerUser(com.stackroute.keepnote.model.User,javax.servlet.http.HttpSession)
2019-12-30 06:34:05 [main] INFO  o.s.w.s.m.m.a.RequestMappingHandlerMapping -
				Mapped "{[/api/v1/user/{id}],methods=[GET]}" onto public org.springframework.http.ResponseEntity<?> com.stackroute.keepnote.controller.UserController.findUser(java.lang.String)
2019-12-30 06:34:05 [main] INFO  o.s.w.s.m.m.a.RequestMappingHandlerMapping -
				Mapped "{[/error],produces=[text/html]}" onto public org.springframework.web.servlet.ModelAndView org.springframework.boot.autoconfigure.web.servlet.error.BasicErrorController.errorHtml(javax.servlet.http.HttpServletRequest,javax.servlet.http.HttpServletResponse)
2019-12-30 06:34:05 [main] INFO  o.s.w.s.m.m.a.RequestMappingHandlerMapping -
				Mapped "{[/error]}" onto public org.springframework.http.ResponseEntity<java.util.Map<java.lang.String, java.lang.Object>> org.springframework.boot.autoconfigure.web.servlet.error.BasicErrorController.error(javax.servlet.http.HttpServletRequest)
2019-12-30 06:34:05 [main] INFO  o.s.w.s.h.SimpleUrlHandlerMapping -
				Mapped URL path [/webjars/**] onto handler of type [class org.springframework.web.servlet.resource.ResourceHttpRequestHandler]
2019-12-30 06:34:05 [main] INFO  o.s.w.s.h.SimpleUrlHandlerMapping -
				Mapped URL path [/**] onto handler of type [class org.springframework.web.servlet.resource.ResourceHttpRequestHandler]
2019-12-30 06:34:05 [main] INFO  o.s.b.t.m.w.SpringBootMockServletContext -
				Initializing Spring FrameworkServlet ''
2019-12-30 06:34:05 [main] INFO  o.s.t.w.s.TestDispatcherServlet -
				FrameworkServlet '': initialization started
2019-12-30 06:34:05 [main] INFO  o.s.t.w.s.TestDispatcherServlet -
				FrameworkServlet '': initialization completed in 22 ms
2019-12-30 06:34:05 [main] INFO  o.s.w.s.m.m.a.RequestMappingHandlerMapping -
				Mapped "{[/api/v1/user/{id}],methods=[PUT]}" onto public org.springframework.http.ResponseEntity<?> com.stackroute.keepnote.controller.UserController.updateUser(com.stackroute.keepnote.model.User)
2019-12-30 06:34:05 [main] INFO  o.s.w.s.m.m.a.RequestMappingHandlerMapping -
				Mapped "{[/api/v1/user/{id}],methods=[DELETE]}" onto public org.springframework.http.ResponseEntity<?> com.stackroute.keepnote.controller.UserController.deleteUser(java.lang.String)
2019-12-30 06:34:05 [main] INFO  o.s.w.s.m.m.a.RequestMappingHandlerMapping -
				Mapped "{[/api/v1/user],methods=[POST]}" onto public org.springframework.http.ResponseEntity<com.stackroute.keepnote.model.User> com.stackroute.keepnote.controller.UserController.registerUser(com.stackroute.keepnote.model.User,javax.servlet.http.HttpSession)
2019-12-30 06:34:05 [main] INFO  o.s.w.s.m.m.a.RequestMappingHandlerMapping -
				Mapped "{[/api/v1/user/{id}],methods=[GET]}" onto public org.springframework.http.ResponseEntity<?> com.stackroute.keepnote.controller.UserController.findUser(java.lang.String)
2019-12-30 06:34:05 [main] INFO  o.s.w.s.m.m.a.RequestMappingHandlerAdapter -
				Looking for @ControllerAdvice: org.springframework.test.web.servlet.setup.StubWebApplicationContext@37b57b54
2019-12-30 06:34:05 [main] INFO  o.s.mock.web.MockServletContext -
				Initializing Spring FrameworkServlet ''
2019-12-30 06:34:05 [main] INFO  o.s.t.w.s.TestDispatcherServlet -
				FrameworkServlet '': initialization started
2019-12-30 06:34:05 [main] INFO  o.s.t.w.s.TestDispatcherServlet -
				FrameworkServlet '': initialization completed in 0 ms
2019-12-30 06:34:06 [main] INFO  o.s.w.s.m.m.a.RequestMappingHandlerMapping -
				Mapped "{[/api/v1/user/{id}],methods=[PUT]}" onto public org.springframework.http.ResponseEntity<?> com.stackroute.keepnote.controller.UserController.updateUser(com.stackroute.keepnote.model.User)
2019-12-30 06:34:06 [main] INFO  o.s.w.s.m.m.a.RequestMappingHandlerMapping -
				Mapped "{[/api/v1/user/{id}],methods=[DELETE]}" onto public org.springframework.http.ResponseEntity<?> com.stackroute.keepnote.controller.UserController.deleteUser(java.lang.String)
2019-12-30 06:34:06 [main] INFO  o.s.w.s.m.m.a.RequestMappingHandlerMapping -
				Mapped "{[/api/v1/user],methods=[POST]}" onto public org.springframework.http.ResponseEntity<com.stackroute.keepnote.model.User> com.stackroute.keepnote.controller.UserController.registerUser(com.stackroute.keepnote.model.User,javax.servlet.http.HttpSession)
2019-12-30 06:34:06 [main] INFO  o.s.w.s.m.m.a.RequestMappingHandlerMapping -
				Mapped "{[/api/v1/user/{id}],methods=[GET]}" onto public org.springframework.http.ResponseEntity<?> com.stackroute.keepnote.controller.UserController.findUser(java.lang.String)
2019-12-30 06:34:06 [main] INFO  o.s.w.s.m.m.a.RequestMappingHandlerAdapter -
				Looking for @ControllerAdvice: org.springframework.test.web.servlet.setup.StubWebApplicationContext@26221bad
2019-12-30 06:34:06 [main] INFO  o.s.mock.web.MockServletContext -
				Initializing Spring FrameworkServlet ''
2019-12-30 06:34:06 [main] INFO  o.s.t.w.s.TestDispatcherServlet -
				FrameworkServlet '': initialization started
2019-12-30 06:34:06 [main] INFO  o.s.t.w.s.TestDispatcherServlet -
				FrameworkServlet '': initialization completed in 0 ms
2019-12-30 06:34:06 [main] INFO  o.s.w.s.m.m.a.RequestMappingHandlerMapping -
				Mapped "{[/api/v1/user/{id}],methods=[PUT]}" onto public org.springframework.http.ResponseEntity<?> com.stackroute.keepnote.controller.UserController.updateUser(com.stackroute.keepnote.model.User)
2019-12-30 06:34:06 [main] INFO  o.s.w.s.m.m.a.RequestMappingHandlerMapping -
				Mapped "{[/api/v1/user/{id}],methods=[DELETE]}" onto public org.springframework.http.ResponseEntity<?> com.stackroute.keepnote.controller.UserController.deleteUser(java.lang.String)
2019-12-30 06:34:06 [main] INFO  o.s.w.s.m.m.a.RequestMappingHandlerMapping -
				Mapped "{[/api/v1/user],methods=[POST]}" onto public org.springframework.http.ResponseEntity<com.stackroute.keepnote.model.User> com.stackroute.keepnote.controller.UserController.registerUser(com.stackroute.keepnote.model.User,javax.servlet.http.HttpSession)
2019-12-30 06:34:06 [main] INFO  o.s.w.s.m.m.a.RequestMappingHandlerMapping -
				Mapped "{[/api/v1/user/{id}],methods=[GET]}" onto public org.springframework.http.ResponseEntity<?> com.stackroute.keepnote.controller.UserController.findUser(java.lang.String)
2019-12-30 06:34:06 [main] INFO  o.s.w.s.m.m.a.RequestMappingHandlerAdapter -
				Looking for @ControllerAdvice: org.springframework.test.web.servlet.setup.StubWebApplicationContext@1729ec00
2019-12-30 06:34:06 [main] INFO  o.s.mock.web.MockServletContext -
				Initializing Spring FrameworkServlet ''
2019-12-30 06:34:06 [main] INFO  o.s.t.w.s.TestDispatcherServlet -
				FrameworkServlet '': initialization started
2019-12-30 06:34:06 [main] INFO  o.s.t.w.s.TestDispatcherServlet -
				FrameworkServlet '': initialization completed in 0 ms
2019-12-30 06:34:06 [main] INFO  o.s.w.s.m.m.a.RequestMappingHandlerMapping -
				Mapped "{[/api/v1/user/{id}],methods=[PUT]}" onto public org.springframework.http.ResponseEntity<?> com.stackroute.keepnote.controller.UserController.updateUser(com.stackroute.keepnote.model.User)
2019-12-30 06:34:06 [main] INFO  o.s.w.s.m.m.a.RequestMappingHandlerMapping -
				Mapped "{[/api/v1/user/{id}],methods=[DELETE]}" onto public org.springframework.http.ResponseEntity<?> com.stackroute.keepnote.controller.UserController.deleteUser(java.lang.String)
2019-12-30 06:34:06 [main] INFO  o.s.w.s.m.m.a.RequestMappingHandlerMapping -
				Mapped "{[/api/v1/user],methods=[POST]}" onto public org.springframework.http.ResponseEntity<com.stackroute.keepnote.model.User> com.stackroute.keepnote.controller.UserController.registerUser(com.stackroute.keepnote.model.User,javax.servlet.http.HttpSession)
2019-12-30 06:34:06 [main] INFO  o.s.w.s.m.m.a.RequestMappingHandlerMapping -
				Mapped "{[/api/v1/user/{id}],methods=[GET]}" onto public org.springframework.http.ResponseEntity<?> com.stackroute.keepnote.controller.UserController.findUser(java.lang.String)
2019-12-30 06:34:06 [main] INFO  o.s.w.s.m.m.a.RequestMappingHandlerAdapter -
				Looking for @ControllerAdvice: org.springframework.test.web.servlet.setup.StubWebApplicationContext@1a0b5323
2019-12-30 06:34:06 [main] INFO  o.s.mock.web.MockServletContext -
				Initializing Spring FrameworkServlet ''
2019-12-30 06:34:06 [main] INFO  o.s.t.w.s.TestDispatcherServlet -
				FrameworkServlet '': initialization started
2019-12-30 06:34:06 [main] INFO  o.s.t.w.s.TestDispatcherServlet -
				FrameworkServlet '': initialization completed in 0 ms
2019-12-30 06:34:06 [main] INFO  o.s.w.s.m.m.a.RequestMappingHandlerMapping -
				Mapped "{[/api/v1/user/{id}],methods=[PUT]}" onto public org.springframework.http.ResponseEntity<?> com.stackroute.keepnote.controller.UserController.updateUser(com.stackroute.keepnote.model.User)
2019-12-30 06:34:06 [main] INFO  o.s.w.s.m.m.a.RequestMappingHandlerMapping -
				Mapped "{[/api/v1/user/{id}],methods=[DELETE]}" onto public org.springframework.http.ResponseEntity<?> com.stackroute.keepnote.controller.UserController.deleteUser(java.lang.String)
2019-12-30 06:34:06 [main] INFO  o.s.w.s.m.m.a.RequestMappingHandlerMapping -
				Mapped "{[/api/v1/user],methods=[POST]}" onto public org.springframework.http.ResponseEntity<com.stackroute.keepnote.model.User> com.stackroute.keepnote.controller.UserController.registerUser(com.stackroute.keepnote.model.User,javax.servlet.http.HttpSession)
2019-12-30 06:34:06 [main] INFO  o.s.w.s.m.m.a.RequestMappingHandlerMapping -
				Mapped "{[/api/v1/user/{id}],methods=[GET]}" onto public org.springframework.http.ResponseEntity<?> com.stackroute.keepnote.controller.UserController.findUser(java.lang.String)
2019-12-30 06:34:06 [main] INFO  o.s.w.s.m.m.a.RequestMappingHandlerAdapter -
				Looking for @ControllerAdvice: org.springframework.test.web.servlet.setup.StubWebApplicationContext@673919a7
2019-12-30 06:34:06 [main] INFO  o.s.mock.web.MockServletContext -
				Initializing Spring FrameworkServlet ''
2019-12-30 06:34:06 [main] INFO  o.s.t.w.s.TestDispatcherServlet -
				FrameworkServlet '': initialization started
2019-12-30 06:34:06 [main] INFO  o.s.t.w.s.TestDispatcherServlet -
				FrameworkServlet '': initialization completed in 0 ms
2019-12-30 06:34:06 [main] INFO  o.s.w.s.m.m.a.RequestMappingHandlerMapping -
				Mapped "{[/api/v1/user/{id}],methods=[PUT]}" onto public org.springframework.http.ResponseEntity<?> com.stackroute.keepnote.controller.UserController.updateUser(com.stackroute.keepnote.model.User)
2019-12-30 06:34:06 [main] INFO  o.s.w.s.m.m.a.RequestMappingHandlerMapping -
				Mapped "{[/api/v1/user/{id}],methods=[DELETE]}" onto public org.springframework.http.ResponseEntity<?> com.stackroute.keepnote.controller.UserController.deleteUser(java.lang.String)
2019-12-30 06:34:06 [main] INFO  o.s.w.s.m.m.a.RequestMappingHandlerMapping -
				Mapped "{[/api/v1/user],methods=[POST]}" onto public org.springframework.http.ResponseEntity<com.stackroute.keepnote.model.User> com.stackroute.keepnote.controller.UserController.registerUser(com.stackroute.keepnote.model.User,javax.servlet.http.HttpSession)
2019-12-30 06:34:06 [main] INFO  o.s.w.s.m.m.a.RequestMappingHandlerMapping -
				Mapped "{[/api/v1/user/{id}],methods=[GET]}" onto public org.springframework.http.ResponseEntity<?> com.stackroute.keepnote.controller.UserController.findUser(java.lang.String)
2019-12-30 06:34:06 [main] INFO  o.s.w.s.m.m.a.RequestMappingHandlerAdapter -
				Looking for @ControllerAdvice: org.springframework.test.web.servlet.setup.StubWebApplicationContext@6dd1c3ed
2019-12-30 06:34:06 [main] INFO  o.s.mock.web.MockServletContext -
				Initializing Spring FrameworkServlet ''
2019-12-30 06:34:06 [main] INFO  o.s.t.w.s.TestDispatcherServlet -
				FrameworkServlet '': initialization started
2019-12-30 06:34:06 [main] INFO  o.s.t.w.s.TestDispatcherServlet -
				FrameworkServlet '': initialization completed in 0 ms
2019-12-30 06:34:06 [main] INFO  o.s.w.s.m.m.a.RequestMappingHandlerMapping -
				Mapped "{[/api/v1/user/{id}],methods=[PUT]}" onto public org.springframework.http.ResponseEntity<?> com.stackroute.keepnote.controller.UserController.updateUser(com.stackroute.keepnote.model.User)
2019-12-30 06:34:06 [main] INFO  o.s.w.s.m.m.a.RequestMappingHandlerMapping -
				Mapped "{[/api/v1/user/{id}],methods=[DELETE]}" onto public org.springframework.http.ResponseEntity<?> com.stackroute.keepnote.controller.UserController.deleteUser(java.lang.String)
2019-12-30 06:34:06 [main] INFO  o.s.w.s.m.m.a.RequestMappingHandlerMapping -
				Mapped "{[/api/v1/user],methods=[POST]}" onto public org.springframework.http.ResponseEntity<com.stackroute.keepnote.model.User> com.stackroute.keepnote.controller.UserController.registerUser(com.stackroute.keepnote.model.User,javax.servlet.http.HttpSession)
2019-12-30 06:34:06 [main] INFO  o.s.w.s.m.m.a.RequestMappingHandlerMapping -
				Mapped "{[/api/v1/user/{id}],methods=[GET]}" onto public org.springframework.http.ResponseEntity<?> com.stackroute.keepnote.controller.UserController.findUser(java.lang.String)
2019-12-30 06:34:06 [main] INFO  o.s.w.s.m.m.a.RequestMappingHandlerAdapter -
				Looking for @ControllerAdvice: org.springframework.test.web.servlet.setup.StubWebApplicationContext@a92be4f
2019-12-30 06:34:06 [main] INFO  o.s.mock.web.MockServletContext -
				Initializing Spring FrameworkServlet ''
2019-12-30 06:34:06 [main] INFO  o.s.t.w.s.TestDispatcherServlet -
				FrameworkServlet '': initialization started
2019-12-30 06:34:06 [main] INFO  o.s.t.w.s.TestDispatcherServlet -
				FrameworkServlet '': initialization completed in 0 ms
2019-12-30 06:34:06 [main] INFO  o.s.w.s.m.m.a.RequestMappingHandlerMapping -
				Mapped "{[/api/v1/user/{id}],methods=[PUT]}" onto public org.springframework.http.ResponseEntity<?> com.stackroute.keepnote.controller.UserController.updateUser(com.stackroute.keepnote.model.User)
2019-12-30 06:34:06 [main] INFO  o.s.w.s.m.m.a.RequestMappingHandlerMapping -
				Mapped "{[/api/v1/user/{id}],methods=[DELETE]}" onto public org.springframework.http.ResponseEntity<?> com.stackroute.keepnote.controller.UserController.deleteUser(java.lang.String)
2019-12-30 06:34:06 [main] INFO  o.s.w.s.m.m.a.RequestMappingHandlerMapping -
				Mapped "{[/api/v1/user],methods=[POST]}" onto public org.springframework.http.ResponseEntity<com.stackroute.keepnote.model.User> com.stackroute.keepnote.controller.UserController.registerUser(com.stackroute.keepnote.model.User,javax.servlet.http.HttpSession)
2019-12-30 06:34:06 [main] INFO  o.s.w.s.m.m.a.RequestMappingHandlerMapping -
				Mapped "{[/api/v1/user/{id}],methods=[GET]}" onto public org.springframework.http.ResponseEntity<?> com.stackroute.keepnote.controller.UserController.findUser(java.lang.String)
2019-12-30 06:34:06 [main] INFO  o.s.w.s.m.m.a.RequestMappingHandlerAdapter -
				Looking for @ControllerAdvice: org.springframework.test.web.servlet.setup.StubWebApplicationContext@5af8bb51
2019-12-30 06:34:06 [main] INFO  o.s.mock.web.MockServletContext -
				Initializing Spring FrameworkServlet ''
2019-12-30 06:34:06 [main] INFO  o.s.t.w.s.TestDispatcherServlet -
				FrameworkServlet '': initialization started
2019-12-30 06:34:06 [main] INFO  o.s.t.w.s.TestDispatcherServlet -
				FrameworkServlet '': initialization completed in 0 ms
2019-12-30 06:34:06 [main] INFO  o.s.c.a.AnnotationConfigApplicationContext -
				Refreshing org.springframework.context.annotation.AnnotationConfigApplicationContext@6b1dc20f: startup date [Mon Dec 30 06:34:06 UTC 2019]; root of context hierarchy
2019-12-30 06:34:08 [main] INFO  d.f.e.process.runtime.ProcessControl -
				stopOrDestroyProcess: process hasn't exited 
2019-12-30 06:34:08 [Thread-6] INFO  o.s.b.a.mongo.embedded.EmbeddedMongo -
				note: noprealloc may hurt performance in many applications
2019-12-30 06:34:08 [Thread-6] INFO  o.s.b.a.mongo.embedded.EmbeddedMongo -
				2019-12-30T06:34:08.900+0000 I CONTROL  [initandlisten] MongoDB starting : pid=30405 port=36885 dbpath=/tmp/embedmongo-db-a59492f5-cf89-4cf6-b969-a54d8ce49f9f 64-bit host=ip-172-31-34-12
2019-12-30 06:34:08 [Thread-6] INFO  o.s.b.a.mongo.embedded.EmbeddedMongo -
				2019-12-30T06:34:08.903+0000 I CONTROL  [initandlisten] db version v3.2.2
2019-12-30 06:34:08 [Thread-6] INFO  o.s.b.a.mongo.embedded.EmbeddedMongo -
				2019-12-30T06:34:08.903+0000 I CONTROL  [initandlisten] git version: 6e71d0d568e134c029203593b00a0103e7cdf30b
2019-12-30 06:34:08 [Thread-6] INFO  o.s.b.a.mongo.embedded.EmbeddedMongo -
				2019-12-30T06:34:08.903+0000 I CONTROL  [initandlisten] allocator: tcmalloc
2019-12-30 06:34:08 [Thread-6] INFO  o.s.b.a.mongo.embedded.EmbeddedMongo -
				2019-12-30T06:34:08.903+0000 I CONTROL  [initandlisten] modules: none
2019-12-30 06:34:08 [Thread-6] INFO  o.s.b.a.mongo.embedded.EmbeddedMongo -
				2019-12-30T06:34:08.903+0000 I CONTROL  [initandlisten] build environment:
2019-12-30 06:34:08 [Thread-6] INFO  o.s.b.a.mongo.embedded.EmbeddedMongo -
				2019-12-30T06:34:08.903+0000 I CONTROL  [initandlisten]     distarch: x86_64
2019-12-30 06:34:08 [Thread-6] INFO  o.s.b.a.mongo.embedded.EmbeddedMongo -
				2019-12-30T06:34:08.903+0000 I CONTROL  [initandlisten]     target_arch: x86_64
2019-12-30 06:34:08 [Thread-6] INFO  o.s.b.a.mongo.embedded.EmbeddedMongo -
				2019-12-30T06:34:08.903+0000 I CONTROL  [initandlisten] options: { net: { bindIp: "127.0.0.1", http: { enabled: false }, port: 36885 }, security: { authorization: "disabled" }, storage: { dbPath: "/tmp/embedmongo-db-a59492f5-cf89-4cf6-b969-a54d8ce49f9f", journal: { enabled: false }, mmapv1: { preallocDataFiles: false, smallFiles: true }, syncPeriodSecs: 0.0 } }
2019-12-30 06:34:08 [Thread-6] INFO  o.s.b.a.mongo.embedded.EmbeddedMongo -
				2019-12-30T06:34:08.934+0000 I STORAGE  [initandlisten] wiredtiger_open config: create,cache_size=4G,session_max=20000,eviction=(threads_max=4),config_base=false,statistics=(fast),log=(enabled=true,archive=true,path=journal,compressor=snappy),file_manager=(close_idle_time=100000),checkpoint=(wait=0,log_size=2GB),statistics_log=(wait=0),,log=(enabled=false),
2019-12-30 06:34:08 [Thread-6] INFO  o.s.b.a.mongo.embedded.EmbeddedMongo -
				2019-12-30T06:34:08.989+0000 W STORAGE  [initandlisten] Detected configuration for non-active storage engine mmapv1 when current storage engine is wiredTiger
2019-12-30 06:34:08 [Thread-6] INFO  o.s.b.a.mongo.embedded.EmbeddedMongo -
				2019-12-30T06:34:08.990+0000 I FTDC     [initandlisten] Initializing full-time diagnostic data capture with directory '/tmp/embedmongo-db-a59492f5-cf89-4cf6-b969-a54d8ce49f9f/diagnostic.data'
2019-12-30 06:34:08 [Thread-6] INFO  o.s.b.a.mongo.embedded.EmbeddedMongo -
				2019-12-30T06:34:08.991+0000 I NETWORK  [HostnameCanonicalizationWorker] Starting hostname canonicalization worker
2019-12-30 06:34:09 [Thread-6] INFO  o.s.b.a.mongo.embedded.EmbeddedMongo -
				2019-12-30T06:34:09.008+0000 I NETWORK  [initandlisten] waiting for connections on port 36885
2019-12-30 06:34:09 [main] INFO  d.f.embed.process.runtime.Executable -
				start de.flapdoodle.embed.mongo.config.MongodConfigBuilder$ImmutableMongodConfig@204abeff
2019-12-30 06:34:10 [main] INFO  org.mongodb.driver.cluster -
				Cluster created with settings {hosts=[localhost:36885], mode=MULTIPLE, requiredClusterType=UNKNOWN, serverSelectionTimeout='30000 ms', maxWaitQueueSize=500}
2019-12-30 06:34:10 [main] INFO  org.mongodb.driver.cluster -
				Adding discovered server localhost:36885 to client view of cluster
2019-12-30 06:34:10 [Thread-6] INFO  o.s.b.a.mongo.embedded.EmbeddedMongo -
				2019-12-30T06:34:10.383+0000 I NETWORK  [initandlisten] connection accepted from 127.0.0.1:54966 #1 (1 connection now open)
2019-12-30 06:34:10 [cluster-ClusterId{value='5e099a622552fd766c223b86', description='null'}-localhost:36885] INFO  org.mongodb.driver.connection -
				Opened connection [connectionId{localValue:1, serverValue:1}] to localhost:36885
2019-12-30 06:34:10 [cluster-ClusterId{value='5e099a622552fd766c223b86', description='null'}-localhost:36885] INFO  org.mongodb.driver.cluster -
				Monitor thread successfully connected to server with description ServerDescription{address=localhost:36885, type=STANDALONE, state=CONNECTED, ok=true, version=ServerVersion{versionList=[3, 2, 2]}, minWireVersion=0, maxWireVersion=4, maxDocumentSize=16777216, logicalSessionTimeoutMinutes=null, roundTripTimeNanos=937249}
2019-12-30 06:34:10 [cluster-ClusterId{value='5e099a622552fd766c223b86', description='null'}-localhost:36885] INFO  org.mongodb.driver.cluster -
				Discovered cluster type of STANDALONE
2019-12-30 06:34:11 [Thread-6] INFO  o.s.b.a.mongo.embedded.EmbeddedMongo -
				2019-12-30T06:34:11.227+0000 I NETWORK  [initandlisten] connection accepted from 127.0.0.1:54976 #2 (2 connections now open)
2019-12-30 06:34:11 [main] INFO  org.mongodb.driver.connection -
				Opened connection [connectionId{localValue:2, serverValue:2}] to localhost:36885
2019-12-30 06:34:11 [main] INFO  o.s.w.c.s.GenericWebApplicationContext -
				Refreshing org.springframework.web.context.support.GenericWebApplicationContext@740dcae3: startup date [Mon Dec 30 06:34:11 UTC 2019]; root of context hierarchy
2019-12-30 06:34:14 [Thread-11] INFO  o.s.b.a.mongo.embedded.EmbeddedMongo -
				note: noprealloc may hurt performance in many applications
2019-12-30 06:34:14 [Thread-11] INFO  o.s.b.a.mongo.embedded.EmbeddedMongo -
				2019-12-30T06:34:14.386+0000 I CONTROL  [initandlisten] MongoDB starting : pid=30423 port=39351 dbpath=/tmp/embedmongo-db-001d4164-6a7f-45f8-9349-0ab9c2935b58 64-bit host=ip-172-31-34-12
2019-12-30 06:34:14 [Thread-11] INFO  o.s.b.a.mongo.embedded.EmbeddedMongo -
				2019-12-30T06:34:14.386+0000 I CONTROL  [initandlisten] db version v3.2.2
2019-12-30 06:34:14 [Thread-11] INFO  o.s.b.a.mongo.embedded.EmbeddedMongo -
				2019-12-30T06:34:14.386+0000 I CONTROL  [initandlisten] git version: 6e71d0d568e134c029203593b00a0103e7cdf30b
2019-12-30 06:34:14 [Thread-11] INFO  o.s.b.a.mongo.embedded.EmbeddedMongo -
				2019-12-30T06:34:14.386+0000 I CONTROL  [initandlisten] allocator: tcmalloc
2019-12-30 06:34:14 [Thread-11] INFO  o.s.b.a.mongo.embedded.EmbeddedMongo -
				2019-12-30T06:34:14.386+0000 I CONTROL  [initandlisten] modules: none
2019-12-30 06:34:14 [Thread-11] INFO  o.s.b.a.mongo.embedded.EmbeddedMongo -
				2019-12-30T06:34:14.386+0000 I CONTROL  [initandlisten] build environment:
2019-12-30 06:34:14 [Thread-11] INFO  o.s.b.a.mongo.embedded.EmbeddedMongo -
				2019-12-30T06:34:14.386+0000 I CONTROL  [initandlisten]     distarch: x86_64
2019-12-30 06:34:14 [Thread-11] INFO  o.s.b.a.mongo.embedded.EmbeddedMongo -
				2019-12-30T06:34:14.386+0000 I CONTROL  [initandlisten]     target_arch: x86_64
2019-12-30 06:34:14 [Thread-11] INFO  o.s.b.a.mongo.embedded.EmbeddedMongo -
				2019-12-30T06:34:14.386+0000 I CONTROL  [initandlisten] options: { net: { bindIp: "127.0.0.1", http: { enabled: false }, port: 39351 }, security: { authorization: "disabled" }, storage: { dbPath: "/tmp/embedmongo-db-001d4164-6a7f-45f8-9349-0ab9c2935b58", journal: { enabled: false }, mmapv1: { preallocDataFiles: false, smallFiles: true }, syncPeriodSecs: 0.0 } }
2019-12-30 06:34:14 [Thread-11] INFO  o.s.b.a.mongo.embedded.EmbeddedMongo -
				2019-12-30T06:34:14.411+0000 I STORAGE  [initandlisten] wiredtiger_open config: create,cache_size=4G,session_max=20000,eviction=(threads_max=4),config_base=false,statistics=(fast),log=(enabled=true,archive=true,path=journal,compressor=snappy),file_manager=(close_idle_time=100000),checkpoint=(wait=0,log_size=2GB),statistics_log=(wait=0),,log=(enabled=false),
2019-12-30 06:34:14 [Thread-11] INFO  o.s.b.a.mongo.embedded.EmbeddedMongo -
				2019-12-30T06:34:14.467+0000 W STORAGE  [initandlisten] Detected configuration for non-active storage engine mmapv1 when current storage engine is wiredTiger
2019-12-30 06:34:14 [Thread-11] INFO  o.s.b.a.mongo.embedded.EmbeddedMongo -
				2019-12-30T06:34:14.467+0000 I FTDC     [initandlisten] Initializing full-time diagnostic data capture with directory '/tmp/embedmongo-db-001d4164-6a7f-45f8-9349-0ab9c2935b58/diagnostic.data'
2019-12-30 06:34:14 [Thread-11] INFO  o.s.b.a.mongo.embedded.EmbeddedMongo -
				2019-12-30T06:34:14.468+0000 I NETWORK  [HostnameCanonicalizationWorker] Starting hostname canonicalization worker
2019-12-30 06:34:14 [Thread-11] INFO  o.s.b.a.mongo.embedded.EmbeddedMongo -
				2019-12-30T06:34:14.483+0000 I NETWORK  [initandlisten] waiting for connections on port 39351
2019-12-30 06:34:14 [main] INFO  d.f.embed.process.runtime.Executable -
				start de.flapdoodle.embed.mongo.config.MongodConfigBuilder$ImmutableMongodConfig@ce561cc
2019-12-30 06:34:14 [main] INFO  org.mongodb.driver.cluster -
				Cluster created with settings {hosts=[localhost:39351], mode=MULTIPLE, requiredClusterType=UNKNOWN, serverSelectionTimeout='30000 ms', maxWaitQueueSize=500}
2019-12-30 06:34:14 [main] INFO  org.mongodb.driver.cluster -
				Adding discovered server localhost:39351 to client view of cluster
2019-12-30 06:34:14 [Thread-11] INFO  o.s.b.a.mongo.embedded.EmbeddedMongo -
				2019-12-30T06:34:14.497+0000 I NETWORK  [initandlisten] connection accepted from 127.0.0.1:41660 #1 (1 connection now open)
2019-12-30 06:34:14 [cluster-ClusterId{value='5e099a662552fd766c223b87', description='null'}-localhost:39351] INFO  org.mongodb.driver.connection -
				Opened connection [connectionId{localValue:3, serverValue:1}] to localhost:39351
2019-12-30 06:34:14 [cluster-ClusterId{value='5e099a662552fd766c223b87', description='null'}-localhost:39351] INFO  org.mongodb.driver.cluster -
				Monitor thread successfully connected to server with description ServerDescription{address=localhost:39351, type=STANDALONE, state=CONNECTED, ok=true, version=ServerVersion{versionList=[3, 2, 2]}, minWireVersion=0, maxWireVersion=4, maxDocumentSize=16777216, logicalSessionTimeoutMinutes=null, roundTripTimeNanos=343912}
2019-12-30 06:34:14 [cluster-ClusterId{value='5e099a662552fd766c223b87', description='null'}-localhost:39351] INFO  org.mongodb.driver.cluster -
				Discovered cluster type of STANDALONE
2019-12-30 06:34:15 [main] INFO  o.s.w.s.m.m.a.RequestMappingHandlerMapping -
				Mapped "{[/api/v1/user/{id}],methods=[PUT]}" onto public org.springframework.http.ResponseEntity<?> com.stackroute.keepnote.controller.UserController.updateUser(com.stackroute.keepnote.model.User)
2019-12-30 06:34:15 [main] INFO  o.s.w.s.m.m.a.RequestMappingHandlerMapping -
				Mapped "{[/api/v1/user/{id}],methods=[DELETE]}" onto public org.springframework.http.ResponseEntity<?> com.stackroute.keepnote.controller.UserController.deleteUser(java.lang.String)
2019-12-30 06:34:15 [main] INFO  o.s.w.s.m.m.a.RequestMappingHandlerMapping -
				Mapped "{[/api/v1/user],methods=[POST]}" onto public org.springframework.http.ResponseEntity<com.stackroute.keepnote.model.User> com.stackroute.keepnote.controller.UserController.registerUser(com.stackroute.keepnote.model.User,javax.servlet.http.HttpSession)
2019-12-30 06:34:15 [main] INFO  o.s.w.s.m.m.a.RequestMappingHandlerMapping -
				Mapped "{[/api/v1/user/{id}],methods=[GET]}" onto public org.springframework.http.ResponseEntity<?> com.stackroute.keepnote.controller.UserController.findUser(java.lang.String)
2019-12-30 06:34:15 [main] INFO  o.s.w.s.m.m.a.RequestMappingHandlerMapping -
				Mapped "{[/swagger-resources/configuration/ui]}" onto public org.springframework.http.ResponseEntity<springfox.documentation.swagger.web.UiConfiguration> springfox.documentation.swagger.web.ApiResourceController.uiConfiguration()
2019-12-30 06:34:15 [main] INFO  o.s.w.s.m.m.a.RequestMappingHandlerMapping -
				Mapped "{[/swagger-resources]}" onto public org.springframework.http.ResponseEntity<java.util.List<springfox.documentation.swagger.web.SwaggerResource>> springfox.documentation.swagger.web.ApiResourceController.swaggerResources()
2019-12-30 06:34:15 [main] INFO  o.s.w.s.m.m.a.RequestMappingHandlerMapping -
				Mapped "{[/swagger-resources/configuration/security]}" onto public org.springframework.http.ResponseEntity<springfox.documentation.swagger.web.SecurityConfiguration> springfox.documentation.swagger.web.ApiResourceController.securityConfiguration()
2019-12-30 06:34:15 [main] INFO  o.s.w.s.m.m.a.RequestMappingHandlerMapping -
				Mapped "{[/error],produces=[text/html]}" onto public org.springframework.web.servlet.ModelAndView org.springframework.boot.autoconfigure.web.servlet.error.BasicErrorController.errorHtml(javax.servlet.http.HttpServletRequest,javax.servlet.http.HttpServletResponse)
2019-12-30 06:34:15 [main] INFO  o.s.w.s.m.m.a.RequestMappingHandlerMapping -
				Mapped "{[/error]}" onto public org.springframework.http.ResponseEntity<java.util.Map<java.lang.String, java.lang.Object>> org.springframework.boot.autoconfigure.web.servlet.error.BasicErrorController.error(javax.servlet.http.HttpServletRequest)
2019-12-30 06:34:15 [main] INFO  s.d.s.w.PropertySourcedRequestMappingHandlerMapping -
				Mapped URL path [/v2/api-docs] onto method [public org.springframework.http.ResponseEntity<springfox.documentation.spring.web.json.Json> springfox.documentation.swagger2.web.Swagger2Controller.getDocumentation(java.lang.String,javax.servlet.http.HttpServletRequest)]
2019-12-30 06:34:15 [main] INFO  o.s.w.s.h.SimpleUrlHandlerMapping -
				Mapped URL path [/**/favicon.ico] onto handler of type [class org.springframework.web.servlet.resource.ResourceHttpRequestHandler]
2019-12-30 06:34:15 [main] INFO  o.s.w.s.m.m.a.RequestMappingHandlerAdapter -
				Looking for @ControllerAdvice: org.springframework.web.context.support.GenericWebApplicationContext@740dcae3: startup date [Mon Dec 30 06:34:11 UTC 2019]; root of context hierarchy
2019-12-30 06:34:15 [main] INFO  o.s.w.s.h.SimpleUrlHandlerMapping -
				Mapped URL path [/webjars/**] onto handler of type [class org.springframework.web.servlet.resource.ResourceHttpRequestHandler]
2019-12-30 06:34:15 [main] INFO  o.s.w.s.h.SimpleUrlHandlerMapping -
				Mapped URL path [/**] onto handler of type [class org.springframework.web.servlet.resource.ResourceHttpRequestHandler]
2019-12-30 06:34:16 [main] INFO  o.s.c.s.DefaultLifecycleProcessor -
				Starting beans in phase 2147483647
2019-12-30 06:34:16 [main] INFO  s.d.s.w.p.DocumentationPluginsBootstrapper -
				Context refreshed
2019-12-30 06:34:16 [main] INFO  s.d.s.w.p.DocumentationPluginsBootstrapper -
				Found 1 custom documentation plugin(s)
2019-12-30 06:34:16 [main] INFO  s.d.s.w.s.ApiListingReferenceScanner -
				Scanning for api listing references
2019-12-30 06:34:16 [Thread-2] INFO  o.s.w.c.s.GenericWebApplicationContext -
				Closing org.springframework.web.context.support.GenericWebApplicationContext@1fa1cab1: startup date [Mon Dec 30 06:34:01 UTC 2019]; root of context hierarchy
2019-12-30 06:34:16 [Thread-8] INFO  o.s.c.a.AnnotationConfigApplicationContext -
				Closing org.springframework.context.annotation.AnnotationConfigApplicationContext@6b1dc20f: startup date [Mon Dec 30 06:34:06 UTC 2019]; root of context hierarchy
2019-12-30 06:34:16 [Thread-13] INFO  o.s.w.c.s.GenericWebApplicationContext -
				Closing org.springframework.web.context.support.GenericWebApplicationContext@740dcae3: startup date [Mon Dec 30 06:34:11 UTC 2019]; root of context hierarchy
2019-12-30 06:34:16 [Thread-6] INFO  o.s.b.a.mongo.embedded.EmbeddedMongo -
				2019-12-30T06:34:16.372+0000 I NETWORK  [initandlisten] connection accepted from 127.0.0.1:55020 #3 (3 connections now open)
2019-12-30 06:34:16 [Thread-11] INFO  o.s.b.a.mongo.embedded.EmbeddedMongo -
				2019-12-30T06:34:16.373+0000 I NETWORK  [initandlisten] connection accepted from 127.0.0.1:41680 #2 (2 connections now open)
2019-12-30 06:34:16 [Thread-6] INFO  o.s.b.a.mongo.embedded.EmbeddedMongo -
				2019-12-30T06:34:16.376+0000 I COMMAND  [conn3] terminating, shutdown command received
2019-12-30 06:34:16 [Thread-11] INFO  o.s.b.a.mongo.embedded.EmbeddedMongo -
				2019-12-30T06:34:16.376+0000 I COMMAND  [conn2] terminating, shutdown command received
2019-12-30 06:34:16 [Thread-6] INFO  o.s.b.a.mongo.embedded.EmbeddedMongo -
				2019-12-30T06:34:16.376+0000 I FTDC     [conn3] Shutting down full-time diagnostic data capture
2019-12-30 06:34:16 [Thread-11] INFO  o.s.b.a.mongo.embedded.EmbeddedMongo -
				2019-12-30T06:34:16.377+0000 I FTDC     [conn2] Shutting down full-time diagnostic data capture
2019-12-30 06:34:16 [Thread-11] INFO  o.s.b.a.mongo.embedded.EmbeddedMongo -
				2019-12-30T06:34:16.378+0000 I CONTROL  [conn2] now exiting
2019-12-30 06:34:16 [Thread-13] INFO  o.s.c.s.DefaultLifecycleProcessor -
				Stopping beans in phase 2147483647
2019-12-30 06:34:16 [Thread-6] INFO  o.s.b.a.mongo.embedded.EmbeddedMongo -
				2019-12-30T06:34:16.386+0000 I CONTROL  [conn3] now exiting
2019-12-30 06:34:16 [Thread-6] INFO  o.s.b.a.mongo.embedded.EmbeddedMongo -
				2019-12-30T06:34:16.386+0000 I NETWORK  [conn3] shutdown: going to close listening sockets...
2019-12-30 06:34:16 [Thread-6] INFO  o.s.b.a.mongo.embedded.EmbeddedMongo -
				2019-12-30T06:34:16.386+0000 I NETWORK  [conn3] closing listening socket: 5
2019-12-30 06:34:16 [Thread-6] INFO  o.s.b.a.mongo.embedded.EmbeddedMongo -
				2019-12-30T06:34:16.386+0000 I NETWORK  [conn3] closing listening socket: 6
2019-12-30 06:34:16 [Thread-6] INFO  o.s.b.a.mongo.embedded.EmbeddedMongo -
				2019-12-30T06:34:16.387+0000 I NETWORK  [conn3] removing socket file: /tmp/mongodb-36885.sock
2019-12-30 06:34:16 [Thread-6] INFO  o.s.b.a.mongo.embedded.EmbeddedMongo -
				2019-12-30T06:34:16.387+0000 I NETWORK  [conn3] shutdown: going to flush diaglog...
2019-12-30 06:34:16 [Thread-11] INFO  o.s.b.a.mongo.embedded.EmbeddedMongo -
				2019-12-30T06:34:16.387+0000 I NETWORK  [conn2] shutdown: going to close listening sockets...
2019-12-30 06:34:16 [Thread-11] INFO  o.s.b.a.mongo.embedded.EmbeddedMongo -
				2019-12-30T06:34:16.387+0000 I NETWORK  [conn2] closing listening socket: 5
2019-12-30 06:34:16 [Thread-6] INFO  o.s.b.a.mongo.embedded.EmbeddedMongo -
				2019-12-30T06:34:16.387+0000 I NETWORK  [conn3] shutdown: going to close sockets...
2019-12-30 06:34:16 [Thread-8] INFO  org.mongodb.driver.connection -
				Closed connection [connectionId{localValue:2, serverValue:2}] to localhost:36885 because the pool has been closed.
2019-12-30 06:34:16 [Thread-11] INFO  o.s.b.a.mongo.embedded.EmbeddedMongo -
				2019-12-30T06:34:16.387+0000 I NETWORK  [conn2] closing listening socket: 6
2019-12-30 06:34:16 [Thread-6] INFO  o.s.b.a.mongo.embedded.EmbeddedMongo -
				2019-12-30T06:34:16.387+0000 I STORAGE  [conn3] WiredTigerKVEngine shutting down
2019-12-30 06:34:16 [Thread-11] INFO  o.s.b.a.mongo.embedded.EmbeddedMongo -
				2019-12-30T06:34:16.388+0000 I NETWORK  [conn2] removing socket file: /tmp/mongodb-39351.sock
2019-12-30 06:34:16 [Thread-11] INFO  o.s.b.a.mongo.embedded.EmbeddedMongo -
				2019-12-30T06:34:16.388+0000 I NETWORK  [conn2] shutdown: going to flush diaglog...
2019-12-30 06:34:16 [Thread-11] INFO  o.s.b.a.mongo.embedded.EmbeddedMongo -
				2019-12-30T06:34:16.388+0000 I NETWORK  [conn2] shutdown: going to close sockets...
2019-12-30 06:34:16 [Thread-11] INFO  o.s.b.a.mongo.embedded.EmbeddedMongo -
				2019-12-30T06:34:16.388+0000 I STORAGE  [conn2] WiredTigerKVEngine shutting down
2019-12-30 06:34:16 [Thread-11] INFO  o.s.b.a.mongo.embedded.EmbeddedMongo -
				2019-12-30T06:34:16.398+0000 I NETWORK  [conn1] end connection 127.0.0.1:41660 (1 connection now open)
2019-12-30 06:34:16 [Thread-11] INFO  o.s.b.a.mongo.embedded.EmbeddedMongo -
				2019-12-30T06:34:16.407+0000 I STORAGE  [conn2] shutdown: removing fs lock...
2019-12-30 06:34:16 [Thread-11] INFO  o.s.b.a.mongo.embedded.EmbeddedMongo -
				2019-12-30T06:34:16.407+0000 I CONTROL  [conn2] dbexit:  rc: 0
2019-12-30 06:34:16 [Thread-6] INFO  o.s.b.a.mongo.embedded.EmbeddedMongo -
				2019-12-30T06:34:16.409+0000 I NETWORK  [conn2] end connection 127.0.0.1:54976 (2 connections now open)
2019-12-30 06:34:16 [Thread-6] INFO  o.s.b.a.mongo.embedded.EmbeddedMongo -
				2019-12-30T06:34:16.410+0000 I NETWORK  [conn1] end connection 127.0.0.1:54966 (1 connection now open)
2019-12-30 06:34:16 [Thread-6] INFO  o.s.b.a.mongo.embedded.EmbeddedMongo -
				2019-12-30T06:34:16.411+0000 I STORAGE  [conn3] shutdown: removing fs lock...
2019-12-30 06:34:16 [Thread-6] INFO  o.s.b.a.mongo.embedded.EmbeddedMongo -
				2019-12-30T06:34:16.411+0000 I CONTROL  [conn3] dbexit:  rc: 0
