2019-12-30 05:39:14 [main] INFO  o.s.b.t.a.w.s.WebMvcTestContextBootstrapper -
				Neither @ContextConfiguration nor @ContextHierarchy found for test class [com.stackroute.keepnote.test.controller.CategoryControllerTest], using SpringBootContextLoader
2019-12-30 05:39:14 [main] INFO  o.s.t.c.s.AbstractContextLoader -
				Could not detect default resource locations for test class [com.stackroute.keepnote.test.controller.CategoryControllerTest]: no resource found for suffixes {-context.xml, Context.groovy}.
2019-12-30 05:39:14 [main] INFO  o.s.t.c.s.AnnotationConfigContextLoaderUtils -
				Could not detect default configuration classes for test class [com.stackroute.keepnote.test.controller.CategoryControllerTest]: CategoryControllerTest does not declare any static, non-private, non-final, nested classes annotated with @Configuration.
2019-12-30 05:39:15 [main] INFO  o.s.b.t.c.SpringBootTestContextBootstrapper -
				Found @SpringBootConfiguration com.stackroute.keepnote.CategoryServiceApplication for test class com.stackroute.keepnote.test.controller.CategoryControllerTest
2019-12-30 05:39:15 [main] INFO  o.s.b.t.a.w.s.WebMvcTestContextBootstrapper -
				Loaded default TestExecutionListener class names from location [META-INF/spring.factories]: [org.springframework.boot.test.mock.mockito.MockitoTestExecutionListener, org.springframework.boot.test.mock.mockito.ResetMocksTestExecutionListener, org.springframework.boot.test.autoconfigure.restdocs.RestDocsTestExecutionListener, org.springframework.boot.test.autoconfigure.web.client.MockRestServiceServerResetTestExecutionListener, org.springframework.boot.test.autoconfigure.web.servlet.MockMvcPrintOnlyOnFailureTestExecutionListener, org.springframework.boot.test.autoconfigure.web.servlet.WebDriverTestExecutionListener, org.springframework.test.context.web.ServletTestExecutionListener, org.springframework.test.context.support.DirtiesContextBeforeModesTestExecutionListener, org.springframework.test.context.support.DependencyInjectionTestExecutionListener, org.springframework.test.context.support.DirtiesContextTestExecutionListener, org.springframework.test.context.transaction.TransactionalTestExecutionListener, org.springframework.test.context.jdbc.SqlScriptsTestExecutionListener]
2019-12-30 05:39:15 [main] INFO  o.s.b.t.a.w.s.WebMvcTestContextBootstrapper -
				Using TestExecutionListeners: [org.springframework.test.context.web.ServletTestExecutionListener@130d63be, org.springframework.test.context.support.DirtiesContextBeforeModesTestExecutionListener@42a48628, org.springframework.boot.test.mock.mockito.MockitoTestExecutionListener@293a5bf6, org.springframework.boot.test.autoconfigure.SpringBootDependencyInjectionTestExecutionListener@6aeb35e6, org.springframework.test.context.support.DirtiesContextTestExecutionListener@1283bb96, org.springframework.test.context.transaction.TransactionalTestExecutionListener@74f0ea28, org.springframework.test.context.jdbc.SqlScriptsTestExecutionListener@f6efaab, org.springframework.boot.test.mock.mockito.ResetMocksTestExecutionListener@3c19aaa5, org.springframework.boot.test.autoconfigure.restdocs.RestDocsTestExecutionListener@3349e9bb, org.springframework.boot.test.autoconfigure.web.client.MockRestServiceServerResetTestExecutionListener@409bf450, org.springframework.boot.test.autoconfigure.web.servlet.MockMvcPrintOnlyOnFailureTestExecutionListener@38d8f54a, org.springframework.boot.test.autoconfigure.web.servlet.WebDriverTestExecutionListener@49e53c76]
2019-12-30 05:39:15 [main] INFO  o.s.b.t.c.SpringBootTestContextBootstrapper -
				Neither @ContextConfiguration nor @ContextHierarchy found for test class [com.stackroute.keepnote.test.log.LoggerTest], using SpringBootContextLoader
2019-12-30 05:39:15 [main] INFO  o.s.t.c.s.AbstractContextLoader -
				Could not detect default resource locations for test class [com.stackroute.keepnote.test.log.LoggerTest]: no resource found for suffixes {-context.xml, Context.groovy}.
2019-12-30 05:39:15 [main] INFO  o.s.t.c.s.AnnotationConfigContextLoaderUtils -
				Could not detect default configuration classes for test class [com.stackroute.keepnote.test.log.LoggerTest]: LoggerTest does not declare any static, non-private, non-final, nested classes annotated with @Configuration.
2019-12-30 05:39:15 [main] INFO  o.s.b.t.c.SpringBootTestContextBootstrapper -
				Found @SpringBootConfiguration com.stackroute.keepnote.CategoryServiceApplication for test class com.stackroute.keepnote.test.log.LoggerTest
2019-12-30 05:39:15 [main] INFO  o.s.b.t.c.SpringBootTestContextBootstrapper -
				Loaded default TestExecutionListener class names from location [META-INF/spring.factories]: [org.springframework.boot.test.mock.mockito.MockitoTestExecutionListener, org.springframework.boot.test.mock.mockito.ResetMocksTestExecutionListener, org.springframework.boot.test.autoconfigure.restdocs.RestDocsTestExecutionListener, org.springframework.boot.test.autoconfigure.web.client.MockRestServiceServerResetTestExecutionListener, org.springframework.boot.test.autoconfigure.web.servlet.MockMvcPrintOnlyOnFailureTestExecutionListener, org.springframework.boot.test.autoconfigure.web.servlet.WebDriverTestExecutionListener, org.springframework.test.context.web.ServletTestExecutionListener, org.springframework.test.context.support.DirtiesContextBeforeModesTestExecutionListener, org.springframework.test.context.support.DependencyInjectionTestExecutionListener, org.springframework.test.context.support.DirtiesContextTestExecutionListener, org.springframework.test.context.transaction.TransactionalTestExecutionListener, org.springframework.test.context.jdbc.SqlScriptsTestExecutionListener]
2019-12-30 05:39:15 [main] INFO  o.s.b.t.c.SpringBootTestContextBootstrapper -
				Using TestExecutionListeners: [org.springframework.test.context.web.ServletTestExecutionListener@28f3b248, org.springframework.test.context.support.DirtiesContextBeforeModesTestExecutionListener@1b1426f4, org.springframework.boot.test.mock.mockito.MockitoTestExecutionListener@32b260fa, org.springframework.boot.test.autoconfigure.SpringBootDependencyInjectionTestExecutionListener@581ac8a8, org.springframework.test.context.support.DirtiesContextTestExecutionListener@6d4e5011, org.springframework.test.context.transaction.TransactionalTestExecutionListener@57d7f8ca, org.springframework.test.context.jdbc.SqlScriptsTestExecutionListener@76c3e77a, org.springframework.boot.test.mock.mockito.ResetMocksTestExecutionListener@78123e82, org.springframework.boot.test.autoconfigure.restdocs.RestDocsTestExecutionListener@67c33749, org.springframework.boot.test.autoconfigure.web.client.MockRestServiceServerResetTestExecutionListener@fba92d3, org.springframework.boot.test.autoconfigure.web.servlet.MockMvcPrintOnlyOnFailureTestExecutionListener@662b4c69, org.springframework.boot.test.autoconfigure.web.servlet.WebDriverTestExecutionListener@fa49800]
2019-12-30 05:39:15 [main] INFO  o.s.b.t.c.SpringBootTestContextBootstrapper -
				Neither @ContextConfiguration nor @ContextHierarchy found for test class [com.stackroute.keepnote.test.repository.CategoryRepositoryTest], using SpringBootContextLoader
2019-12-30 05:39:15 [main] INFO  o.s.t.c.s.AbstractContextLoader -
				Could not detect default resource locations for test class [com.stackroute.keepnote.test.repository.CategoryRepositoryTest]: no resource found for suffixes {-context.xml, Context.groovy}.
2019-12-30 05:39:15 [main] INFO  o.s.t.c.s.AnnotationConfigContextLoaderUtils -
				Could not detect default configuration classes for test class [com.stackroute.keepnote.test.repository.CategoryRepositoryTest]: CategoryRepositoryTest does not declare any static, non-private, non-final, nested classes annotated with @Configuration.
2019-12-30 05:39:15 [main] INFO  o.s.b.t.c.SpringBootTestContextBootstrapper -
				Found @SpringBootConfiguration com.stackroute.keepnote.CategoryServiceApplication for test class com.stackroute.keepnote.test.repository.CategoryRepositoryTest
2019-12-30 05:39:15 [main] INFO  o.s.b.t.c.SpringBootTestContextBootstrapper -
				Loaded default TestExecutionListener class names from location [META-INF/spring.factories]: [org.springframework.boot.test.mock.mockito.MockitoTestExecutionListener, org.springframework.boot.test.mock.mockito.ResetMocksTestExecutionListener, org.springframework.boot.test.autoconfigure.restdocs.RestDocsTestExecutionListener, org.springframework.boot.test.autoconfigure.web.client.MockRestServiceServerResetTestExecutionListener, org.springframework.boot.test.autoconfigure.web.servlet.MockMvcPrintOnlyOnFailureTestExecutionListener, org.springframework.boot.test.autoconfigure.web.servlet.WebDriverTestExecutionListener, org.springframework.test.context.web.ServletTestExecutionListener, org.springframework.test.context.support.DirtiesContextBeforeModesTestExecutionListener, org.springframework.test.context.support.DependencyInjectionTestExecutionListener, org.springframework.test.context.support.DirtiesContextTestExecutionListener, org.springframework.test.context.transaction.TransactionalTestExecutionListener, org.springframework.test.context.jdbc.SqlScriptsTestExecutionListener]
2019-12-30 05:39:15 [main] INFO  o.s.b.t.c.SpringBootTestContextBootstrapper -
				Using TestExecutionListeners: [org.springframework.test.context.web.ServletTestExecutionListener@2b91004a, org.springframework.test.context.support.DirtiesContextBeforeModesTestExecutionListener@20ccf40b, org.springframework.boot.test.mock.mockito.MockitoTestExecutionListener@2fb3536e, org.springframework.boot.test.autoconfigure.SpringBootDependencyInjectionTestExecutionListener@169e6180, org.springframework.test.context.support.DirtiesContextTestExecutionListener@35aea049, org.springframework.test.context.transaction.TransactionalTestExecutionListener@7205765b, org.springframework.test.context.jdbc.SqlScriptsTestExecutionListener@47987356, org.springframework.boot.test.mock.mockito.ResetMocksTestExecutionListener@22ef9844, org.springframework.boot.test.autoconfigure.restdocs.RestDocsTestExecutionListener@6283d8b8, org.springframework.boot.test.autoconfigure.web.client.MockRestServiceServerResetTestExecutionListener@3b6ddd1d, org.springframework.boot.test.autoconfigure.web.servlet.MockMvcPrintOnlyOnFailureTestExecutionListener@3f6b0be5, org.springframework.boot.test.autoconfigure.web.servlet.WebDriverTestExecutionListener@611889f4]
2019-12-30 05:39:16 [main] INFO  o.s.w.c.s.GenericWebApplicationContext -
				Refreshing org.springframework.web.context.support.GenericWebApplicationContext@7ef2d7a6: startup date [Mon Dec 30 05:39:16 UTC 2019]; root of context hierarchy
2019-12-30 05:39:18 [main] INFO  o.s.w.s.h.SimpleUrlHandlerMapping -
				Mapped URL path [/**/favicon.ico] onto handler of type [class org.springframework.web.servlet.resource.ResourceHttpRequestHandler]
2019-12-30 05:39:18 [main] INFO  o.s.w.s.m.m.a.RequestMappingHandlerAdapter -
				Looking for @ControllerAdvice: org.springframework.web.context.support.GenericWebApplicationContext@7ef2d7a6: startup date [Mon Dec 30 05:39:16 UTC 2019]; root of context hierarchy
2019-12-30 05:39:18 [main] INFO  o.s.w.s.m.m.a.RequestMappingHandlerMapping -
				Mapped "{[/api/v1/category],methods=[POST]}" onto public org.springframework.http.ResponseEntity<?> com.stackroute.keepnote.controller.CategoryController.createCategory(com.stackroute.keepnote.model.Category)
2019-12-30 05:39:18 [main] INFO  o.s.w.s.m.m.a.RequestMappingHandlerMapping -
				Mapped "{[/api/v1/category/{id}],methods=[DELETE]}" onto public org.springframework.http.ResponseEntity<?> com.stackroute.keepnote.controller.CategoryController.deleteCategory(java.lang.String)
2019-12-30 05:39:18 [main] INFO  o.s.w.s.m.m.a.RequestMappingHandlerMapping -
				Mapped "{[/api/v1/category/{id}],methods=[PUT]}" onto public org.springframework.http.ResponseEntity<?> com.stackroute.keepnote.controller.CategoryController.updateCategory(com.stackroute.keepnote.model.Category,java.lang.String)
2019-12-30 05:39:18 [main] INFO  o.s.w.s.m.m.a.RequestMappingHandlerMapping -
				Mapped "{[/api/v1/category/{id}],methods=[GET]}" onto public org.springframework.http.ResponseEntity<?> com.stackroute.keepnote.controller.CategoryController.getCategoryById(java.lang.String)
2019-12-30 05:39:18 [main] INFO  o.s.w.s.m.m.a.RequestMappingHandlerMapping -
				Mapped "{[/api/v1/category],methods=[GET]}" onto public org.springframework.http.ResponseEntity<?> com.stackroute.keepnote.controller.CategoryController.getCategory(java.lang.String)
2019-12-30 05:39:18 [main] INFO  o.s.w.s.m.m.a.RequestMappingHandlerMapping -
				Mapped "{[/error],produces=[text/html]}" onto public org.springframework.web.servlet.ModelAndView org.springframework.boot.autoconfigure.web.servlet.error.BasicErrorController.errorHtml(javax.servlet.http.HttpServletRequest,javax.servlet.http.HttpServletResponse)
2019-12-30 05:39:18 [main] INFO  o.s.w.s.m.m.a.RequestMappingHandlerMapping -
				Mapped "{[/error]}" onto public org.springframework.http.ResponseEntity<java.util.Map<java.lang.String, java.lang.Object>> org.springframework.boot.autoconfigure.web.servlet.error.BasicErrorController.error(javax.servlet.http.HttpServletRequest)
2019-12-30 05:39:18 [main] INFO  o.s.w.s.h.SimpleUrlHandlerMapping -
				Mapped URL path [/webjars/**] onto handler of type [class org.springframework.web.servlet.resource.ResourceHttpRequestHandler]
2019-12-30 05:39:18 [main] INFO  o.s.w.s.h.SimpleUrlHandlerMapping -
				Mapped URL path [/**] onto handler of type [class org.springframework.web.servlet.resource.ResourceHttpRequestHandler]
2019-12-30 05:39:18 [main] INFO  o.s.b.t.m.w.SpringBootMockServletContext -
				Initializing Spring FrameworkServlet ''
2019-12-30 05:39:18 [main] INFO  o.s.t.w.s.TestDispatcherServlet -
				FrameworkServlet '': initialization started
2019-12-30 05:39:18 [main] INFO  o.s.t.w.s.TestDispatcherServlet -
				FrameworkServlet '': initialization completed in 12 ms
2019-12-30 05:39:18 [main] INFO  o.s.w.s.m.m.a.RequestMappingHandlerMapping -
				Mapped "{[/api/v1/category],methods=[POST]}" onto public org.springframework.http.ResponseEntity<?> com.stackroute.keepnote.controller.CategoryController.createCategory(com.stackroute.keepnote.model.Category)
2019-12-30 05:39:18 [main] INFO  o.s.w.s.m.m.a.RequestMappingHandlerMapping -
				Mapped "{[/api/v1/category/{id}],methods=[DELETE]}" onto public org.springframework.http.ResponseEntity<?> com.stackroute.keepnote.controller.CategoryController.deleteCategory(java.lang.String)
2019-12-30 05:39:18 [main] INFO  o.s.w.s.m.m.a.RequestMappingHandlerMapping -
				Mapped "{[/api/v1/category/{id}],methods=[PUT]}" onto public org.springframework.http.ResponseEntity<?> com.stackroute.keepnote.controller.CategoryController.updateCategory(com.stackroute.keepnote.model.Category,java.lang.String)
2019-12-30 05:39:18 [main] INFO  o.s.w.s.m.m.a.RequestMappingHandlerMapping -
				Mapped "{[/api/v1/category/{id}],methods=[GET]}" onto public org.springframework.http.ResponseEntity<?> com.stackroute.keepnote.controller.CategoryController.getCategoryById(java.lang.String)
2019-12-30 05:39:18 [main] INFO  o.s.w.s.m.m.a.RequestMappingHandlerMapping -
				Mapped "{[/api/v1/category],methods=[GET]}" onto public org.springframework.http.ResponseEntity<?> com.stackroute.keepnote.controller.CategoryController.getCategory(java.lang.String)
2019-12-30 05:39:18 [main] INFO  o.s.w.s.m.m.a.RequestMappingHandlerAdapter -
				Looking for @ControllerAdvice: org.springframework.test.web.servlet.setup.StubWebApplicationContext@295bf2a
2019-12-30 05:39:18 [main] INFO  o.s.mock.web.MockServletContext -
				Initializing Spring FrameworkServlet ''
2019-12-30 05:39:18 [main] INFO  o.s.t.w.s.TestDispatcherServlet -
				FrameworkServlet '': initialization started
2019-12-30 05:39:18 [main] INFO  o.s.t.w.s.TestDispatcherServlet -
				FrameworkServlet '': initialization completed in 0 ms
2019-12-30 05:39:19 [main] INFO  o.s.w.s.m.m.a.RequestMappingHandlerMapping -
				Mapped "{[/api/v1/category],methods=[POST]}" onto public org.springframework.http.ResponseEntity<?> com.stackroute.keepnote.controller.CategoryController.createCategory(com.stackroute.keepnote.model.Category)
2019-12-30 05:39:19 [main] INFO  o.s.w.s.m.m.a.RequestMappingHandlerMapping -
				Mapped "{[/api/v1/category/{id}],methods=[DELETE]}" onto public org.springframework.http.ResponseEntity<?> com.stackroute.keepnote.controller.CategoryController.deleteCategory(java.lang.String)
2019-12-30 05:39:19 [main] INFO  o.s.w.s.m.m.a.RequestMappingHandlerMapping -
				Mapped "{[/api/v1/category/{id}],methods=[PUT]}" onto public org.springframework.http.ResponseEntity<?> com.stackroute.keepnote.controller.CategoryController.updateCategory(com.stackroute.keepnote.model.Category,java.lang.String)
2019-12-30 05:39:19 [main] INFO  o.s.w.s.m.m.a.RequestMappingHandlerMapping -
				Mapped "{[/api/v1/category/{id}],methods=[GET]}" onto public org.springframework.http.ResponseEntity<?> com.stackroute.keepnote.controller.CategoryController.getCategoryById(java.lang.String)
2019-12-30 05:39:19 [main] INFO  o.s.w.s.m.m.a.RequestMappingHandlerMapping -
				Mapped "{[/api/v1/category],methods=[GET]}" onto public org.springframework.http.ResponseEntity<?> com.stackroute.keepnote.controller.CategoryController.getCategory(java.lang.String)
2019-12-30 05:39:19 [main] INFO  o.s.w.s.m.m.a.RequestMappingHandlerAdapter -
				Looking for @ControllerAdvice: org.springframework.test.web.servlet.setup.StubWebApplicationContext@71a06021
2019-12-30 05:39:19 [main] INFO  o.s.mock.web.MockServletContext -
				Initializing Spring FrameworkServlet ''
2019-12-30 05:39:19 [main] INFO  o.s.t.w.s.TestDispatcherServlet -
				FrameworkServlet '': initialization started
2019-12-30 05:39:19 [main] INFO  o.s.t.w.s.TestDispatcherServlet -
				FrameworkServlet '': initialization completed in 0 ms
2019-12-30 05:39:19 [main] INFO  o.s.w.s.m.m.a.RequestMappingHandlerMapping -
				Mapped "{[/api/v1/category],methods=[POST]}" onto public org.springframework.http.ResponseEntity<?> com.stackroute.keepnote.controller.CategoryController.createCategory(com.stackroute.keepnote.model.Category)
2019-12-30 05:39:19 [main] INFO  o.s.w.s.m.m.a.RequestMappingHandlerMapping -
				Mapped "{[/api/v1/category/{id}],methods=[DELETE]}" onto public org.springframework.http.ResponseEntity<?> com.stackroute.keepnote.controller.CategoryController.deleteCategory(java.lang.String)
2019-12-30 05:39:19 [main] INFO  o.s.w.s.m.m.a.RequestMappingHandlerMapping -
				Mapped "{[/api/v1/category/{id}],methods=[PUT]}" onto public org.springframework.http.ResponseEntity<?> com.stackroute.keepnote.controller.CategoryController.updateCategory(com.stackroute.keepnote.model.Category,java.lang.String)
2019-12-30 05:39:19 [main] INFO  o.s.w.s.m.m.a.RequestMappingHandlerMapping -
				Mapped "{[/api/v1/category/{id}],methods=[GET]}" onto public org.springframework.http.ResponseEntity<?> com.stackroute.keepnote.controller.CategoryController.getCategoryById(java.lang.String)
2019-12-30 05:39:19 [main] INFO  o.s.w.s.m.m.a.RequestMappingHandlerMapping -
				Mapped "{[/api/v1/category],methods=[GET]}" onto public org.springframework.http.ResponseEntity<?> com.stackroute.keepnote.controller.CategoryController.getCategory(java.lang.String)
2019-12-30 05:39:19 [main] INFO  o.s.w.s.m.m.a.RequestMappingHandlerAdapter -
				Looking for @ControllerAdvice: org.springframework.test.web.servlet.setup.StubWebApplicationContext@119aa36
2019-12-30 05:39:19 [main] INFO  o.s.mock.web.MockServletContext -
				Initializing Spring FrameworkServlet ''
2019-12-30 05:39:19 [main] INFO  o.s.t.w.s.TestDispatcherServlet -
				FrameworkServlet '': initialization started
2019-12-30 05:39:19 [main] INFO  o.s.t.w.s.TestDispatcherServlet -
				FrameworkServlet '': initialization completed in 0 ms
2019-12-30 05:39:19 [main] INFO  o.s.w.s.m.m.a.RequestMappingHandlerMapping -
				Mapped "{[/api/v1/category],methods=[POST]}" onto public org.springframework.http.ResponseEntity<?> com.stackroute.keepnote.controller.CategoryController.createCategory(com.stackroute.keepnote.model.Category)
2019-12-30 05:39:19 [main] INFO  o.s.w.s.m.m.a.RequestMappingHandlerMapping -
				Mapped "{[/api/v1/category/{id}],methods=[DELETE]}" onto public org.springframework.http.ResponseEntity<?> com.stackroute.keepnote.controller.CategoryController.deleteCategory(java.lang.String)
2019-12-30 05:39:19 [main] INFO  o.s.w.s.m.m.a.RequestMappingHandlerMapping -
				Mapped "{[/api/v1/category/{id}],methods=[PUT]}" onto public org.springframework.http.ResponseEntity<?> com.stackroute.keepnote.controller.CategoryController.updateCategory(com.stackroute.keepnote.model.Category,java.lang.String)
2019-12-30 05:39:19 [main] INFO  o.s.w.s.m.m.a.RequestMappingHandlerMapping -
				Mapped "{[/api/v1/category/{id}],methods=[GET]}" onto public org.springframework.http.ResponseEntity<?> com.stackroute.keepnote.controller.CategoryController.getCategoryById(java.lang.String)
2019-12-30 05:39:19 [main] INFO  o.s.w.s.m.m.a.RequestMappingHandlerMapping -
				Mapped "{[/api/v1/category],methods=[GET]}" onto public org.springframework.http.ResponseEntity<?> com.stackroute.keepnote.controller.CategoryController.getCategory(java.lang.String)
2019-12-30 05:39:19 [main] INFO  o.s.w.s.m.m.a.RequestMappingHandlerAdapter -
				Looking for @ControllerAdvice: org.springframework.test.web.servlet.setup.StubWebApplicationContext@39a87e72
2019-12-30 05:39:19 [main] INFO  o.s.mock.web.MockServletContext -
				Initializing Spring FrameworkServlet ''
2019-12-30 05:39:19 [main] INFO  o.s.t.w.s.TestDispatcherServlet -
				FrameworkServlet '': initialization started
2019-12-30 05:39:19 [main] INFO  o.s.t.w.s.TestDispatcherServlet -
				FrameworkServlet '': initialization completed in 0 ms
2019-12-30 05:39:19 [main] INFO  o.s.w.s.m.m.a.RequestMappingHandlerMapping -
				Mapped "{[/api/v1/category],methods=[POST]}" onto public org.springframework.http.ResponseEntity<?> com.stackroute.keepnote.controller.CategoryController.createCategory(com.stackroute.keepnote.model.Category)
2019-12-30 05:39:19 [main] INFO  o.s.w.s.m.m.a.RequestMappingHandlerMapping -
				Mapped "{[/api/v1/category/{id}],methods=[DELETE]}" onto public org.springframework.http.ResponseEntity<?> com.stackroute.keepnote.controller.CategoryController.deleteCategory(java.lang.String)
2019-12-30 05:39:19 [main] INFO  o.s.w.s.m.m.a.RequestMappingHandlerMapping -
				Mapped "{[/api/v1/category/{id}],methods=[PUT]}" onto public org.springframework.http.ResponseEntity<?> com.stackroute.keepnote.controller.CategoryController.updateCategory(com.stackroute.keepnote.model.Category,java.lang.String)
2019-12-30 05:39:19 [main] INFO  o.s.w.s.m.m.a.RequestMappingHandlerMapping -
				Mapped "{[/api/v1/category/{id}],methods=[GET]}" onto public org.springframework.http.ResponseEntity<?> com.stackroute.keepnote.controller.CategoryController.getCategoryById(java.lang.String)
2019-12-30 05:39:19 [main] INFO  o.s.w.s.m.m.a.RequestMappingHandlerMapping -
				Mapped "{[/api/v1/category],methods=[GET]}" onto public org.springframework.http.ResponseEntity<?> com.stackroute.keepnote.controller.CategoryController.getCategory(java.lang.String)
2019-12-30 05:39:19 [main] INFO  o.s.w.s.m.m.a.RequestMappingHandlerAdapter -
				Looking for @ControllerAdvice: org.springframework.test.web.servlet.setup.StubWebApplicationContext@44cffc25
2019-12-30 05:39:19 [main] INFO  o.s.mock.web.MockServletContext -
				Initializing Spring FrameworkServlet ''
2019-12-30 05:39:19 [main] INFO  o.s.t.w.s.TestDispatcherServlet -
				FrameworkServlet '': initialization started
2019-12-30 05:39:19 [main] INFO  o.s.t.w.s.TestDispatcherServlet -
				FrameworkServlet '': initialization completed in 0 ms
2019-12-30 05:39:19 [main] INFO  o.s.w.s.m.m.a.RequestMappingHandlerMapping -
				Mapped "{[/api/v1/category],methods=[POST]}" onto public org.springframework.http.ResponseEntity<?> com.stackroute.keepnote.controller.CategoryController.createCategory(com.stackroute.keepnote.model.Category)
2019-12-30 05:39:19 [main] INFO  o.s.w.s.m.m.a.RequestMappingHandlerMapping -
				Mapped "{[/api/v1/category/{id}],methods=[DELETE]}" onto public org.springframework.http.ResponseEntity<?> com.stackroute.keepnote.controller.CategoryController.deleteCategory(java.lang.String)
2019-12-30 05:39:19 [main] INFO  o.s.w.s.m.m.a.RequestMappingHandlerMapping -
				Mapped "{[/api/v1/category/{id}],methods=[PUT]}" onto public org.springframework.http.ResponseEntity<?> com.stackroute.keepnote.controller.CategoryController.updateCategory(com.stackroute.keepnote.model.Category,java.lang.String)
2019-12-30 05:39:19 [main] INFO  o.s.w.s.m.m.a.RequestMappingHandlerMapping -
				Mapped "{[/api/v1/category/{id}],methods=[GET]}" onto public org.springframework.http.ResponseEntity<?> com.stackroute.keepnote.controller.CategoryController.getCategoryById(java.lang.String)
2019-12-30 05:39:19 [main] INFO  o.s.w.s.m.m.a.RequestMappingHandlerMapping -
				Mapped "{[/api/v1/category],methods=[GET]}" onto public org.springframework.http.ResponseEntity<?> com.stackroute.keepnote.controller.CategoryController.getCategory(java.lang.String)
2019-12-30 05:39:19 [main] INFO  o.s.w.s.m.m.a.RequestMappingHandlerAdapter -
				Looking for @ControllerAdvice: org.springframework.test.web.servlet.setup.StubWebApplicationContext@5a1c3cb4
2019-12-30 05:39:19 [main] INFO  o.s.mock.web.MockServletContext -
				Initializing Spring FrameworkServlet ''
2019-12-30 05:39:19 [main] INFO  o.s.t.w.s.TestDispatcherServlet -
				FrameworkServlet '': initialization started
2019-12-30 05:39:19 [main] INFO  o.s.t.w.s.TestDispatcherServlet -
				FrameworkServlet '': initialization completed in 0 ms
2019-12-30 05:39:19 [main] INFO  o.s.w.s.m.m.a.RequestMappingHandlerMapping -
				Mapped "{[/api/v1/category],methods=[POST]}" onto public org.springframework.http.ResponseEntity<?> com.stackroute.keepnote.controller.CategoryController.createCategory(com.stackroute.keepnote.model.Category)
2019-12-30 05:39:19 [main] INFO  o.s.w.s.m.m.a.RequestMappingHandlerMapping -
				Mapped "{[/api/v1/category/{id}],methods=[DELETE]}" onto public org.springframework.http.ResponseEntity<?> com.stackroute.keepnote.controller.CategoryController.deleteCategory(java.lang.String)
2019-12-30 05:39:19 [main] INFO  o.s.w.s.m.m.a.RequestMappingHandlerMapping -
				Mapped "{[/api/v1/category/{id}],methods=[PUT]}" onto public org.springframework.http.ResponseEntity<?> com.stackroute.keepnote.controller.CategoryController.updateCategory(com.stackroute.keepnote.model.Category,java.lang.String)
2019-12-30 05:39:19 [main] INFO  o.s.w.s.m.m.a.RequestMappingHandlerMapping -
				Mapped "{[/api/v1/category/{id}],methods=[GET]}" onto public org.springframework.http.ResponseEntity<?> com.stackroute.keepnote.controller.CategoryController.getCategoryById(java.lang.String)
2019-12-30 05:39:19 [main] INFO  o.s.w.s.m.m.a.RequestMappingHandlerMapping -
				Mapped "{[/api/v1/category],methods=[GET]}" onto public org.springframework.http.ResponseEntity<?> com.stackroute.keepnote.controller.CategoryController.getCategory(java.lang.String)
2019-12-30 05:39:19 [main] INFO  o.s.w.s.m.m.a.RequestMappingHandlerAdapter -
				Looking for @ControllerAdvice: org.springframework.test.web.servlet.setup.StubWebApplicationContext@51d387d3
2019-12-30 05:39:19 [main] INFO  o.s.mock.web.MockServletContext -
				Initializing Spring FrameworkServlet ''
2019-12-30 05:39:19 [main] INFO  o.s.t.w.s.TestDispatcherServlet -
				FrameworkServlet '': initialization started
2019-12-30 05:39:19 [main] INFO  o.s.t.w.s.TestDispatcherServlet -
				FrameworkServlet '': initialization completed in 1 ms
2019-12-30 05:39:19 [main] INFO  o.s.w.s.m.m.a.RequestMappingHandlerMapping -
				Mapped "{[/api/v1/category],methods=[POST]}" onto public org.springframework.http.ResponseEntity<?> com.stackroute.keepnote.controller.CategoryController.createCategory(com.stackroute.keepnote.model.Category)
2019-12-30 05:39:19 [main] INFO  o.s.w.s.m.m.a.RequestMappingHandlerMapping -
				Mapped "{[/api/v1/category/{id}],methods=[DELETE]}" onto public org.springframework.http.ResponseEntity<?> com.stackroute.keepnote.controller.CategoryController.deleteCategory(java.lang.String)
2019-12-30 05:39:19 [main] INFO  o.s.w.s.m.m.a.RequestMappingHandlerMapping -
				Mapped "{[/api/v1/category/{id}],methods=[PUT]}" onto public org.springframework.http.ResponseEntity<?> com.stackroute.keepnote.controller.CategoryController.updateCategory(com.stackroute.keepnote.model.Category,java.lang.String)
2019-12-30 05:39:19 [main] INFO  o.s.w.s.m.m.a.RequestMappingHandlerMapping -
				Mapped "{[/api/v1/category/{id}],methods=[GET]}" onto public org.springframework.http.ResponseEntity<?> com.stackroute.keepnote.controller.CategoryController.getCategoryById(java.lang.String)
2019-12-30 05:39:19 [main] INFO  o.s.w.s.m.m.a.RequestMappingHandlerMapping -
				Mapped "{[/api/v1/category],methods=[GET]}" onto public org.springframework.http.ResponseEntity<?> com.stackroute.keepnote.controller.CategoryController.getCategory(java.lang.String)
2019-12-30 05:39:19 [main] INFO  o.s.w.s.m.m.a.RequestMappingHandlerAdapter -
				Looking for @ControllerAdvice: org.springframework.test.web.servlet.setup.StubWebApplicationContext@17f3eefb
2019-12-30 05:39:19 [main] INFO  o.s.mock.web.MockServletContext -
				Initializing Spring FrameworkServlet ''
2019-12-30 05:39:19 [main] INFO  o.s.t.w.s.TestDispatcherServlet -
				FrameworkServlet '': initialization started
2019-12-30 05:39:19 [main] INFO  o.s.t.w.s.TestDispatcherServlet -
				FrameworkServlet '': initialization completed in 0 ms
2019-12-30 05:39:19 [main] INFO  o.s.w.c.s.GenericWebApplicationContext -
				Refreshing org.springframework.web.context.support.GenericWebApplicationContext@79e66b2f: startup date [Mon Dec 30 05:39:19 UTC 2019]; root of context hierarchy
2019-12-30 05:39:20 [main] INFO  d.f.e.process.runtime.ProcessControl -
				stopOrDestroyProcess: process hasn't exited 
2019-12-30 05:39:20 [Thread-6] INFO  o.s.b.a.mongo.embedded.EmbeddedMongo -
				note: noprealloc may hurt performance in many applications
2019-12-30 05:39:20 [Thread-6] INFO  o.s.b.a.mongo.embedded.EmbeddedMongo -
				2019-12-30T05:39:20.699+0000 I CONTROL  [initandlisten] MongoDB starting : pid=11051 port=27017 dbpath=/tmp/embedmongo-db-4ddbcb27-8539-4279-87bb-dbeba65c3aa5 64-bit host=ip-172-31-34-12
2019-12-30 05:39:20 [Thread-6] INFO  o.s.b.a.mongo.embedded.EmbeddedMongo -
				2019-12-30T05:39:20.699+0000 I CONTROL  [initandlisten] db version v3.2.2
2019-12-30 05:39:20 [Thread-6] INFO  o.s.b.a.mongo.embedded.EmbeddedMongo -
				2019-12-30T05:39:20.699+0000 I CONTROL  [initandlisten] git version: 6e71d0d568e134c029203593b00a0103e7cdf30b
2019-12-30 05:39:20 [Thread-6] INFO  o.s.b.a.mongo.embedded.EmbeddedMongo -
				2019-12-30T05:39:20.699+0000 I CONTROL  [initandlisten] allocator: tcmalloc
2019-12-30 05:39:20 [Thread-6] INFO  o.s.b.a.mongo.embedded.EmbeddedMongo -
				2019-12-30T05:39:20.700+0000 I CONTROL  [initandlisten] modules: none
2019-12-30 05:39:20 [Thread-6] INFO  o.s.b.a.mongo.embedded.EmbeddedMongo -
				2019-12-30T05:39:20.700+0000 I CONTROL  [initandlisten] build environment:
2019-12-30 05:39:20 [Thread-6] INFO  o.s.b.a.mongo.embedded.EmbeddedMongo -
				2019-12-30T05:39:20.700+0000 I CONTROL  [initandlisten]     distarch: x86_64
2019-12-30 05:39:20 [Thread-6] INFO  o.s.b.a.mongo.embedded.EmbeddedMongo -
				2019-12-30T05:39:20.700+0000 I CONTROL  [initandlisten]     target_arch: x86_64
2019-12-30 05:39:20 [Thread-6] INFO  o.s.b.a.mongo.embedded.EmbeddedMongo -
				2019-12-30T05:39:20.700+0000 I CONTROL  [initandlisten] options: { net: { bindIp: "127.0.0.1", http: { enabled: false }, port: 27017 }, security: { authorization: "disabled" }, storage: { dbPath: "/tmp/embedmongo-db-4ddbcb27-8539-4279-87bb-dbeba65c3aa5", journal: { enabled: false }, mmapv1: { preallocDataFiles: false, smallFiles: true }, syncPeriodSecs: 0.0 } }
2019-12-30 05:39:20 [Thread-6] INFO  o.s.b.a.mongo.embedded.EmbeddedMongo -
				2019-12-30T05:39:20.729+0000 I STORAGE  [initandlisten] wiredtiger_open config: create,cache_size=4G,session_max=20000,eviction=(threads_max=4),config_base=false,statistics=(fast),log=(enabled=true,archive=true,path=journal,compressor=snappy),file_manager=(close_idle_time=100000),checkpoint=(wait=0,log_size=2GB),statistics_log=(wait=0),,log=(enabled=false),
2019-12-30 05:39:20 [Thread-6] INFO  o.s.b.a.mongo.embedded.EmbeddedMongo -
				2019-12-30T05:39:20.786+0000 W STORAGE  [initandlisten] Detected configuration for non-active storage engine mmapv1 when current storage engine is wiredTiger
2019-12-30 05:39:20 [Thread-6] INFO  o.s.b.a.mongo.embedded.EmbeddedMongo -
				2019-12-30T05:39:20.798+0000 I FTDC     [initandlisten] Initializing full-time diagnostic data capture with directory '/tmp/embedmongo-db-4ddbcb27-8539-4279-87bb-dbeba65c3aa5/diagnostic.data'
2019-12-30 05:39:20 [Thread-6] INFO  o.s.b.a.mongo.embedded.EmbeddedMongo -
				2019-12-30T05:39:20.802+0000 I NETWORK  [HostnameCanonicalizationWorker] Starting hostname canonicalization worker
2019-12-30 05:39:20 [Thread-6] INFO  o.s.b.a.mongo.embedded.EmbeddedMongo -
				2019-12-30T05:39:20.819+0000 I NETWORK  [initandlisten] waiting for connections on port 27017
2019-12-30 05:39:20 [main] INFO  d.f.embed.process.runtime.Executable -
				start de.flapdoodle.embed.mongo.config.MongodConfigBuilder$ImmutableMongodConfig@265c1a7c
2019-12-30 05:39:21 [main] INFO  org.mongodb.driver.cluster -
				Cluster created with settings {hosts=[localhost:27017], mode=MULTIPLE, requiredClusterType=UNKNOWN, serverSelectionTimeout='30000 ms', maxWaitQueueSize=500}
2019-12-30 05:39:21 [main] INFO  org.mongodb.driver.cluster -
				Adding discovered server localhost:27017 to client view of cluster
2019-12-30 05:39:21 [Thread-6] INFO  o.s.b.a.mongo.embedded.EmbeddedMongo -
				2019-12-30T05:39:21.209+0000 I NETWORK  [initandlisten] connection accepted from 127.0.0.1:38590 #1 (1 connection now open)
2019-12-30 05:39:21 [cluster-ClusterId{value='5e098d892552fd2a8e5e8653', description='null'}-localhost:27017] INFO  org.mongodb.driver.connection -
				Opened connection [connectionId{localValue:1, serverValue:1}] to localhost:27017
2019-12-30 05:39:21 [cluster-ClusterId{value='5e098d892552fd2a8e5e8653', description='null'}-localhost:27017] INFO  org.mongodb.driver.cluster -
				Monitor thread successfully connected to server with description ServerDescription{address=localhost:27017, type=STANDALONE, state=CONNECTED, ok=true, version=ServerVersion{versionList=[3, 2, 2]}, minWireVersion=0, maxWireVersion=4, maxDocumentSize=16777216, logicalSessionTimeoutMinutes=null, roundTripTimeNanos=2092626}
2019-12-30 05:39:21 [cluster-ClusterId{value='5e098d892552fd2a8e5e8653', description='null'}-localhost:27017] INFO  org.mongodb.driver.cluster -
				Discovered cluster type of STANDALONE
2019-12-30 05:39:21 [main] WARN  o.s.d.m.c.m.BasicMongoPersistentProperty -
				Customizing field name for id property not allowed! Custom name will not be considered!
2019-12-30 05:39:21 [main] INFO  o.s.w.s.m.m.a.RequestMappingHandlerMapping -
				Mapped "{[/api/v1/category],methods=[POST]}" onto public org.springframework.http.ResponseEntity<?> com.stackroute.keepnote.controller.CategoryController.createCategory(com.stackroute.keepnote.model.Category)
2019-12-30 05:39:21 [main] INFO  o.s.w.s.m.m.a.RequestMappingHandlerMapping -
				Mapped "{[/api/v1/category/{id}],methods=[DELETE]}" onto public org.springframework.http.ResponseEntity<?> com.stackroute.keepnote.controller.CategoryController.deleteCategory(java.lang.String)
2019-12-30 05:39:21 [main] INFO  o.s.w.s.m.m.a.RequestMappingHandlerMapping -
				Mapped "{[/api/v1/category/{id}],methods=[PUT]}" onto public org.springframework.http.ResponseEntity<?> com.stackroute.keepnote.controller.CategoryController.updateCategory(com.stackroute.keepnote.model.Category,java.lang.String)
2019-12-30 05:39:21 [main] INFO  o.s.w.s.m.m.a.RequestMappingHandlerMapping -
				Mapped "{[/api/v1/category/{id}],methods=[GET]}" onto public org.springframework.http.ResponseEntity<?> com.stackroute.keepnote.controller.CategoryController.getCategoryById(java.lang.String)
2019-12-30 05:39:21 [main] INFO  o.s.w.s.m.m.a.RequestMappingHandlerMapping -
				Mapped "{[/api/v1/category],methods=[GET]}" onto public org.springframework.http.ResponseEntity<?> com.stackroute.keepnote.controller.CategoryController.getCategory(java.lang.String)
2019-12-30 05:39:21 [main] INFO  o.s.w.s.m.m.a.RequestMappingHandlerMapping -
				Mapped "{[/swagger-resources/configuration/ui]}" onto public org.springframework.http.ResponseEntity<springfox.documentation.swagger.web.UiConfiguration> springfox.documentation.swagger.web.ApiResourceController.uiConfiguration()
2019-12-30 05:39:21 [main] INFO  o.s.w.s.m.m.a.RequestMappingHandlerMapping -
				Mapped "{[/swagger-resources]}" onto public org.springframework.http.ResponseEntity<java.util.List<springfox.documentation.swagger.web.SwaggerResource>> springfox.documentation.swagger.web.ApiResourceController.swaggerResources()
2019-12-30 05:39:21 [main] INFO  o.s.w.s.m.m.a.RequestMappingHandlerMapping -
				Mapped "{[/swagger-resources/configuration/security]}" onto public org.springframework.http.ResponseEntity<springfox.documentation.swagger.web.SecurityConfiguration> springfox.documentation.swagger.web.ApiResourceController.securityConfiguration()
2019-12-30 05:39:21 [main] INFO  o.s.w.s.m.m.a.RequestMappingHandlerMapping -
				Mapped "{[/error],produces=[text/html]}" onto public org.springframework.web.servlet.ModelAndView org.springframework.boot.autoconfigure.web.servlet.error.BasicErrorController.errorHtml(javax.servlet.http.HttpServletRequest,javax.servlet.http.HttpServletResponse)
2019-12-30 05:39:21 [main] INFO  o.s.w.s.m.m.a.RequestMappingHandlerMapping -
				Mapped "{[/error]}" onto public org.springframework.http.ResponseEntity<java.util.Map<java.lang.String, java.lang.Object>> org.springframework.boot.autoconfigure.web.servlet.error.BasicErrorController.error(javax.servlet.http.HttpServletRequest)
2019-12-30 05:39:22 [main] INFO  s.d.s.w.PropertySourcedRequestMappingHandlerMapping -
				Mapped URL path [/v2/api-docs] onto method [public org.springframework.http.ResponseEntity<springfox.documentation.spring.web.json.Json> springfox.documentation.swagger2.web.Swagger2Controller.getDocumentation(java.lang.String,javax.servlet.http.HttpServletRequest)]
2019-12-30 05:39:22 [main] INFO  o.s.w.s.h.SimpleUrlHandlerMapping -
				Mapped URL path [/**/favicon.ico] onto handler of type [class org.springframework.web.servlet.resource.ResourceHttpRequestHandler]
2019-12-30 05:39:22 [main] INFO  o.s.w.s.m.m.a.RequestMappingHandlerAdapter -
				Looking for @ControllerAdvice: org.springframework.web.context.support.GenericWebApplicationContext@79e66b2f: startup date [Mon Dec 30 05:39:19 UTC 2019]; root of context hierarchy
2019-12-30 05:39:22 [main] INFO  o.s.w.s.h.SimpleUrlHandlerMapping -
				Mapped URL path [/webjars/**] onto handler of type [class org.springframework.web.servlet.resource.ResourceHttpRequestHandler]
2019-12-30 05:39:22 [main] INFO  o.s.w.s.h.SimpleUrlHandlerMapping -
				Mapped URL path [/**] onto handler of type [class org.springframework.web.servlet.resource.ResourceHttpRequestHandler]
2019-12-30 05:39:22 [main] INFO  o.s.c.s.DefaultLifecycleProcessor -
				Starting beans in phase 2147483647
2019-12-30 05:39:22 [main] INFO  s.d.s.w.p.DocumentationPluginsBootstrapper -
				Context refreshed
2019-12-30 05:39:22 [main] INFO  s.d.s.w.p.DocumentationPluginsBootstrapper -
				Found 1 custom documentation plugin(s)
2019-12-30 05:39:22 [main] INFO  s.d.s.w.s.ApiListingReferenceScanner -
				Scanning for api listing references
2019-12-30 05:39:22 [main] INFO  o.s.c.a.AnnotationConfigApplicationContext -
				Refreshing org.springframework.context.annotation.AnnotationConfigApplicationContext@31006a75: startup date [Mon Dec 30 05:39:22 UTC 2019]; root of context hierarchy
2019-12-30 05:39:23 [Thread-11] INFO  o.s.b.a.mongo.embedded.EmbeddedMongo -
				note: noprealloc may hurt performance in many applications
2019-12-30 05:39:23 [Thread-11] INFO  o.s.b.a.mongo.embedded.EmbeddedMongo -
				2019-12-30T05:39:23.043+0000 I CONTROL  [initandlisten] MongoDB starting : pid=11068 port=27017 dbpath=/tmp/embedmongo-db-5632d578-6b5f-4864-900a-979461a3ec6d 64-bit host=ip-172-31-34-12
2019-12-30 05:39:23 [Thread-11] INFO  o.s.b.a.mongo.embedded.EmbeddedMongo -
				2019-12-30T05:39:23.043+0000 I CONTROL  [initandlisten] db version v3.2.2
2019-12-30 05:39:23 [Thread-11] INFO  o.s.b.a.mongo.embedded.EmbeddedMongo -
				2019-12-30T05:39:23.043+0000 I CONTROL  [initandlisten] git version: 6e71d0d568e134c029203593b00a0103e7cdf30b
2019-12-30 05:39:23 [Thread-11] INFO  o.s.b.a.mongo.embedded.EmbeddedMongo -
				2019-12-30T05:39:23.043+0000 I CONTROL  [initandlisten] allocator: tcmalloc
2019-12-30 05:39:23 [Thread-11] INFO  o.s.b.a.mongo.embedded.EmbeddedMongo -
				2019-12-30T05:39:23.043+0000 I CONTROL  [initandlisten] modules: none
2019-12-30 05:39:23 [Thread-11] INFO  o.s.b.a.mongo.embedded.EmbeddedMongo -
				2019-12-30T05:39:23.043+0000 I CONTROL  [initandlisten] build environment:
2019-12-30 05:39:23 [Thread-11] INFO  o.s.b.a.mongo.embedded.EmbeddedMongo -
				2019-12-30T05:39:23.043+0000 I CONTROL  [initandlisten]     distarch: x86_64
2019-12-30 05:39:23 [Thread-11] INFO  o.s.b.a.mongo.embedded.EmbeddedMongo -
				2019-12-30T05:39:23.043+0000 I CONTROL  [initandlisten]     target_arch: x86_64
2019-12-30 05:39:23 [Thread-11] INFO  o.s.b.a.mongo.embedded.EmbeddedMongo -
				2019-12-30T05:39:23.043+0000 I CONTROL  [initandlisten] options: { net: { bindIp: "127.0.0.1", http: { enabled: false }, port: 27017 }, security: { authorization: "disabled" }, storage: { dbPath: "/tmp/embedmongo-db-5632d578-6b5f-4864-900a-979461a3ec6d", journal: { enabled: false }, mmapv1: { preallocDataFiles: false, smallFiles: true }, syncPeriodSecs: 0.0 } }
2019-12-30 05:39:23 [Thread-11] INFO  o.s.b.a.mongo.embedded.EmbeddedMongo -
				2019-12-30T05:39:23.073+0000 E NETWORK  [initandlisten] listen(): bind() failed errno:98 Address already in use for socket: 127.0.0.1:27017
2019-12-30 05:39:23 [Thread-11] INFO  o.s.b.a.mongo.embedded.EmbeddedMongo -
				2019-12-30T05:39:23.073+0000 E NETWORK  [initandlisten]   addr already in use
2019-12-30 05:39:23 [Thread-11] INFO  o.s.b.a.mongo.embedded.EmbeddedMongo -
				2019-12-30T05:39:23.074+0000 E STORAGE  [initandlisten] Failed to set up sockets during startup.
2019-12-30 05:39:23 [Thread-11] INFO  o.s.b.a.mongo.embedded.EmbeddedMongo -
				2019-12-30T05:39:23.074+0000 I CONTROL  [initandlisten] dbexit:  rc: 48
2019-12-30 05:39:23 [main] ERROR d.f.e.p.runtime.AbstractProcess -
				failed to call onAfterProcessStart()
java.io.IOException: Could not start process: failed errno:98 Address already in use for socket: 127.0.0.1:27017

	at de.flapdoodle.embed.mongo.AbstractMongoProcess.onAfterProcessStart(AbstractMongoProcess.java:79)
	at de.flapdoodle.embed.process.runtime.AbstractProcess.<init>(AbstractProcess.java:116)
	at de.flapdoodle.embed.mongo.AbstractMongoProcess.<init>(AbstractMongoProcess.java:53)
	at de.flapdoodle.embed.mongo.MongodProcess.<init>(MongodProcess.java:50)
	at de.flapdoodle.embed.mongo.MongodExecutable.start(MongodExecutable.java:44)
	at de.flapdoodle.embed.mongo.MongodExecutable.start(MongodExecutable.java:34)
	at de.flapdoodle.embed.process.runtime.Executable.start(Executable.java:108)
	at sun.reflect.NativeMethodAccessorImpl.invoke0(Native Method)
	at sun.reflect.NativeMethodAccessorImpl.invoke(NativeMethodAccessorImpl.java:62)
	at sun.reflect.DelegatingMethodAccessorImpl.invoke(DelegatingMethodAccessorImpl.java:43)
	at java.lang.reflect.Method.invoke(Method.java:498)
	at org.springframework.beans.factory.support.AbstractAutowireCapableBeanFactory.invokeCustomInitMethod(AbstractAutowireCapableBeanFactory.java:1831)
	at org.springframework.beans.factory.support.AbstractAutowireCapableBeanFactory.invokeInitMethods(AbstractAutowireCapableBeanFactory.java:1774)
	at org.springframework.beans.factory.support.AbstractAutowireCapableBeanFactory.initializeBean(AbstractAutowireCapableBeanFactory.java:1702)
	at org.springframework.beans.factory.support.AbstractAutowireCapableBeanFactory.doCreateBean(AbstractAutowireCapableBeanFactory.java:579)
	at org.springframework.beans.factory.support.AbstractAutowireCapableBeanFactory.createBean(AbstractAutowireCapableBeanFactory.java:501)
	at org.springframework.beans.factory.support.AbstractBeanFactory.lambda$doGetBean$0(AbstractBeanFactory.java:317)
	at org.springframework.beans.factory.support.DefaultSingletonBeanRegistry.getSingleton(DefaultSingletonBeanRegistry.java:228)
	at org.springframework.beans.factory.support.AbstractBeanFactory.doGetBean(AbstractBeanFactory.java:315)
	at org.springframework.beans.factory.support.AbstractBeanFactory.getBean(AbstractBeanFactory.java:199)
	at org.springframework.beans.factory.support.DefaultListableBeanFactory.preInstantiateSingletons(DefaultListableBeanFactory.java:760)
	at org.springframework.context.support.AbstractApplicationContext.finishBeanFactoryInitialization(AbstractApplicationContext.java:869)
	at org.springframework.context.support.AbstractApplicationContext.refresh(AbstractApplicationContext.java:550)
	at org.springframework.boot.SpringApplication.refresh(SpringApplication.java:759)
	at org.springframework.boot.SpringApplication.refreshContext(SpringApplication.java:395)
	at org.springframework.boot.SpringApplication.run(SpringApplication.java:327)
	at org.springframework.boot.test.context.SpringBootContextLoader.loadContext(SpringBootContextLoader.java:139)
	at org.springframework.test.context.cache.DefaultCacheAwareContextLoaderDelegate.loadContextInternal(DefaultCacheAwareContextLoaderDelegate.java:99)
	at org.springframework.test.context.cache.DefaultCacheAwareContextLoaderDelegate.loadContext(DefaultCacheAwareContextLoaderDelegate.java:117)
	at org.springframework.test.context.support.DefaultTestContext.getApplicationContext(DefaultTestContext.java:108)
	at org.springframework.test.context.support.DependencyInjectionTestExecutionListener.injectDependencies(DependencyInjectionTestExecutionListener.java:117)
	at org.springframework.test.context.support.DependencyInjectionTestExecutionListener.prepareTestInstance(DependencyInjectionTestExecutionListener.java:83)
	at org.springframework.boot.test.autoconfigure.SpringBootDependencyInjectionTestExecutionListener.prepareTestInstance(SpringBootDependencyInjectionTestExecutionListener.java:44)
	at org.springframework.test.context.TestContextManager.prepareTestInstance(TestContextManager.java:246)
	at org.springframework.test.context.junit4.SpringJUnit4ClassRunner.createTest(SpringJUnit4ClassRunner.java:227)
	at org.springframework.test.context.junit4.SpringJUnit4ClassRunner$1.runReflectiveCall(SpringJUnit4ClassRunner.java:289)
	at org.junit.internal.runners.model.ReflectiveCallable.run(ReflectiveCallable.java:12)
	at org.springframework.test.context.junit4.SpringJUnit4ClassRunner.methodBlock(SpringJUnit4ClassRunner.java:291)
	at org.springframework.test.context.junit4.SpringJUnit4ClassRunner.runChild(SpringJUnit4ClassRunner.java:246)
	at org.springframework.test.context.junit4.SpringJUnit4ClassRunner.runChild(SpringJUnit4ClassRunner.java:97)
	at org.junit.runners.ParentRunner$3.run(ParentRunner.java:290)
	at org.junit.runners.ParentRunner$1.schedule(ParentRunner.java:71)
	at org.junit.runners.ParentRunner.runChildren(ParentRunner.java:288)
	at org.junit.runners.ParentRunner.access$000(ParentRunner.java:58)
	at org.junit.runners.ParentRunner$2.evaluate(ParentRunner.java:268)
	at org.springframework.test.context.junit4.statements.RunBeforeTestClassCallbacks.evaluate(RunBeforeTestClassCallbacks.java:61)
	at org.springframework.test.context.junit4.statements.RunAfterTestClassCallbacks.evaluate(RunAfterTestClassCallbacks.java:70)
	at org.junit.runners.ParentRunner.run(ParentRunner.java:363)
	at org.springframework.test.context.junit4.SpringJUnit4ClassRunner.run(SpringJUnit4ClassRunner.java:190)
	at org.eclipse.jdt.internal.junit4.runner.JUnit4TestReference.run(JUnit4TestReference.java:86)
	at org.eclipse.jdt.internal.junit.runner.TestExecution.run(TestExecution.java:38)
	at org.eclipse.jdt.internal.junit.runner.RemoteTestRunner.runTests(RemoteTestRunner.java:538)
	at org.eclipse.jdt.internal.junit.runner.RemoteTestRunner.runTests(RemoteTestRunner.java:760)
	at org.eclipse.jdt.internal.junit.runner.RemoteTestRunner.run(RemoteTestRunner.java:460)
	at org.eclipse.jdt.internal.junit.runner.RemoteTestRunner.main(RemoteTestRunner.java:206)
2019-12-30 05:39:23 [main] INFO  d.f.e.p.runtime.AbstractProcess -
				construct de.flapdoodle.embed.mongo.config.MongodConfigBuilder$ImmutableMongodConfig@1c90029b
2019-12-30 05:39:23 [Thread-6] INFO  o.s.b.a.mongo.embedded.EmbeddedMongo -
				2019-12-30T05:39:23.080+0000 I NETWORK  [initandlisten] connection accepted from 127.0.0.1:38592 #2 (2 connections now open)
2019-12-30 05:39:23 [Thread-6] INFO  o.s.b.a.mongo.embedded.EmbeddedMongo -
				2019-12-30T05:39:23.081+0000 I COMMAND  [conn2] terminating, shutdown command received
2019-12-30 05:39:23 [Thread-6] INFO  o.s.b.a.mongo.embedded.EmbeddedMongo -
				2019-12-30T05:39:23.081+0000 I FTDC     [conn2] Shutting down full-time diagnostic data capture
2019-12-30 05:39:23 [Thread-6] INFO  o.s.b.a.mongo.embedded.EmbeddedMongo -
				2019-12-30T05:39:23.082+0000 I CONTROL  [conn2] now exiting
2019-12-30 05:39:23 [Thread-6] INFO  o.s.b.a.mongo.embedded.EmbeddedMongo -
				2019-12-30T05:39:23.085+0000 I NETWORK  [conn2] shutdown: going to close listening sockets...
2019-12-30 05:39:23 [Thread-6] INFO  o.s.b.a.mongo.embedded.EmbeddedMongo -
				2019-12-30T05:39:23.085+0000 I NETWORK  [conn2] closing listening socket: 5
2019-12-30 05:39:23 [Thread-6] INFO  o.s.b.a.mongo.embedded.EmbeddedMongo -
				2019-12-30T05:39:23.085+0000 I NETWORK  [conn2] closing listening socket: 6
2019-12-30 05:39:23 [Thread-6] INFO  o.s.b.a.mongo.embedded.EmbeddedMongo -
				2019-12-30T05:39:23.086+0000 I NETWORK  [conn2] removing socket file: /tmp/mongodb-27017.sock
2019-12-30 05:39:23 [Thread-6] INFO  o.s.b.a.mongo.embedded.EmbeddedMongo -
				2019-12-30T05:39:23.086+0000 I NETWORK  [conn2] shutdown: going to flush diaglog...
2019-12-30 05:39:23 [Thread-6] INFO  o.s.b.a.mongo.embedded.EmbeddedMongo -
				2019-12-30T05:39:23.086+0000 I NETWORK  [conn2] shutdown: going to close sockets...
2019-12-30 05:39:23 [Thread-6] INFO  o.s.b.a.mongo.embedded.EmbeddedMongo -
				2019-12-30T05:39:23.088+0000 I STORAGE  [conn2] WiredTigerKVEngine shutting down
2019-12-30 05:39:23 [Thread-6] INFO  o.s.b.a.mongo.embedded.EmbeddedMongo -
				2019-12-30T05:39:23.090+0000 I NETWORK  [conn1] end connection 127.0.0.1:38590 (1 connection now open)
2019-12-30 05:39:23 [Thread-6] INFO  o.s.b.a.mongo.embedded.EmbeddedMongo -
				2019-12-30T05:39:23.104+0000 I STORAGE  [conn2] shutdown: removing fs lock...
2019-12-30 05:39:23 [Thread-6] INFO  o.s.b.a.mongo.embedded.EmbeddedMongo -
				2019-12-30T05:39:23.104+0000 I CONTROL  [conn2] dbexit:  rc: 0
2019-12-30 05:39:23 [main] WARN  o.s.c.a.AnnotationConfigApplicationContext -
				Exception encountered during context initialization - cancelling refresh attempt: org.springframework.beans.factory.BeanCreationException: Error creating bean with name 'embeddedMongoServer' defined in class path resource [org/springframework/boot/autoconfigure/mongo/embedded/EmbeddedMongoAutoConfiguration.class]: Invocation of init method failed; nested exception is java.io.IOException: Could not start process: failed errno:98 Address already in use for socket: 127.0.0.1:27017

2019-12-30 05:39:23 [main] INFO  o.s.b.a.l.ConditionEvaluationReportLoggingListener -
				

Error starting ApplicationContext. To display the conditions report re-run your application with 'debug' enabled.
2019-12-30 05:39:23 [main] ERROR o.s.boot.SpringApplication -
				Application run failed
org.springframework.beans.factory.BeanCreationException: Error creating bean with name 'embeddedMongoServer' defined in class path resource [org/springframework/boot/autoconfigure/mongo/embedded/EmbeddedMongoAutoConfiguration.class]: Invocation of init method failed; nested exception is java.io.IOException: Could not start process: failed errno:98 Address already in use for socket: 127.0.0.1:27017

	at org.springframework.beans.factory.support.AbstractAutowireCapableBeanFactory.initializeBean(AbstractAutowireCapableBeanFactory.java:1706)
	at org.springframework.beans.factory.support.AbstractAutowireCapableBeanFactory.doCreateBean(AbstractAutowireCapableBeanFactory.java:579)
	at org.springframework.beans.factory.support.AbstractAutowireCapableBeanFactory.createBean(AbstractAutowireCapableBeanFactory.java:501)
	at org.springframework.beans.factory.support.AbstractBeanFactory.lambda$doGetBean$0(AbstractBeanFactory.java:317)
	at org.springframework.beans.factory.support.DefaultSingletonBeanRegistry.getSingleton(DefaultSingletonBeanRegistry.java:228)
	at org.springframework.beans.factory.support.AbstractBeanFactory.doGetBean(AbstractBeanFactory.java:315)
	at org.springframework.beans.factory.support.AbstractBeanFactory.getBean(AbstractBeanFactory.java:199)
	at org.springframework.beans.factory.support.DefaultListableBeanFactory.preInstantiateSingletons(DefaultListableBeanFactory.java:760)
	at org.springframework.context.support.AbstractApplicationContext.finishBeanFactoryInitialization(AbstractApplicationContext.java:869)
	at org.springframework.context.support.AbstractApplicationContext.refresh(AbstractApplicationContext.java:550)
	at org.springframework.boot.SpringApplication.refresh(SpringApplication.java:759)
	at org.springframework.boot.SpringApplication.refreshContext(SpringApplication.java:395)
	at org.springframework.boot.SpringApplication.run(SpringApplication.java:327)
	at org.springframework.boot.test.context.SpringBootContextLoader.loadContext(SpringBootContextLoader.java:139)
	at org.springframework.test.context.cache.DefaultCacheAwareContextLoaderDelegate.loadContextInternal(DefaultCacheAwareContextLoaderDelegate.java:99)
	at org.springframework.test.context.cache.DefaultCacheAwareContextLoaderDelegate.loadContext(DefaultCacheAwareContextLoaderDelegate.java:117)
	at org.springframework.test.context.support.DefaultTestContext.getApplicationContext(DefaultTestContext.java:108)
	at org.springframework.test.context.support.DependencyInjectionTestExecutionListener.injectDependencies(DependencyInjectionTestExecutionListener.java:117)
	at org.springframework.test.context.support.DependencyInjectionTestExecutionListener.prepareTestInstance(DependencyInjectionTestExecutionListener.java:83)
	at org.springframework.boot.test.autoconfigure.SpringBootDependencyInjectionTestExecutionListener.prepareTestInstance(SpringBootDependencyInjectionTestExecutionListener.java:44)
	at org.springframework.test.context.TestContextManager.prepareTestInstance(TestContextManager.java:246)
	at org.springframework.test.context.junit4.SpringJUnit4ClassRunner.createTest(SpringJUnit4ClassRunner.java:227)
	at org.springframework.test.context.junit4.SpringJUnit4ClassRunner$1.runReflectiveCall(SpringJUnit4ClassRunner.java:289)
	at org.junit.internal.runners.model.ReflectiveCallable.run(ReflectiveCallable.java:12)
	at org.springframework.test.context.junit4.SpringJUnit4ClassRunner.methodBlock(SpringJUnit4ClassRunner.java:291)
	at org.springframework.test.context.junit4.SpringJUnit4ClassRunner.runChild(SpringJUnit4ClassRunner.java:246)
	at org.springframework.test.context.junit4.SpringJUnit4ClassRunner.runChild(SpringJUnit4ClassRunner.java:97)
	at org.junit.runners.ParentRunner$3.run(ParentRunner.java:290)
	at org.junit.runners.ParentRunner$1.schedule(ParentRunner.java:71)
	at org.junit.runners.ParentRunner.runChildren(ParentRunner.java:288)
	at org.junit.runners.ParentRunner.access$000(ParentRunner.java:58)
	at org.junit.runners.ParentRunner$2.evaluate(ParentRunner.java:268)
	at org.springframework.test.context.junit4.statements.RunBeforeTestClassCallbacks.evaluate(RunBeforeTestClassCallbacks.java:61)
	at org.springframework.test.context.junit4.statements.RunAfterTestClassCallbacks.evaluate(RunAfterTestClassCallbacks.java:70)
	at org.junit.runners.ParentRunner.run(ParentRunner.java:363)
	at org.springframework.test.context.junit4.SpringJUnit4ClassRunner.run(SpringJUnit4ClassRunner.java:190)
	at org.eclipse.jdt.internal.junit4.runner.JUnit4TestReference.run(JUnit4TestReference.java:86)
	at org.eclipse.jdt.internal.junit.runner.TestExecution.run(TestExecution.java:38)
	at org.eclipse.jdt.internal.junit.runner.RemoteTestRunner.runTests(RemoteTestRunner.java:538)
	at org.eclipse.jdt.internal.junit.runner.RemoteTestRunner.runTests(RemoteTestRunner.java:760)
	at org.eclipse.jdt.internal.junit.runner.RemoteTestRunner.run(RemoteTestRunner.java:460)
	at org.eclipse.jdt.internal.junit.runner.RemoteTestRunner.main(RemoteTestRunner.java:206)
Caused by: java.io.IOException: Could not start process: failed errno:98 Address already in use for socket: 127.0.0.1:27017

	at de.flapdoodle.embed.mongo.AbstractMongoProcess.onAfterProcessStart(AbstractMongoProcess.java:79)
	at de.flapdoodle.embed.process.runtime.AbstractProcess.<init>(AbstractProcess.java:116)
	at de.flapdoodle.embed.mongo.AbstractMongoProcess.<init>(AbstractMongoProcess.java:53)
	at de.flapdoodle.embed.mongo.MongodProcess.<init>(MongodProcess.java:50)
	at de.flapdoodle.embed.mongo.MongodExecutable.start(MongodExecutable.java:44)
	at de.flapdoodle.embed.mongo.MongodExecutable.start(MongodExecutable.java:34)
	at de.flapdoodle.embed.process.runtime.Executable.start(Executable.java:108)
	at sun.reflect.NativeMethodAccessorImpl.invoke0(Native Method)
	at sun.reflect.NativeMethodAccessorImpl.invoke(NativeMethodAccessorImpl.java:62)
	at sun.reflect.DelegatingMethodAccessorImpl.invoke(DelegatingMethodAccessorImpl.java:43)
	at java.lang.reflect.Method.invoke(Method.java:498)
	at org.springframework.beans.factory.support.AbstractAutowireCapableBeanFactory.invokeCustomInitMethod(AbstractAutowireCapableBeanFactory.java:1831)
	at org.springframework.beans.factory.support.AbstractAutowireCapableBeanFactory.invokeInitMethods(AbstractAutowireCapableBeanFactory.java:1774)
	at org.springframework.beans.factory.support.AbstractAutowireCapableBeanFactory.initializeBean(AbstractAutowireCapableBeanFactory.java:1702)
	... 41 common frames omitted
2019-12-30 05:39:23 [main] INFO  o.s.c.a.AnnotationConfigApplicationContext -
				Refreshing org.springframework.context.annotation.AnnotationConfigApplicationContext@42b4df5a: startup date [Mon Dec 30 05:39:23 UTC 2019]; root of context hierarchy
2019-12-30 05:39:23 [Thread-15] INFO  o.s.b.a.mongo.embedded.EmbeddedMongo -
				note: noprealloc may hurt performance in many applications
2019-12-30 05:39:23 [Thread-15] INFO  o.s.b.a.mongo.embedded.EmbeddedMongo -
				2019-12-30T05:39:23.464+0000 I CONTROL  [initandlisten] MongoDB starting : pid=11076 port=27017 dbpath=/tmp/embedmongo-db-28476911-6b13-4abc-b3e8-82ea74774161 64-bit host=ip-172-31-34-12
2019-12-30 05:39:23 [Thread-15] INFO  o.s.b.a.mongo.embedded.EmbeddedMongo -
				2019-12-30T05:39:23.465+0000 I CONTROL  [initandlisten] db version v3.2.2
2019-12-30 05:39:23 [Thread-15] INFO  o.s.b.a.mongo.embedded.EmbeddedMongo -
				2019-12-30T05:39:23.465+0000 I CONTROL  [initandlisten] git version: 6e71d0d568e134c029203593b00a0103e7cdf30b
2019-12-30 05:39:23 [Thread-15] INFO  o.s.b.a.mongo.embedded.EmbeddedMongo -
				2019-12-30T05:39:23.465+0000 I CONTROL  [initandlisten] allocator: tcmalloc
2019-12-30 05:39:23 [Thread-15] INFO  o.s.b.a.mongo.embedded.EmbeddedMongo -
				2019-12-30T05:39:23.465+0000 I CONTROL  [initandlisten] modules: none
2019-12-30 05:39:23 [Thread-15] INFO  o.s.b.a.mongo.embedded.EmbeddedMongo -
				2019-12-30T05:39:23.465+0000 I CONTROL  [initandlisten] build environment:
2019-12-30 05:39:23 [Thread-15] INFO  o.s.b.a.mongo.embedded.EmbeddedMongo -
				2019-12-30T05:39:23.465+0000 I CONTROL  [initandlisten]     distarch: x86_64
2019-12-30 05:39:23 [Thread-15] INFO  o.s.b.a.mongo.embedded.EmbeddedMongo -
				2019-12-30T05:39:23.468+0000 I CONTROL  [initandlisten]     target_arch: x86_64
2019-12-30 05:39:23 [Thread-15] INFO  o.s.b.a.mongo.embedded.EmbeddedMongo -
				2019-12-30T05:39:23.468+0000 I CONTROL  [initandlisten] options: { net: { bindIp: "127.0.0.1", http: { enabled: false }, port: 27017 }, security: { authorization: "disabled" }, storage: { dbPath: "/tmp/embedmongo-db-28476911-6b13-4abc-b3e8-82ea74774161", journal: { enabled: false }, mmapv1: { preallocDataFiles: false, smallFiles: true }, syncPeriodSecs: 0.0 } }
2019-12-30 05:39:23 [Thread-15] INFO  o.s.b.a.mongo.embedded.EmbeddedMongo -
				2019-12-30T05:39:23.498+0000 I STORAGE  [initandlisten] wiredtiger_open config: create,cache_size=4G,session_max=20000,eviction=(threads_max=4),config_base=false,statistics=(fast),log=(enabled=true,archive=true,path=journal,compressor=snappy),file_manager=(close_idle_time=100000),checkpoint=(wait=0,log_size=2GB),statistics_log=(wait=0),,log=(enabled=false),
2019-12-30 05:39:23 [Thread-15] INFO  o.s.b.a.mongo.embedded.EmbeddedMongo -
				2019-12-30T05:39:23.551+0000 W STORAGE  [initandlisten] Detected configuration for non-active storage engine mmapv1 when current storage engine is wiredTiger
2019-12-30 05:39:23 [Thread-15] INFO  o.s.b.a.mongo.embedded.EmbeddedMongo -
				2019-12-30T05:39:23.552+0000 I FTDC     [initandlisten] Initializing full-time diagnostic data capture with directory '/tmp/embedmongo-db-28476911-6b13-4abc-b3e8-82ea74774161/diagnostic.data'
2019-12-30 05:39:23 [Thread-15] INFO  o.s.b.a.mongo.embedded.EmbeddedMongo -
				2019-12-30T05:39:23.552+0000 I NETWORK  [HostnameCanonicalizationWorker] Starting hostname canonicalization worker
2019-12-30 05:39:23 [Thread-15] INFO  o.s.b.a.mongo.embedded.EmbeddedMongo -
				2019-12-30T05:39:23.575+0000 I NETWORK  [initandlisten] waiting for connections on port 27017
2019-12-30 05:39:23 [main] INFO  d.f.embed.process.runtime.Executable -
				start de.flapdoodle.embed.mongo.config.MongodConfigBuilder$ImmutableMongodConfig@4c50cd7d
2019-12-30 05:39:23 [main] INFO  org.mongodb.driver.cluster -
				Cluster created with settings {hosts=[localhost:27017], mode=MULTIPLE, requiredClusterType=UNKNOWN, serverSelectionTimeout='30000 ms', maxWaitQueueSize=500}
2019-12-30 05:39:23 [main] INFO  org.mongodb.driver.cluster -
				Adding discovered server localhost:27017 to client view of cluster
2019-12-30 05:39:23 [Thread-15] INFO  o.s.b.a.mongo.embedded.EmbeddedMongo -
				2019-12-30T05:39:23.587+0000 I NETWORK  [initandlisten] connection accepted from 127.0.0.1:38596 #1 (1 connection now open)
2019-12-30 05:39:23 [Thread-15] INFO  o.s.b.a.mongo.embedded.EmbeddedMongo -
				2019-12-30T05:39:23.594+0000 I NETWORK  [initandlisten] connection accepted from 127.0.0.1:38598 #2 (2 connections now open)
2019-12-30 05:39:23 [cluster-ClusterId{value='5e098d8b2552fd2a8e5e8654', description='null'}-localhost:27017] INFO  org.mongodb.driver.connection -
				Opened connection [connectionId{localValue:2, serverValue:1}] to localhost:27017
2019-12-30 05:39:23 [cluster-ClusterId{value='5e098d8b2552fd2a8e5e8654', description='null'}-localhost:27017] INFO  org.mongodb.driver.cluster -
				Monitor thread successfully connected to server with description ServerDescription{address=localhost:27017, type=STANDALONE, state=CONNECTED, ok=true, version=ServerVersion{versionList=[3, 2, 2]}, minWireVersion=0, maxWireVersion=4, maxDocumentSize=16777216, logicalSessionTimeoutMinutes=null, roundTripTimeNanos=457701}
2019-12-30 05:39:23 [cluster-ClusterId{value='5e098d8b2552fd2a8e5e8654', description='null'}-localhost:27017] INFO  org.mongodb.driver.cluster -
				Discovered cluster type of STANDALONE
2019-12-30 05:39:23 [main] WARN  o.s.d.m.c.m.BasicMongoPersistentProperty -
				Customizing field name for id property not allowed! Custom name will not be considered!
2019-12-30 05:39:23 [main] ERROR o.s.test.context.TestContextManager -
				Caught exception while allowing TestExecutionListener [org.springframework.boot.test.autoconfigure.SpringBootDependencyInjectionTestExecutionListener@169e6180] to prepare test instance [com.stackroute.keepnote.test.repository.CategoryRepositoryTest@4ca0b9b1]
java.lang.IllegalStateException: Failed to load ApplicationContext
	at org.springframework.test.context.cache.DefaultCacheAwareContextLoaderDelegate.loadContext(DefaultCacheAwareContextLoaderDelegate.java:125)
	at org.springframework.test.context.support.DefaultTestContext.getApplicationContext(DefaultTestContext.java:108)
	at org.springframework.test.context.support.DependencyInjectionTestExecutionListener.injectDependencies(DependencyInjectionTestExecutionListener.java:117)
	at org.springframework.test.context.support.DependencyInjectionTestExecutionListener.prepareTestInstance(DependencyInjectionTestExecutionListener.java:83)
	at org.springframework.boot.test.autoconfigure.SpringBootDependencyInjectionTestExecutionListener.prepareTestInstance(SpringBootDependencyInjectionTestExecutionListener.java:44)
	at org.springframework.test.context.TestContextManager.prepareTestInstance(TestContextManager.java:246)
	at org.springframework.test.context.junit4.SpringJUnit4ClassRunner.createTest(SpringJUnit4ClassRunner.java:227)
	at org.springframework.test.context.junit4.SpringJUnit4ClassRunner$1.runReflectiveCall(SpringJUnit4ClassRunner.java:289)
	at org.junit.internal.runners.model.ReflectiveCallable.run(ReflectiveCallable.java:12)
	at org.springframework.test.context.junit4.SpringJUnit4ClassRunner.methodBlock(SpringJUnit4ClassRunner.java:291)
	at org.springframework.test.context.junit4.SpringJUnit4ClassRunner.runChild(SpringJUnit4ClassRunner.java:246)
	at org.springframework.test.context.junit4.SpringJUnit4ClassRunner.runChild(SpringJUnit4ClassRunner.java:97)
	at org.junit.runners.ParentRunner$3.run(ParentRunner.java:290)
	at org.junit.runners.ParentRunner$1.schedule(ParentRunner.java:71)
	at org.junit.runners.ParentRunner.runChildren(ParentRunner.java:288)
	at org.junit.runners.ParentRunner.access$000(ParentRunner.java:58)
	at org.junit.runners.ParentRunner$2.evaluate(ParentRunner.java:268)
	at org.springframework.test.context.junit4.statements.RunBeforeTestClassCallbacks.evaluate(RunBeforeTestClassCallbacks.java:61)
	at org.springframework.test.context.junit4.statements.RunAfterTestClassCallbacks.evaluate(RunAfterTestClassCallbacks.java:70)
	at org.junit.runners.ParentRunner.run(ParentRunner.java:363)
	at org.springframework.test.context.junit4.SpringJUnit4ClassRunner.run(SpringJUnit4ClassRunner.java:190)
	at org.eclipse.jdt.internal.junit4.runner.JUnit4TestReference.run(JUnit4TestReference.java:86)
	at org.eclipse.jdt.internal.junit.runner.TestExecution.run(TestExecution.java:38)
	at org.eclipse.jdt.internal.junit.runner.RemoteTestRunner.runTests(RemoteTestRunner.java:538)
	at org.eclipse.jdt.internal.junit.runner.RemoteTestRunner.runTests(RemoteTestRunner.java:760)
	at org.eclipse.jdt.internal.junit.runner.RemoteTestRunner.run(RemoteTestRunner.java:460)
	at org.eclipse.jdt.internal.junit.runner.RemoteTestRunner.main(RemoteTestRunner.java:206)
Caused by: org.springframework.beans.factory.BeanCreationException: Error creating bean with name 'embeddedMongoServer' defined in class path resource [org/springframework/boot/autoconfigure/mongo/embedded/EmbeddedMongoAutoConfiguration.class]: Invocation of init method failed; nested exception is java.io.IOException: Could not start process: failed errno:98 Address already in use for socket: 127.0.0.1:27017

	at org.springframework.beans.factory.support.AbstractAutowireCapableBeanFactory.initializeBean(AbstractAutowireCapableBeanFactory.java:1706)
	at org.springframework.beans.factory.support.AbstractAutowireCapableBeanFactory.doCreateBean(AbstractAutowireCapableBeanFactory.java:579)
	at org.springframework.beans.factory.support.AbstractAutowireCapableBeanFactory.createBean(AbstractAutowireCapableBeanFactory.java:501)
	at org.springframework.beans.factory.support.AbstractBeanFactory.lambda$doGetBean$0(AbstractBeanFactory.java:317)
	at org.springframework.beans.factory.support.DefaultSingletonBeanRegistry.getSingleton(DefaultSingletonBeanRegistry.java:228)
	at org.springframework.beans.factory.support.AbstractBeanFactory.doGetBean(AbstractBeanFactory.java:315)
	at org.springframework.beans.factory.support.AbstractBeanFactory.getBean(AbstractBeanFactory.java:199)
	at org.springframework.beans.factory.support.DefaultListableBeanFactory.preInstantiateSingletons(DefaultListableBeanFactory.java:760)
	at org.springframework.context.support.AbstractApplicationContext.finishBeanFactoryInitialization(AbstractApplicationContext.java:869)
	at org.springframework.context.support.AbstractApplicationContext.refresh(AbstractApplicationContext.java:550)
	at org.springframework.boot.SpringApplication.refresh(SpringApplication.java:759)
	at org.springframework.boot.SpringApplication.refreshContext(SpringApplication.java:395)
	at org.springframework.boot.SpringApplication.run(SpringApplication.java:327)
	at org.springframework.boot.test.context.SpringBootContextLoader.loadContext(SpringBootContextLoader.java:139)
	at org.springframework.test.context.cache.DefaultCacheAwareContextLoaderDelegate.loadContextInternal(DefaultCacheAwareContextLoaderDelegate.java:99)
	at org.springframework.test.context.cache.DefaultCacheAwareContextLoaderDelegate.loadContext(DefaultCacheAwareContextLoaderDelegate.java:117)
	... 26 common frames omitted
Caused by: java.io.IOException: Could not start process: failed errno:98 Address already in use for socket: 127.0.0.1:27017

	at de.flapdoodle.embed.mongo.AbstractMongoProcess.onAfterProcessStart(AbstractMongoProcess.java:79)
	at de.flapdoodle.embed.process.runtime.AbstractProcess.<init>(AbstractProcess.java:116)
	at de.flapdoodle.embed.mongo.AbstractMongoProcess.<init>(AbstractMongoProcess.java:53)
	at de.flapdoodle.embed.mongo.MongodProcess.<init>(MongodProcess.java:50)
	at de.flapdoodle.embed.mongo.MongodExecutable.start(MongodExecutable.java:44)
	at de.flapdoodle.embed.mongo.MongodExecutable.start(MongodExecutable.java:34)
	at de.flapdoodle.embed.process.runtime.Executable.start(Executable.java:108)
	at sun.reflect.NativeMethodAccessorImpl.invoke0(Native Method)
	at sun.reflect.NativeMethodAccessorImpl.invoke(NativeMethodAccessorImpl.java:62)
	at sun.reflect.DelegatingMethodAccessorImpl.invoke(DelegatingMethodAccessorImpl.java:43)
	at java.lang.reflect.Method.invoke(Method.java:498)
	at org.springframework.beans.factory.support.AbstractAutowireCapableBeanFactory.invokeCustomInitMethod(AbstractAutowireCapableBeanFactory.java:1831)
	at org.springframework.beans.factory.support.AbstractAutowireCapableBeanFactory.invokeInitMethods(AbstractAutowireCapableBeanFactory.java:1774)
	at org.springframework.beans.factory.support.AbstractAutowireCapableBeanFactory.initializeBean(AbstractAutowireCapableBeanFactory.java:1702)
	... 41 common frames omitted
2019-12-30 05:39:23 [Thread-15] INFO  o.s.b.a.mongo.embedded.EmbeddedMongo -
				2019-12-30T05:39:23.755+0000 I NETWORK  [initandlisten] connection accepted from 127.0.0.1:38600 #3 (3 connections now open)
2019-12-30 05:39:23 [main] INFO  org.mongodb.driver.connection -
				Opened connection [connectionId{localValue:3, serverValue:3}] to localhost:27017
2019-12-30 05:39:23 [Thread-15] INFO  o.s.b.a.mongo.embedded.EmbeddedMongo -
				2019-12-30T05:39:23.944+0000 I NETWORK  [initandlisten] connection accepted from 127.0.0.1:38602 #4 (4 connections now open)
2019-12-30 05:39:23 [Thread-17] INFO  o.s.c.a.AnnotationConfigApplicationContext -
				Closing org.springframework.context.annotation.AnnotationConfigApplicationContext@42b4df5a: startup date [Mon Dec 30 05:39:23 UTC 2019]; root of context hierarchy
2019-12-30 05:39:23 [Thread-2] INFO  o.s.w.c.s.GenericWebApplicationContext -
				Closing org.springframework.web.context.support.GenericWebApplicationContext@7ef2d7a6: startup date [Mon Dec 30 05:39:16 UTC 2019]; root of context hierarchy
2019-12-30 05:39:24 [Thread-8] INFO  o.s.w.c.s.GenericWebApplicationContext -
				Closing org.springframework.web.context.support.GenericWebApplicationContext@79e66b2f: startup date [Mon Dec 30 05:39:19 UTC 2019]; root of context hierarchy
2019-12-30 05:39:24 [Thread-15] INFO  o.s.b.a.mongo.embedded.EmbeddedMongo -
				2019-12-30T05:39:24.011+0000 I NETWORK  [initandlisten] connection accepted from 127.0.0.1:38604 #5 (5 connections now open)
2019-12-30 05:39:24 [Thread-8] INFO  o.s.c.s.DefaultLifecycleProcessor -
				Stopping beans in phase 2147483647
2019-12-30 05:39:24 [Thread-17] INFO  org.mongodb.driver.connection -
				Closed connection [connectionId{localValue:3, serverValue:3}] to localhost:27017 because the pool has been closed.
2019-12-30 05:39:24 [Thread-15] INFO  o.s.b.a.mongo.embedded.EmbeddedMongo -
				2019-12-30T05:39:24.018+0000 I COMMAND  [conn5] terminating, shutdown command received
2019-12-30 05:39:24 [Thread-15] INFO  o.s.b.a.mongo.embedded.EmbeddedMongo -
				2019-12-30T05:39:24.018+0000 I FTDC     [conn5] Shutting down full-time diagnostic data capture
2019-12-30 05:39:24 [Thread-15] INFO  o.s.b.a.mongo.embedded.EmbeddedMongo -
				2019-12-30T05:39:24.019+0000 I CONTROL  [conn5] now exiting
2019-12-30 05:39:24 [Thread-15] INFO  o.s.b.a.mongo.embedded.EmbeddedMongo -
				2019-12-30T05:39:24.019+0000 I NETWORK  [conn3] end connection 127.0.0.1:38600 (4 connections now open)
2019-12-30 05:39:24 [Thread-15] INFO  o.s.b.a.mongo.embedded.EmbeddedMongo -
				2019-12-30T05:39:24.019+0000 I NETWORK  [conn1] end connection 127.0.0.1:38596 (4 connections now open)
2019-12-30 05:39:24 [Thread-15] INFO  o.s.b.a.mongo.embedded.EmbeddedMongo -
				2019-12-30T05:39:24.023+0000 I NETWORK  [conn5] shutdown: going to close listening sockets...
2019-12-30 05:39:24 [Thread-15] INFO  o.s.b.a.mongo.embedded.EmbeddedMongo -
				2019-12-30T05:39:24.023+0000 I NETWORK  [conn5] closing listening socket: 5
2019-12-30 05:39:24 [Thread-15] INFO  o.s.b.a.mongo.embedded.EmbeddedMongo -
				2019-12-30T05:39:24.024+0000 I NETWORK  [conn5] closing listening socket: 6
2019-12-30 05:39:24 [Thread-15] INFO  o.s.b.a.mongo.embedded.EmbeddedMongo -
				2019-12-30T05:39:24.024+0000 I NETWORK  [conn5] removing socket file: /tmp/mongodb-27017.sock
2019-12-30 05:39:24 [Thread-15] INFO  o.s.b.a.mongo.embedded.EmbeddedMongo -
				2019-12-30T05:39:24.024+0000 I NETWORK  [conn5] shutdown: going to flush diaglog...
2019-12-30 05:39:24 [Thread-15] INFO  o.s.b.a.mongo.embedded.EmbeddedMongo -
				2019-12-30T05:39:24.024+0000 I NETWORK  [conn5] shutdown: going to close sockets...
2019-12-30 05:39:24 [Thread-15] INFO  o.s.b.a.mongo.embedded.EmbeddedMongo -
				2019-12-30T05:39:24.025+0000 I STORAGE  [conn5] WiredTigerKVEngine shutting down
2019-12-30 05:39:24 [Thread-15] INFO  o.s.b.a.mongo.embedded.EmbeddedMongo -
				2019-12-30T05:39:24.037+0000 I NETWORK  [conn2] end connection 127.0.0.1:38598 (2 connections now open)
2019-12-30 05:39:24 [Thread-15] INFO  o.s.b.a.mongo.embedded.EmbeddedMongo -
				2019-12-30T05:39:24.037+0000 I NETWORK  [conn4] end connection 127.0.0.1:38602 (2 connections now open)
2019-12-30 05:39:24 [Thread-15] INFO  o.s.b.a.mongo.embedded.EmbeddedMongo -
				2019-12-30T05:39:24.048+0000 I STORAGE  [conn5] shutdown: removing fs lock...
2019-12-30 05:39:24 [Thread-15] INFO  o.s.b.a.mongo.embedded.EmbeddedMongo -
				2019-12-30T05:39:24.048+0000 I CONTROL  [conn5] dbexit:  rc: 0
