2019-12-30 06:45:31 [main] INFO  o.s.b.t.a.w.s.WebMvcTestContextBootstrapper -
				Neither @ContextConfiguration nor @ContextHierarchy found for test class [com.stackroute.keepnote.test.controller.CategoryControllerTest], using SpringBootContextLoader
2019-12-30 06:45:31 [main] INFO  o.s.t.c.s.AbstractContextLoader -
				Could not detect default resource locations for test class [com.stackroute.keepnote.test.controller.CategoryControllerTest]: no resource found for suffixes {-context.xml, Context.groovy}.
2019-12-30 06:45:31 [main] INFO  o.s.t.c.s.AnnotationConfigContextLoaderUtils -
				Could not detect default configuration classes for test class [com.stackroute.keepnote.test.controller.CategoryControllerTest]: CategoryControllerTest does not declare any static, non-private, non-final, nested classes annotated with @Configuration.
2019-12-30 06:45:32 [main] INFO  o.s.b.t.c.SpringBootTestContextBootstrapper -
				Found @SpringBootConfiguration com.stackroute.keepnote.CategoryServiceApplication for test class com.stackroute.keepnote.test.controller.CategoryControllerTest
2019-12-30 06:45:32 [main] INFO  o.s.b.t.a.w.s.WebMvcTestContextBootstrapper -
				Loaded default TestExecutionListener class names from location [META-INF/spring.factories]: [org.springframework.boot.test.mock.mockito.MockitoTestExecutionListener, org.springframework.boot.test.mock.mockito.ResetMocksTestExecutionListener, org.springframework.boot.test.autoconfigure.restdocs.RestDocsTestExecutionListener, org.springframework.boot.test.autoconfigure.web.client.MockRestServiceServerResetTestExecutionListener, org.springframework.boot.test.autoconfigure.web.servlet.MockMvcPrintOnlyOnFailureTestExecutionListener, org.springframework.boot.test.autoconfigure.web.servlet.WebDriverTestExecutionListener, org.springframework.test.context.web.ServletTestExecutionListener, org.springframework.test.context.support.DirtiesContextBeforeModesTestExecutionListener, org.springframework.test.context.support.DependencyInjectionTestExecutionListener, org.springframework.test.context.support.DirtiesContextTestExecutionListener, org.springframework.test.context.transaction.TransactionalTestExecutionListener, org.springframework.test.context.jdbc.SqlScriptsTestExecutionListener]
2019-12-30 06:45:32 [main] INFO  o.s.b.t.a.w.s.WebMvcTestContextBootstrapper -
				Using TestExecutionListeners: [org.springframework.test.context.web.ServletTestExecutionListener@130d63be, org.springframework.test.context.support.DirtiesContextBeforeModesTestExecutionListener@42a48628, org.springframework.boot.test.mock.mockito.MockitoTestExecutionListener@293a5bf6, org.springframework.boot.test.autoconfigure.SpringBootDependencyInjectionTestExecutionListener@6aeb35e6, org.springframework.test.context.support.DirtiesContextTestExecutionListener@1283bb96, org.springframework.test.context.transaction.TransactionalTestExecutionListener@74f0ea28, org.springframework.test.context.jdbc.SqlScriptsTestExecutionListener@f6efaab, org.springframework.boot.test.mock.mockito.ResetMocksTestExecutionListener@3c19aaa5, org.springframework.boot.test.autoconfigure.restdocs.RestDocsTestExecutionListener@3349e9bb, org.springframework.boot.test.autoconfigure.web.client.MockRestServiceServerResetTestExecutionListener@409bf450, org.springframework.boot.test.autoconfigure.web.servlet.MockMvcPrintOnlyOnFailureTestExecutionListener@38d8f54a, org.springframework.boot.test.autoconfigure.web.servlet.WebDriverTestExecutionListener@49e53c76]
2019-12-30 06:45:32 [main] INFO  o.s.b.t.c.SpringBootTestContextBootstrapper -
				Neither @ContextConfiguration nor @ContextHierarchy found for test class [com.stackroute.keepnote.test.log.LoggerTest], using SpringBootContextLoader
2019-12-30 06:45:32 [main] INFO  o.s.t.c.s.AbstractContextLoader -
				Could not detect default resource locations for test class [com.stackroute.keepnote.test.log.LoggerTest]: no resource found for suffixes {-context.xml, Context.groovy}.
2019-12-30 06:45:32 [main] INFO  o.s.t.c.s.AnnotationConfigContextLoaderUtils -
				Could not detect default configuration classes for test class [com.stackroute.keepnote.test.log.LoggerTest]: LoggerTest does not declare any static, non-private, non-final, nested classes annotated with @Configuration.
2019-12-30 06:45:32 [main] INFO  o.s.b.t.c.SpringBootTestContextBootstrapper -
				Found @SpringBootConfiguration com.stackroute.keepnote.CategoryServiceApplication for test class com.stackroute.keepnote.test.log.LoggerTest
2019-12-30 06:45:32 [main] INFO  o.s.b.t.c.SpringBootTestContextBootstrapper -
				Loaded default TestExecutionListener class names from location [META-INF/spring.factories]: [org.springframework.boot.test.mock.mockito.MockitoTestExecutionListener, org.springframework.boot.test.mock.mockito.ResetMocksTestExecutionListener, org.springframework.boot.test.autoconfigure.restdocs.RestDocsTestExecutionListener, org.springframework.boot.test.autoconfigure.web.client.MockRestServiceServerResetTestExecutionListener, org.springframework.boot.test.autoconfigure.web.servlet.MockMvcPrintOnlyOnFailureTestExecutionListener, org.springframework.boot.test.autoconfigure.web.servlet.WebDriverTestExecutionListener, org.springframework.test.context.web.ServletTestExecutionListener, org.springframework.test.context.support.DirtiesContextBeforeModesTestExecutionListener, org.springframework.test.context.support.DependencyInjectionTestExecutionListener, org.springframework.test.context.support.DirtiesContextTestExecutionListener, org.springframework.test.context.transaction.TransactionalTestExecutionListener, org.springframework.test.context.jdbc.SqlScriptsTestExecutionListener]
2019-12-30 06:45:32 [main] INFO  o.s.b.t.c.SpringBootTestContextBootstrapper -
				Using TestExecutionListeners: [org.springframework.test.context.web.ServletTestExecutionListener@28f3b248, org.springframework.test.context.support.DirtiesContextBeforeModesTestExecutionListener@1b1426f4, org.springframework.boot.test.mock.mockito.MockitoTestExecutionListener@32b260fa, org.springframework.boot.test.autoconfigure.SpringBootDependencyInjectionTestExecutionListener@581ac8a8, org.springframework.test.context.support.DirtiesContextTestExecutionListener@6d4e5011, org.springframework.test.context.transaction.TransactionalTestExecutionListener@57d7f8ca, org.springframework.test.context.jdbc.SqlScriptsTestExecutionListener@76c3e77a, org.springframework.boot.test.mock.mockito.ResetMocksTestExecutionListener@78123e82, org.springframework.boot.test.autoconfigure.restdocs.RestDocsTestExecutionListener@67c33749, org.springframework.boot.test.autoconfigure.web.client.MockRestServiceServerResetTestExecutionListener@fba92d3, org.springframework.boot.test.autoconfigure.web.servlet.MockMvcPrintOnlyOnFailureTestExecutionListener@662b4c69, org.springframework.boot.test.autoconfigure.web.servlet.WebDriverTestExecutionListener@fa49800]
2019-12-30 06:45:32 [main] INFO  o.s.b.t.c.SpringBootTestContextBootstrapper -
				Neither @ContextConfiguration nor @ContextHierarchy found for test class [com.stackroute.keepnote.test.repository.CategoryRepositoryTest], using SpringBootContextLoader
2019-12-30 06:45:32 [main] INFO  o.s.t.c.s.AbstractContextLoader -
				Could not detect default resource locations for test class [com.stackroute.keepnote.test.repository.CategoryRepositoryTest]: no resource found for suffixes {-context.xml, Context.groovy}.
2019-12-30 06:45:32 [main] INFO  o.s.t.c.s.AnnotationConfigContextLoaderUtils -
				Could not detect default configuration classes for test class [com.stackroute.keepnote.test.repository.CategoryRepositoryTest]: CategoryRepositoryTest does not declare any static, non-private, non-final, nested classes annotated with @Configuration.
2019-12-30 06:45:32 [main] INFO  o.s.b.t.c.SpringBootTestContextBootstrapper -
				Found @SpringBootConfiguration com.stackroute.keepnote.CategoryServiceApplication for test class com.stackroute.keepnote.test.repository.CategoryRepositoryTest
2019-12-30 06:45:32 [main] INFO  o.s.b.t.c.SpringBootTestContextBootstrapper -
				Loaded default TestExecutionListener class names from location [META-INF/spring.factories]: [org.springframework.boot.test.mock.mockito.MockitoTestExecutionListener, org.springframework.boot.test.mock.mockito.ResetMocksTestExecutionListener, org.springframework.boot.test.autoconfigure.restdocs.RestDocsTestExecutionListener, org.springframework.boot.test.autoconfigure.web.client.MockRestServiceServerResetTestExecutionListener, org.springframework.boot.test.autoconfigure.web.servlet.MockMvcPrintOnlyOnFailureTestExecutionListener, org.springframework.boot.test.autoconfigure.web.servlet.WebDriverTestExecutionListener, org.springframework.test.context.web.ServletTestExecutionListener, org.springframework.test.context.support.DirtiesContextBeforeModesTestExecutionListener, org.springframework.test.context.support.DependencyInjectionTestExecutionListener, org.springframework.test.context.support.DirtiesContextTestExecutionListener, org.springframework.test.context.transaction.TransactionalTestExecutionListener, org.springframework.test.context.jdbc.SqlScriptsTestExecutionListener]
2019-12-30 06:45:32 [main] INFO  o.s.b.t.c.SpringBootTestContextBootstrapper -
				Using TestExecutionListeners: [org.springframework.test.context.web.ServletTestExecutionListener@2b91004a, org.springframework.test.context.support.DirtiesContextBeforeModesTestExecutionListener@20ccf40b, org.springframework.boot.test.mock.mockito.MockitoTestExecutionListener@2fb3536e, org.springframework.boot.test.autoconfigure.SpringBootDependencyInjectionTestExecutionListener@169e6180, org.springframework.test.context.support.DirtiesContextTestExecutionListener@35aea049, org.springframework.test.context.transaction.TransactionalTestExecutionListener@7205765b, org.springframework.test.context.jdbc.SqlScriptsTestExecutionListener@47987356, org.springframework.boot.test.mock.mockito.ResetMocksTestExecutionListener@22ef9844, org.springframework.boot.test.autoconfigure.restdocs.RestDocsTestExecutionListener@6283d8b8, org.springframework.boot.test.autoconfigure.web.client.MockRestServiceServerResetTestExecutionListener@3b6ddd1d, org.springframework.boot.test.autoconfigure.web.servlet.MockMvcPrintOnlyOnFailureTestExecutionListener@3f6b0be5, org.springframework.boot.test.autoconfigure.web.servlet.WebDriverTestExecutionListener@611889f4]
2019-12-30 06:45:34 [main] INFO  o.s.w.c.s.GenericWebApplicationContext -
				Refreshing org.springframework.web.context.support.GenericWebApplicationContext@cdc3aae: startup date [Mon Dec 30 06:45:34 UTC 2019]; root of context hierarchy
2019-12-30 06:45:36 [main] INFO  o.s.w.s.h.SimpleUrlHandlerMapping -
				Mapped URL path [/**/favicon.ico] onto handler of type [class org.springframework.web.servlet.resource.ResourceHttpRequestHandler]
2019-12-30 06:45:37 [main] INFO  o.s.w.s.m.m.a.RequestMappingHandlerAdapter -
				Looking for @ControllerAdvice: org.springframework.web.context.support.GenericWebApplicationContext@cdc3aae: startup date [Mon Dec 30 06:45:34 UTC 2019]; root of context hierarchy
2019-12-30 06:45:37 [main] INFO  o.s.w.s.m.m.a.RequestMappingHandlerMapping -
				Mapped "{[/api/v1/category],methods=[POST]}" onto public org.springframework.http.ResponseEntity<?> com.stackroute.keepnote.controller.CategoryController.createCategory(com.stackroute.keepnote.model.Category)
2019-12-30 06:45:37 [main] INFO  o.s.w.s.m.m.a.RequestMappingHandlerMapping -
				Mapped "{[/api/v1/category/{id}],methods=[DELETE]}" onto public org.springframework.http.ResponseEntity<?> com.stackroute.keepnote.controller.CategoryController.deleteCategory(java.lang.String)
2019-12-30 06:45:37 [main] INFO  o.s.w.s.m.m.a.RequestMappingHandlerMapping -
				Mapped "{[/api/v1/category/{id}],methods=[PUT]}" onto public org.springframework.http.ResponseEntity<?> com.stackroute.keepnote.controller.CategoryController.updateCategory(com.stackroute.keepnote.model.Category,java.lang.String)
2019-12-30 06:45:37 [main] INFO  o.s.w.s.m.m.a.RequestMappingHandlerMapping -
				Mapped "{[/api/v1/category/{id}],methods=[GET]}" onto public org.springframework.http.ResponseEntity<?> com.stackroute.keepnote.controller.CategoryController.getCategoryById(java.lang.String)
2019-12-30 06:45:37 [main] INFO  o.s.w.s.m.m.a.RequestMappingHandlerMapping -
				Mapped "{[/api/v1/category],methods=[GET]}" onto public org.springframework.http.ResponseEntity<?> com.stackroute.keepnote.controller.CategoryController.getCategory(java.lang.String)
2019-12-30 06:45:37 [main] INFO  o.s.w.s.m.m.a.RequestMappingHandlerMapping -
				Mapped "{[/error],produces=[text/html]}" onto public org.springframework.web.servlet.ModelAndView org.springframework.boot.autoconfigure.web.servlet.error.BasicErrorController.errorHtml(javax.servlet.http.HttpServletRequest,javax.servlet.http.HttpServletResponse)
2019-12-30 06:45:37 [main] INFO  o.s.w.s.m.m.a.RequestMappingHandlerMapping -
				Mapped "{[/error]}" onto public org.springframework.http.ResponseEntity<java.util.Map<java.lang.String, java.lang.Object>> org.springframework.boot.autoconfigure.web.servlet.error.BasicErrorController.error(javax.servlet.http.HttpServletRequest)
2019-12-30 06:45:37 [main] INFO  o.s.w.s.h.SimpleUrlHandlerMapping -
				Mapped URL path [/webjars/**] onto handler of type [class org.springframework.web.servlet.resource.ResourceHttpRequestHandler]
2019-12-30 06:45:37 [main] INFO  o.s.w.s.h.SimpleUrlHandlerMapping -
				Mapped URL path [/**] onto handler of type [class org.springframework.web.servlet.resource.ResourceHttpRequestHandler]
2019-12-30 06:45:37 [main] INFO  o.s.b.t.m.w.SpringBootMockServletContext -
				Initializing Spring FrameworkServlet ''
2019-12-30 06:45:37 [main] INFO  o.s.t.w.s.TestDispatcherServlet -
				FrameworkServlet '': initialization started
2019-12-30 06:45:37 [main] INFO  o.s.t.w.s.TestDispatcherServlet -
				FrameworkServlet '': initialization completed in 21 ms
2019-12-30 06:45:37 [main] INFO  o.s.w.s.m.m.a.RequestMappingHandlerMapping -
				Mapped "{[/api/v1/category],methods=[POST]}" onto public org.springframework.http.ResponseEntity<?> com.stackroute.keepnote.controller.CategoryController.createCategory(com.stackroute.keepnote.model.Category)
2019-12-30 06:45:37 [main] INFO  o.s.w.s.m.m.a.RequestMappingHandlerMapping -
				Mapped "{[/api/v1/category/{id}],methods=[DELETE]}" onto public org.springframework.http.ResponseEntity<?> com.stackroute.keepnote.controller.CategoryController.deleteCategory(java.lang.String)
2019-12-30 06:45:37 [main] INFO  o.s.w.s.m.m.a.RequestMappingHandlerMapping -
				Mapped "{[/api/v1/category/{id}],methods=[PUT]}" onto public org.springframework.http.ResponseEntity<?> com.stackroute.keepnote.controller.CategoryController.updateCategory(com.stackroute.keepnote.model.Category,java.lang.String)
2019-12-30 06:45:37 [main] INFO  o.s.w.s.m.m.a.RequestMappingHandlerMapping -
				Mapped "{[/api/v1/category/{id}],methods=[GET]}" onto public org.springframework.http.ResponseEntity<?> com.stackroute.keepnote.controller.CategoryController.getCategoryById(java.lang.String)
2019-12-30 06:45:37 [main] INFO  o.s.w.s.m.m.a.RequestMappingHandlerMapping -
				Mapped "{[/api/v1/category],methods=[GET]}" onto public org.springframework.http.ResponseEntity<?> com.stackroute.keepnote.controller.CategoryController.getCategory(java.lang.String)
2019-12-30 06:45:37 [main] INFO  o.s.w.s.m.m.a.RequestMappingHandlerAdapter -
				Looking for @ControllerAdvice: org.springframework.test.web.servlet.setup.StubWebApplicationContext@73d3e555
2019-12-30 06:45:37 [main] INFO  o.s.mock.web.MockServletContext -
				Initializing Spring FrameworkServlet ''
2019-12-30 06:45:37 [main] INFO  o.s.t.w.s.TestDispatcherServlet -
				FrameworkServlet '': initialization started
2019-12-30 06:45:37 [main] INFO  o.s.t.w.s.TestDispatcherServlet -
				FrameworkServlet '': initialization completed in 0 ms
2019-12-30 06:45:37 [main] INFO  o.s.w.s.m.m.a.RequestMappingHandlerMapping -
				Mapped "{[/api/v1/category],methods=[POST]}" onto public org.springframework.http.ResponseEntity<?> com.stackroute.keepnote.controller.CategoryController.createCategory(com.stackroute.keepnote.model.Category)
2019-12-30 06:45:37 [main] INFO  o.s.w.s.m.m.a.RequestMappingHandlerMapping -
				Mapped "{[/api/v1/category/{id}],methods=[DELETE]}" onto public org.springframework.http.ResponseEntity<?> com.stackroute.keepnote.controller.CategoryController.deleteCategory(java.lang.String)
2019-12-30 06:45:37 [main] INFO  o.s.w.s.m.m.a.RequestMappingHandlerMapping -
				Mapped "{[/api/v1/category/{id}],methods=[PUT]}" onto public org.springframework.http.ResponseEntity<?> com.stackroute.keepnote.controller.CategoryController.updateCategory(com.stackroute.keepnote.model.Category,java.lang.String)
2019-12-30 06:45:37 [main] INFO  o.s.w.s.m.m.a.RequestMappingHandlerMapping -
				Mapped "{[/api/v1/category/{id}],methods=[GET]}" onto public org.springframework.http.ResponseEntity<?> com.stackroute.keepnote.controller.CategoryController.getCategoryById(java.lang.String)
2019-12-30 06:45:37 [main] INFO  o.s.w.s.m.m.a.RequestMappingHandlerMapping -
				Mapped "{[/api/v1/category],methods=[GET]}" onto public org.springframework.http.ResponseEntity<?> com.stackroute.keepnote.controller.CategoryController.getCategory(java.lang.String)
2019-12-30 06:45:37 [main] INFO  o.s.w.s.m.m.a.RequestMappingHandlerAdapter -
				Looking for @ControllerAdvice: org.springframework.test.web.servlet.setup.StubWebApplicationContext@6981f8f3
2019-12-30 06:45:37 [main] INFO  o.s.mock.web.MockServletContext -
				Initializing Spring FrameworkServlet ''
2019-12-30 06:45:37 [main] INFO  o.s.t.w.s.TestDispatcherServlet -
				FrameworkServlet '': initialization started
2019-12-30 06:45:37 [main] INFO  o.s.t.w.s.TestDispatcherServlet -
				FrameworkServlet '': initialization completed in 0 ms
2019-12-30 06:45:37 [main] INFO  o.s.w.s.m.m.a.RequestMappingHandlerMapping -
				Mapped "{[/api/v1/category],methods=[POST]}" onto public org.springframework.http.ResponseEntity<?> com.stackroute.keepnote.controller.CategoryController.createCategory(com.stackroute.keepnote.model.Category)
2019-12-30 06:45:37 [main] INFO  o.s.w.s.m.m.a.RequestMappingHandlerMapping -
				Mapped "{[/api/v1/category/{id}],methods=[DELETE]}" onto public org.springframework.http.ResponseEntity<?> com.stackroute.keepnote.controller.CategoryController.deleteCategory(java.lang.String)
2019-12-30 06:45:37 [main] INFO  o.s.w.s.m.m.a.RequestMappingHandlerMapping -
				Mapped "{[/api/v1/category/{id}],methods=[PUT]}" onto public org.springframework.http.ResponseEntity<?> com.stackroute.keepnote.controller.CategoryController.updateCategory(com.stackroute.keepnote.model.Category,java.lang.String)
2019-12-30 06:45:37 [main] INFO  o.s.w.s.m.m.a.RequestMappingHandlerMapping -
				Mapped "{[/api/v1/category/{id}],methods=[GET]}" onto public org.springframework.http.ResponseEntity<?> com.stackroute.keepnote.controller.CategoryController.getCategoryById(java.lang.String)
2019-12-30 06:45:37 [main] INFO  o.s.w.s.m.m.a.RequestMappingHandlerMapping -
				Mapped "{[/api/v1/category],methods=[GET]}" onto public org.springframework.http.ResponseEntity<?> com.stackroute.keepnote.controller.CategoryController.getCategory(java.lang.String)
2019-12-30 06:45:37 [main] INFO  o.s.w.s.m.m.a.RequestMappingHandlerAdapter -
				Looking for @ControllerAdvice: org.springframework.test.web.servlet.setup.StubWebApplicationContext@709ed6f3
2019-12-30 06:45:37 [main] INFO  o.s.mock.web.MockServletContext -
				Initializing Spring FrameworkServlet ''
2019-12-30 06:45:37 [main] INFO  o.s.t.w.s.TestDispatcherServlet -
				FrameworkServlet '': initialization started
2019-12-30 06:45:37 [main] INFO  o.s.t.w.s.TestDispatcherServlet -
				FrameworkServlet '': initialization completed in 0 ms
2019-12-30 06:45:37 [main] INFO  o.s.w.s.m.m.a.RequestMappingHandlerMapping -
				Mapped "{[/api/v1/category],methods=[POST]}" onto public org.springframework.http.ResponseEntity<?> com.stackroute.keepnote.controller.CategoryController.createCategory(com.stackroute.keepnote.model.Category)
2019-12-30 06:45:37 [main] INFO  o.s.w.s.m.m.a.RequestMappingHandlerMapping -
				Mapped "{[/api/v1/category/{id}],methods=[DELETE]}" onto public org.springframework.http.ResponseEntity<?> com.stackroute.keepnote.controller.CategoryController.deleteCategory(java.lang.String)
2019-12-30 06:45:37 [main] INFO  o.s.w.s.m.m.a.RequestMappingHandlerMapping -
				Mapped "{[/api/v1/category/{id}],methods=[PUT]}" onto public org.springframework.http.ResponseEntity<?> com.stackroute.keepnote.controller.CategoryController.updateCategory(com.stackroute.keepnote.model.Category,java.lang.String)
2019-12-30 06:45:37 [main] INFO  o.s.w.s.m.m.a.RequestMappingHandlerMapping -
				Mapped "{[/api/v1/category/{id}],methods=[GET]}" onto public org.springframework.http.ResponseEntity<?> com.stackroute.keepnote.controller.CategoryController.getCategoryById(java.lang.String)
2019-12-30 06:45:37 [main] INFO  o.s.w.s.m.m.a.RequestMappingHandlerMapping -
				Mapped "{[/api/v1/category],methods=[GET]}" onto public org.springframework.http.ResponseEntity<?> com.stackroute.keepnote.controller.CategoryController.getCategory(java.lang.String)
2019-12-30 06:45:37 [main] INFO  o.s.w.s.m.m.a.RequestMappingHandlerAdapter -
				Looking for @ControllerAdvice: org.springframework.test.web.servlet.setup.StubWebApplicationContext@237f7970
2019-12-30 06:45:37 [main] INFO  o.s.mock.web.MockServletContext -
				Initializing Spring FrameworkServlet ''
2019-12-30 06:45:37 [main] INFO  o.s.t.w.s.TestDispatcherServlet -
				FrameworkServlet '': initialization started
2019-12-30 06:45:37 [main] INFO  o.s.t.w.s.TestDispatcherServlet -
				FrameworkServlet '': initialization completed in 0 ms
2019-12-30 06:45:37 [main] INFO  o.s.w.s.m.m.a.RequestMappingHandlerMapping -
				Mapped "{[/api/v1/category],methods=[POST]}" onto public org.springframework.http.ResponseEntity<?> com.stackroute.keepnote.controller.CategoryController.createCategory(com.stackroute.keepnote.model.Category)
2019-12-30 06:45:37 [main] INFO  o.s.w.s.m.m.a.RequestMappingHandlerMapping -
				Mapped "{[/api/v1/category/{id}],methods=[DELETE]}" onto public org.springframework.http.ResponseEntity<?> com.stackroute.keepnote.controller.CategoryController.deleteCategory(java.lang.String)
2019-12-30 06:45:37 [main] INFO  o.s.w.s.m.m.a.RequestMappingHandlerMapping -
				Mapped "{[/api/v1/category/{id}],methods=[PUT]}" onto public org.springframework.http.ResponseEntity<?> com.stackroute.keepnote.controller.CategoryController.updateCategory(com.stackroute.keepnote.model.Category,java.lang.String)
2019-12-30 06:45:37 [main] INFO  o.s.w.s.m.m.a.RequestMappingHandlerMapping -
				Mapped "{[/api/v1/category/{id}],methods=[GET]}" onto public org.springframework.http.ResponseEntity<?> com.stackroute.keepnote.controller.CategoryController.getCategoryById(java.lang.String)
2019-12-30 06:45:37 [main] INFO  o.s.w.s.m.m.a.RequestMappingHandlerMapping -
				Mapped "{[/api/v1/category],methods=[GET]}" onto public org.springframework.http.ResponseEntity<?> com.stackroute.keepnote.controller.CategoryController.getCategory(java.lang.String)
2019-12-30 06:45:37 [main] INFO  o.s.w.s.m.m.a.RequestMappingHandlerAdapter -
				Looking for @ControllerAdvice: org.springframework.test.web.servlet.setup.StubWebApplicationContext@250a500b
2019-12-30 06:45:37 [main] INFO  o.s.mock.web.MockServletContext -
				Initializing Spring FrameworkServlet ''
2019-12-30 06:45:37 [main] INFO  o.s.t.w.s.TestDispatcherServlet -
				FrameworkServlet '': initialization started
2019-12-30 06:45:37 [main] INFO  o.s.t.w.s.TestDispatcherServlet -
				FrameworkServlet '': initialization completed in 1 ms
2019-12-30 06:45:37 [main] INFO  o.s.w.s.m.m.a.RequestMappingHandlerMapping -
				Mapped "{[/api/v1/category],methods=[POST]}" onto public org.springframework.http.ResponseEntity<?> com.stackroute.keepnote.controller.CategoryController.createCategory(com.stackroute.keepnote.model.Category)
2019-12-30 06:45:37 [main] INFO  o.s.w.s.m.m.a.RequestMappingHandlerMapping -
				Mapped "{[/api/v1/category/{id}],methods=[DELETE]}" onto public org.springframework.http.ResponseEntity<?> com.stackroute.keepnote.controller.CategoryController.deleteCategory(java.lang.String)
2019-12-30 06:45:37 [main] INFO  o.s.w.s.m.m.a.RequestMappingHandlerMapping -
				Mapped "{[/api/v1/category/{id}],methods=[PUT]}" onto public org.springframework.http.ResponseEntity<?> com.stackroute.keepnote.controller.CategoryController.updateCategory(com.stackroute.keepnote.model.Category,java.lang.String)
2019-12-30 06:45:37 [main] INFO  o.s.w.s.m.m.a.RequestMappingHandlerMapping -
				Mapped "{[/api/v1/category/{id}],methods=[GET]}" onto public org.springframework.http.ResponseEntity<?> com.stackroute.keepnote.controller.CategoryController.getCategoryById(java.lang.String)
2019-12-30 06:45:37 [main] INFO  o.s.w.s.m.m.a.RequestMappingHandlerMapping -
				Mapped "{[/api/v1/category],methods=[GET]}" onto public org.springframework.http.ResponseEntity<?> com.stackroute.keepnote.controller.CategoryController.getCategory(java.lang.String)
2019-12-30 06:45:37 [main] INFO  o.s.w.s.m.m.a.RequestMappingHandlerAdapter -
				Looking for @ControllerAdvice: org.springframework.test.web.servlet.setup.StubWebApplicationContext@ff23ae7
2019-12-30 06:45:37 [main] INFO  o.s.mock.web.MockServletContext -
				Initializing Spring FrameworkServlet ''
2019-12-30 06:45:37 [main] INFO  o.s.t.w.s.TestDispatcherServlet -
				FrameworkServlet '': initialization started
2019-12-30 06:45:37 [main] INFO  o.s.t.w.s.TestDispatcherServlet -
				FrameworkServlet '': initialization completed in 0 ms
2019-12-30 06:45:37 [main] INFO  o.s.w.s.m.m.a.RequestMappingHandlerMapping -
				Mapped "{[/api/v1/category],methods=[POST]}" onto public org.springframework.http.ResponseEntity<?> com.stackroute.keepnote.controller.CategoryController.createCategory(com.stackroute.keepnote.model.Category)
2019-12-30 06:45:37 [main] INFO  o.s.w.s.m.m.a.RequestMappingHandlerMapping -
				Mapped "{[/api/v1/category/{id}],methods=[DELETE]}" onto public org.springframework.http.ResponseEntity<?> com.stackroute.keepnote.controller.CategoryController.deleteCategory(java.lang.String)
2019-12-30 06:45:37 [main] INFO  o.s.w.s.m.m.a.RequestMappingHandlerMapping -
				Mapped "{[/api/v1/category/{id}],methods=[PUT]}" onto public org.springframework.http.ResponseEntity<?> com.stackroute.keepnote.controller.CategoryController.updateCategory(com.stackroute.keepnote.model.Category,java.lang.String)
2019-12-30 06:45:37 [main] INFO  o.s.w.s.m.m.a.RequestMappingHandlerMapping -
				Mapped "{[/api/v1/category/{id}],methods=[GET]}" onto public org.springframework.http.ResponseEntity<?> com.stackroute.keepnote.controller.CategoryController.getCategoryById(java.lang.String)
2019-12-30 06:45:37 [main] INFO  o.s.w.s.m.m.a.RequestMappingHandlerMapping -
				Mapped "{[/api/v1/category],methods=[GET]}" onto public org.springframework.http.ResponseEntity<?> com.stackroute.keepnote.controller.CategoryController.getCategory(java.lang.String)
2019-12-30 06:45:37 [main] INFO  o.s.w.s.m.m.a.RequestMappingHandlerAdapter -
				Looking for @ControllerAdvice: org.springframework.test.web.servlet.setup.StubWebApplicationContext@7e53339
2019-12-30 06:45:37 [main] INFO  o.s.mock.web.MockServletContext -
				Initializing Spring FrameworkServlet ''
2019-12-30 06:45:37 [main] INFO  o.s.t.w.s.TestDispatcherServlet -
				FrameworkServlet '': initialization started
2019-12-30 06:45:37 [main] INFO  o.s.t.w.s.TestDispatcherServlet -
				FrameworkServlet '': initialization completed in 0 ms
2019-12-30 06:45:38 [main] INFO  o.s.w.s.m.m.a.RequestMappingHandlerMapping -
				Mapped "{[/api/v1/category],methods=[POST]}" onto public org.springframework.http.ResponseEntity<?> com.stackroute.keepnote.controller.CategoryController.createCategory(com.stackroute.keepnote.model.Category)
2019-12-30 06:45:38 [main] INFO  o.s.w.s.m.m.a.RequestMappingHandlerMapping -
				Mapped "{[/api/v1/category/{id}],methods=[DELETE]}" onto public org.springframework.http.ResponseEntity<?> com.stackroute.keepnote.controller.CategoryController.deleteCategory(java.lang.String)
2019-12-30 06:45:38 [main] INFO  o.s.w.s.m.m.a.RequestMappingHandlerMapping -
				Mapped "{[/api/v1/category/{id}],methods=[PUT]}" onto public org.springframework.http.ResponseEntity<?> com.stackroute.keepnote.controller.CategoryController.updateCategory(com.stackroute.keepnote.model.Category,java.lang.String)
2019-12-30 06:45:38 [main] INFO  o.s.w.s.m.m.a.RequestMappingHandlerMapping -
				Mapped "{[/api/v1/category/{id}],methods=[GET]}" onto public org.springframework.http.ResponseEntity<?> com.stackroute.keepnote.controller.CategoryController.getCategoryById(java.lang.String)
2019-12-30 06:45:38 [main] INFO  o.s.w.s.m.m.a.RequestMappingHandlerMapping -
				Mapped "{[/api/v1/category],methods=[GET]}" onto public org.springframework.http.ResponseEntity<?> com.stackroute.keepnote.controller.CategoryController.getCategory(java.lang.String)
2019-12-30 06:45:38 [main] INFO  o.s.w.s.m.m.a.RequestMappingHandlerAdapter -
				Looking for @ControllerAdvice: org.springframework.test.web.servlet.setup.StubWebApplicationContext@3d0035d2
2019-12-30 06:45:38 [main] INFO  o.s.mock.web.MockServletContext -
				Initializing Spring FrameworkServlet ''
2019-12-30 06:45:38 [main] INFO  o.s.t.w.s.TestDispatcherServlet -
				FrameworkServlet '': initialization started
2019-12-30 06:45:38 [main] INFO  o.s.t.w.s.TestDispatcherServlet -
				FrameworkServlet '': initialization completed in 0 ms
2019-12-30 06:45:38 [main] INFO  o.s.w.c.s.GenericWebApplicationContext -
				Refreshing org.springframework.web.context.support.GenericWebApplicationContext@6d6bbd35: startup date [Mon Dec 30 06:45:38 UTC 2019]; root of context hierarchy
2019-12-30 06:45:40 [Thread-5] INFO  o.s.b.a.mongo.embedded.EmbeddedMongo -
				note: noprealloc may hurt performance in many applications
2019-12-30 06:45:40 [Thread-5] INFO  o.s.b.a.mongo.embedded.EmbeddedMongo -
				2019-12-30T06:45:40.233+0000 I CONTROL  [initandlisten] MongoDB starting : pid=1593 port=27017 dbpath=/tmp/embedmongo-db-2dda629c-fa4f-4dcb-b0d3-d927a844df84 64-bit host=ip-172-31-34-12
2019-12-30 06:45:40 [Thread-5] INFO  o.s.b.a.mongo.embedded.EmbeddedMongo -
				2019-12-30T06:45:40.235+0000 I CONTROL  [initandlisten] db version v3.2.2
2019-12-30 06:45:40 [Thread-5] INFO  o.s.b.a.mongo.embedded.EmbeddedMongo -
				2019-12-30T06:45:40.237+0000 I CONTROL  [initandlisten] git version: 6e71d0d568e134c029203593b00a0103e7cdf30b
2019-12-30 06:45:40 [Thread-5] INFO  o.s.b.a.mongo.embedded.EmbeddedMongo -
				2019-12-30T06:45:40.238+0000 I CONTROL  [initandlisten] allocator: tcmalloc
2019-12-30 06:45:40 [Thread-5] INFO  o.s.b.a.mongo.embedded.EmbeddedMongo -
				2019-12-30T06:45:40.238+0000 I CONTROL  [initandlisten] modules: none
2019-12-30 06:45:40 [Thread-5] INFO  o.s.b.a.mongo.embedded.EmbeddedMongo -
				2019-12-30T06:45:40.239+0000 I CONTROL  [initandlisten] build environment:
2019-12-30 06:45:40 [Thread-5] INFO  o.s.b.a.mongo.embedded.EmbeddedMongo -
				2019-12-30T06:45:40.239+0000 I CONTROL  [initandlisten]     distarch: x86_64
2019-12-30 06:45:40 [Thread-5] INFO  o.s.b.a.mongo.embedded.EmbeddedMongo -
				2019-12-30T06:45:40.239+0000 I CONTROL  [initandlisten]     target_arch: x86_64
2019-12-30 06:45:40 [Thread-5] INFO  o.s.b.a.mongo.embedded.EmbeddedMongo -
				2019-12-30T06:45:40.240+0000 I CONTROL  [initandlisten] options: { net: { bindIp: "127.0.0.1", http: { enabled: false }, port: 27017 }, security: { authorization: "disabled" }, storage: { dbPath: "/tmp/embedmongo-db-2dda629c-fa4f-4dcb-b0d3-d927a844df84", journal: { enabled: false }, mmapv1: { preallocDataFiles: false, smallFiles: true }, syncPeriodSecs: 0.0 } }
2019-12-30 06:45:40 [Thread-5] INFO  o.s.b.a.mongo.embedded.EmbeddedMongo -
				2019-12-30T06:45:40.266+0000 I STORAGE  [initandlisten] wiredtiger_open config: create,cache_size=4G,session_max=20000,eviction=(threads_max=4),config_base=false,statistics=(fast),log=(enabled=true,archive=true,path=journal,compressor=snappy),file_manager=(close_idle_time=100000),checkpoint=(wait=0,log_size=2GB),statistics_log=(wait=0),,log=(enabled=false),
2019-12-30 06:45:40 [Thread-5] INFO  o.s.b.a.mongo.embedded.EmbeddedMongo -
				2019-12-30T06:45:40.323+0000 W STORAGE  [initandlisten] Detected configuration for non-active storage engine mmapv1 when current storage engine is wiredTiger
2019-12-30 06:45:40 [Thread-5] INFO  o.s.b.a.mongo.embedded.EmbeddedMongo -
				2019-12-30T06:45:40.324+0000 I FTDC     [initandlisten] Initializing full-time diagnostic data capture with directory '/tmp/embedmongo-db-2dda629c-fa4f-4dcb-b0d3-d927a844df84/diagnostic.data'
2019-12-30 06:45:40 [Thread-5] INFO  o.s.b.a.mongo.embedded.EmbeddedMongo -
				2019-12-30T06:45:40.324+0000 I NETWORK  [HostnameCanonicalizationWorker] Starting hostname canonicalization worker
2019-12-30 06:45:40 [Thread-5] INFO  o.s.b.a.mongo.embedded.EmbeddedMongo -
				2019-12-30T06:45:40.342+0000 I NETWORK  [initandlisten] waiting for connections on port 27017
2019-12-30 06:45:40 [main] INFO  d.f.embed.process.runtime.Executable -
				start de.flapdoodle.embed.mongo.config.MongodConfigBuilder$ImmutableMongodConfig@5f395ce1
2019-12-30 06:45:40 [main] INFO  org.mongodb.driver.cluster -
				Cluster created with settings {hosts=[localhost:27017], mode=MULTIPLE, requiredClusterType=UNKNOWN, serverSelectionTimeout='30000 ms', maxWaitQueueSize=500}
2019-12-30 06:45:40 [main] INFO  org.mongodb.driver.cluster -
				Adding discovered server localhost:27017 to client view of cluster
2019-12-30 06:45:40 [Thread-5] INFO  o.s.b.a.mongo.embedded.EmbeddedMongo -
				2019-12-30T06:45:40.977+0000 I NETWORK  [initandlisten] connection accepted from 127.0.0.1:42212 #1 (1 connection now open)
2019-12-30 06:45:41 [cluster-ClusterId{value='5e099d142552fd0619e2b3b6', description='null'}-localhost:27017] INFO  org.mongodb.driver.connection -
				Opened connection [connectionId{localValue:1, serverValue:1}] to localhost:27017
2019-12-30 06:45:41 [cluster-ClusterId{value='5e099d142552fd0619e2b3b6', description='null'}-localhost:27017] INFO  org.mongodb.driver.cluster -
				Monitor thread successfully connected to server with description ServerDescription{address=localhost:27017, type=STANDALONE, state=CONNECTED, ok=true, version=ServerVersion{versionList=[3, 2, 2]}, minWireVersion=0, maxWireVersion=4, maxDocumentSize=16777216, logicalSessionTimeoutMinutes=null, roundTripTimeNanos=916166}
2019-12-30 06:45:41 [cluster-ClusterId{value='5e099d142552fd0619e2b3b6', description='null'}-localhost:27017] INFO  org.mongodb.driver.cluster -
				Discovered cluster type of STANDALONE
2019-12-30 06:45:41 [main] WARN  o.s.d.m.c.m.BasicMongoPersistentProperty -
				Customizing field name for id property not allowed! Custom name will not be considered!
2019-12-30 06:45:41 [main] INFO  o.s.w.s.m.m.a.RequestMappingHandlerMapping -
				Mapped "{[/api/v1/category],methods=[POST]}" onto public org.springframework.http.ResponseEntity<?> com.stackroute.keepnote.controller.CategoryController.createCategory(com.stackroute.keepnote.model.Category)
2019-12-30 06:45:41 [main] INFO  o.s.w.s.m.m.a.RequestMappingHandlerMapping -
				Mapped "{[/api/v1/category/{id}],methods=[DELETE]}" onto public org.springframework.http.ResponseEntity<?> com.stackroute.keepnote.controller.CategoryController.deleteCategory(java.lang.String)
2019-12-30 06:45:41 [main] INFO  o.s.w.s.m.m.a.RequestMappingHandlerMapping -
				Mapped "{[/api/v1/category/{id}],methods=[PUT]}" onto public org.springframework.http.ResponseEntity<?> com.stackroute.keepnote.controller.CategoryController.updateCategory(com.stackroute.keepnote.model.Category,java.lang.String)
2019-12-30 06:45:41 [main] INFO  o.s.w.s.m.m.a.RequestMappingHandlerMapping -
				Mapped "{[/api/v1/category/{id}],methods=[GET]}" onto public org.springframework.http.ResponseEntity<?> com.stackroute.keepnote.controller.CategoryController.getCategoryById(java.lang.String)
2019-12-30 06:45:41 [main] INFO  o.s.w.s.m.m.a.RequestMappingHandlerMapping -
				Mapped "{[/api/v1/category],methods=[GET]}" onto public org.springframework.http.ResponseEntity<?> com.stackroute.keepnote.controller.CategoryController.getCategory(java.lang.String)
2019-12-30 06:45:41 [main] INFO  o.s.w.s.m.m.a.RequestMappingHandlerMapping -
				Mapped "{[/swagger-resources/configuration/ui]}" onto public org.springframework.http.ResponseEntity<springfox.documentation.swagger.web.UiConfiguration> springfox.documentation.swagger.web.ApiResourceController.uiConfiguration()
2019-12-30 06:45:41 [main] INFO  o.s.w.s.m.m.a.RequestMappingHandlerMapping -
				Mapped "{[/swagger-resources]}" onto public org.springframework.http.ResponseEntity<java.util.List<springfox.documentation.swagger.web.SwaggerResource>> springfox.documentation.swagger.web.ApiResourceController.swaggerResources()
2019-12-30 06:45:41 [main] INFO  o.s.w.s.m.m.a.RequestMappingHandlerMapping -
				Mapped "{[/swagger-resources/configuration/security]}" onto public org.springframework.http.ResponseEntity<springfox.documentation.swagger.web.SecurityConfiguration> springfox.documentation.swagger.web.ApiResourceController.securityConfiguration()
2019-12-30 06:45:41 [main] INFO  o.s.w.s.m.m.a.RequestMappingHandlerMapping -
				Mapped "{[/error],produces=[text/html]}" onto public org.springframework.web.servlet.ModelAndView org.springframework.boot.autoconfigure.web.servlet.error.BasicErrorController.errorHtml(javax.servlet.http.HttpServletRequest,javax.servlet.http.HttpServletResponse)
2019-12-30 06:45:41 [main] INFO  o.s.w.s.m.m.a.RequestMappingHandlerMapping -
				Mapped "{[/error]}" onto public org.springframework.http.ResponseEntity<java.util.Map<java.lang.String, java.lang.Object>> org.springframework.boot.autoconfigure.web.servlet.error.BasicErrorController.error(javax.servlet.http.HttpServletRequest)
2019-12-30 06:45:41 [main] INFO  s.d.s.w.PropertySourcedRequestMappingHandlerMapping -
				Mapped URL path [/v2/api-docs] onto method [public org.springframework.http.ResponseEntity<springfox.documentation.spring.web.json.Json> springfox.documentation.swagger2.web.Swagger2Controller.getDocumentation(java.lang.String,javax.servlet.http.HttpServletRequest)]
2019-12-30 06:45:42 [main] INFO  o.s.w.s.h.SimpleUrlHandlerMapping -
				Mapped URL path [/**/favicon.ico] onto handler of type [class org.springframework.web.servlet.resource.ResourceHttpRequestHandler]
2019-12-30 06:45:42 [main] INFO  o.s.w.s.m.m.a.RequestMappingHandlerAdapter -
				Looking for @ControllerAdvice: org.springframework.web.context.support.GenericWebApplicationContext@6d6bbd35: startup date [Mon Dec 30 06:45:38 UTC 2019]; root of context hierarchy
2019-12-30 06:45:42 [main] INFO  o.s.w.s.h.SimpleUrlHandlerMapping -
				Mapped URL path [/webjars/**] onto handler of type [class org.springframework.web.servlet.resource.ResourceHttpRequestHandler]
2019-12-30 06:45:42 [main] INFO  o.s.w.s.h.SimpleUrlHandlerMapping -
				Mapped URL path [/**] onto handler of type [class org.springframework.web.servlet.resource.ResourceHttpRequestHandler]
2019-12-30 06:45:42 [main] INFO  o.s.c.s.DefaultLifecycleProcessor -
				Starting beans in phase 2147483647
2019-12-30 06:45:42 [main] INFO  s.d.s.w.p.DocumentationPluginsBootstrapper -
				Context refreshed
2019-12-30 06:45:42 [main] INFO  s.d.s.w.p.DocumentationPluginsBootstrapper -
				Found 1 custom documentation plugin(s)
2019-12-30 06:45:42 [main] INFO  s.d.s.w.s.ApiListingReferenceScanner -
				Scanning for api listing references
2019-12-30 06:45:42 [main] INFO  o.s.c.a.AnnotationConfigApplicationContext -
				Refreshing org.springframework.context.annotation.AnnotationConfigApplicationContext@e97f115: startup date [Mon Dec 30 06:45:42 UTC 2019]; root of context hierarchy
2019-12-30 06:45:42 [Thread-10] INFO  o.s.b.a.mongo.embedded.EmbeddedMongo -
				note: noprealloc may hurt performance in many applications
2019-12-30 06:45:42 [Thread-10] INFO  o.s.b.a.mongo.embedded.EmbeddedMongo -
				2019-12-30T06:45:42.828+0000 I CONTROL  [initandlisten] MongoDB starting : pid=1615 port=27017 dbpath=/tmp/embedmongo-db-18020c5c-a13e-4b6a-a013-8c10e91f4a91 64-bit host=ip-172-31-34-12
2019-12-30 06:45:42 [Thread-10] INFO  o.s.b.a.mongo.embedded.EmbeddedMongo -
				2019-12-30T06:45:42.828+0000 I CONTROL  [initandlisten] db version v3.2.2
2019-12-30 06:45:42 [Thread-10] INFO  o.s.b.a.mongo.embedded.EmbeddedMongo -
				2019-12-30T06:45:42.828+0000 I CONTROL  [initandlisten] git version: 6e71d0d568e134c029203593b00a0103e7cdf30b
2019-12-30 06:45:42 [Thread-10] INFO  o.s.b.a.mongo.embedded.EmbeddedMongo -
				2019-12-30T06:45:42.828+0000 I CONTROL  [initandlisten] allocator: tcmalloc
2019-12-30 06:45:42 [Thread-10] INFO  o.s.b.a.mongo.embedded.EmbeddedMongo -
				2019-12-30T06:45:42.828+0000 I CONTROL  [initandlisten] modules: none
2019-12-30 06:45:42 [Thread-10] INFO  o.s.b.a.mongo.embedded.EmbeddedMongo -
				2019-12-30T06:45:42.828+0000 I CONTROL  [initandlisten] build environment:
2019-12-30 06:45:42 [Thread-10] INFO  o.s.b.a.mongo.embedded.EmbeddedMongo -
				2019-12-30T06:45:42.828+0000 I CONTROL  [initandlisten]     distarch: x86_64
2019-12-30 06:45:42 [Thread-10] INFO  o.s.b.a.mongo.embedded.EmbeddedMongo -
				2019-12-30T06:45:42.828+0000 I CONTROL  [initandlisten]     target_arch: x86_64
2019-12-30 06:45:42 [Thread-10] INFO  o.s.b.a.mongo.embedded.EmbeddedMongo -
				2019-12-30T06:45:42.828+0000 I CONTROL  [initandlisten] options: { net: { bindIp: "127.0.0.1", http: { enabled: false }, port: 27017 }, security: { authorization: "disabled" }, storage: { dbPath: "/tmp/embedmongo-db-18020c5c-a13e-4b6a-a013-8c10e91f4a91", journal: { enabled: false }, mmapv1: { preallocDataFiles: false, smallFiles: true }, syncPeriodSecs: 0.0 } }
2019-12-30 06:45:42 [Thread-10] INFO  o.s.b.a.mongo.embedded.EmbeddedMongo -
				2019-12-30T06:45:42.855+0000 E NETWORK  [initandlisten] listen(): bind() failed errno:98 Address already in use for socket: 127.0.0.1:27017
2019-12-30 06:45:42 [Thread-10] INFO  o.s.b.a.mongo.embedded.EmbeddedMongo -
				2019-12-30T06:45:42.855+0000 E NETWORK  [initandlisten]   addr already in use
2019-12-30 06:45:42 [Thread-10] INFO  o.s.b.a.mongo.embedded.EmbeddedMongo -
				2019-12-30T06:45:42.855+0000 E STORAGE  [initandlisten] Failed to set up sockets during startup.
2019-12-30 06:45:42 [Thread-10] INFO  o.s.b.a.mongo.embedded.EmbeddedMongo -
				2019-12-30T06:45:42.856+0000 I CONTROL  [initandlisten] dbexit:  rc: 48
2019-12-30 06:45:42 [main] ERROR d.f.e.p.runtime.AbstractProcess -
				failed to call onAfterProcessStart()
java.io.IOException: Could not start process: failed errno:98 Address already in use for socket: 127.0.0.1:27017

	at de.flapdoodle.embed.mongo.AbstractMongoProcess.onAfterProcessStart(AbstractMongoProcess.java:79)
	at de.flapdoodle.embed.process.runtime.AbstractProcess.<init>(AbstractProcess.java:116)
	at de.flapdoodle.embed.mongo.AbstractMongoProcess.<init>(AbstractMongoProcess.java:53)
	at de.flapdoodle.embed.mongo.MongodProcess.<init>(MongodProcess.java:50)
	at de.flapdoodle.embed.mongo.MongodExecutable.start(MongodExecutable.java:44)
	at de.flapdoodle.embed.mongo.MongodExecutable.start(MongodExecutable.java:34)
	at de.flapdoodle.embed.process.runtime.Executable.start(Executable.java:108)
	at sun.reflect.NativeMethodAccessorImpl.invoke0(Native Method)
	at sun.reflect.NativeMethodAccessorImpl.invoke(NativeMethodAccessorImpl.java:62)
	at sun.reflect.DelegatingMethodAccessorImpl.invoke(DelegatingMethodAccessorImpl.java:43)
	at java.lang.reflect.Method.invoke(Method.java:498)
	at org.springframework.beans.factory.support.AbstractAutowireCapableBeanFactory.invokeCustomInitMethod(AbstractAutowireCapableBeanFactory.java:1831)
	at org.springframework.beans.factory.support.AbstractAutowireCapableBeanFactory.invokeInitMethods(AbstractAutowireCapableBeanFactory.java:1774)
	at org.springframework.beans.factory.support.AbstractAutowireCapableBeanFactory.initializeBean(AbstractAutowireCapableBeanFactory.java:1702)
	at org.springframework.beans.factory.support.AbstractAutowireCapableBeanFactory.doCreateBean(AbstractAutowireCapableBeanFactory.java:579)
	at org.springframework.beans.factory.support.AbstractAutowireCapableBeanFactory.createBean(AbstractAutowireCapableBeanFactory.java:501)
	at org.springframework.beans.factory.support.AbstractBeanFactory.lambda$doGetBean$0(AbstractBeanFactory.java:317)
	at org.springframework.beans.factory.support.DefaultSingletonBeanRegistry.getSingleton(DefaultSingletonBeanRegistry.java:228)
	at org.springframework.beans.factory.support.AbstractBeanFactory.doGetBean(AbstractBeanFactory.java:315)
	at org.springframework.beans.factory.support.AbstractBeanFactory.getBean(AbstractBeanFactory.java:199)
	at org.springframework.beans.factory.support.DefaultListableBeanFactory.preInstantiateSingletons(DefaultListableBeanFactory.java:760)
	at org.springframework.context.support.AbstractApplicationContext.finishBeanFactoryInitialization(AbstractApplicationContext.java:869)
	at org.springframework.context.support.AbstractApplicationContext.refresh(AbstractApplicationContext.java:550)
	at org.springframework.boot.SpringApplication.refresh(SpringApplication.java:759)
	at org.springframework.boot.SpringApplication.refreshContext(SpringApplication.java:395)
	at org.springframework.boot.SpringApplication.run(SpringApplication.java:327)
	at org.springframework.boot.test.context.SpringBootContextLoader.loadContext(SpringBootContextLoader.java:139)
	at org.springframework.test.context.cache.DefaultCacheAwareContextLoaderDelegate.loadContextInternal(DefaultCacheAwareContextLoaderDelegate.java:99)
	at org.springframework.test.context.cache.DefaultCacheAwareContextLoaderDelegate.loadContext(DefaultCacheAwareContextLoaderDelegate.java:117)
	at org.springframework.test.context.support.DefaultTestContext.getApplicationContext(DefaultTestContext.java:108)
	at org.springframework.test.context.support.DependencyInjectionTestExecutionListener.injectDependencies(DependencyInjectionTestExecutionListener.java:117)
	at org.springframework.test.context.support.DependencyInjectionTestExecutionListener.prepareTestInstance(DependencyInjectionTestExecutionListener.java:83)
	at org.springframework.boot.test.autoconfigure.SpringBootDependencyInjectionTestExecutionListener.prepareTestInstance(SpringBootDependencyInjectionTestExecutionListener.java:44)
	at org.springframework.test.context.TestContextManager.prepareTestInstance(TestContextManager.java:246)
	at org.springframework.test.context.junit4.SpringJUnit4ClassRunner.createTest(SpringJUnit4ClassRunner.java:227)
	at org.springframework.test.context.junit4.SpringJUnit4ClassRunner$1.runReflectiveCall(SpringJUnit4ClassRunner.java:289)
	at org.junit.internal.runners.model.ReflectiveCallable.run(ReflectiveCallable.java:12)
	at org.springframework.test.context.junit4.SpringJUnit4ClassRunner.methodBlock(SpringJUnit4ClassRunner.java:291)
	at org.springframework.test.context.junit4.SpringJUnit4ClassRunner.runChild(SpringJUnit4ClassRunner.java:246)
	at org.springframework.test.context.junit4.SpringJUnit4ClassRunner.runChild(SpringJUnit4ClassRunner.java:97)
	at org.junit.runners.ParentRunner$3.run(ParentRunner.java:290)
	at org.junit.runners.ParentRunner$1.schedule(ParentRunner.java:71)
	at org.junit.runners.ParentRunner.runChildren(ParentRunner.java:288)
	at org.junit.runners.ParentRunner.access$000(ParentRunner.java:58)
	at org.junit.runners.ParentRunner$2.evaluate(ParentRunner.java:268)
	at org.springframework.test.context.junit4.statements.RunBeforeTestClassCallbacks.evaluate(RunBeforeTestClassCallbacks.java:61)
	at org.springframework.test.context.junit4.statements.RunAfterTestClassCallbacks.evaluate(RunAfterTestClassCallbacks.java:70)
	at org.junit.runners.ParentRunner.run(ParentRunner.java:363)
	at org.springframework.test.context.junit4.SpringJUnit4ClassRunner.run(SpringJUnit4ClassRunner.java:190)
	at org.eclipse.jdt.internal.junit4.runner.JUnit4TestReference.run(JUnit4TestReference.java:86)
	at org.eclipse.jdt.internal.junit.runner.TestExecution.run(TestExecution.java:38)
	at org.eclipse.jdt.internal.junit.runner.RemoteTestRunner.runTests(RemoteTestRunner.java:538)
	at org.eclipse.jdt.internal.junit.runner.RemoteTestRunner.runTests(RemoteTestRunner.java:760)
	at org.eclipse.jdt.internal.junit.runner.RemoteTestRunner.run(RemoteTestRunner.java:460)
	at org.eclipse.jdt.internal.junit.runner.RemoteTestRunner.main(RemoteTestRunner.java:206)
2019-12-30 06:45:42 [main] INFO  d.f.e.p.runtime.AbstractProcess -
				construct de.flapdoodle.embed.mongo.config.MongodConfigBuilder$ImmutableMongodConfig@b0d3e7
2019-12-30 06:45:42 [Thread-5] INFO  o.s.b.a.mongo.embedded.EmbeddedMongo -
				2019-12-30T06:45:42.861+0000 I NETWORK  [initandlisten] connection accepted from 127.0.0.1:42230 #2 (2 connections now open)
2019-12-30 06:45:42 [Thread-5] INFO  o.s.b.a.mongo.embedded.EmbeddedMongo -
				2019-12-30T06:45:42.862+0000 I COMMAND  [conn2] terminating, shutdown command received
2019-12-30 06:45:42 [Thread-5] INFO  o.s.b.a.mongo.embedded.EmbeddedMongo -
				2019-12-30T06:45:42.862+0000 I FTDC     [conn2] Shutting down full-time diagnostic data capture
2019-12-30 06:45:42 [Thread-5] INFO  o.s.b.a.mongo.embedded.EmbeddedMongo -
				2019-12-30T06:45:42.864+0000 I CONTROL  [conn2] now exiting
2019-12-30 06:45:42 [Thread-5] INFO  o.s.b.a.mongo.embedded.EmbeddedMongo -
				2019-12-30T06:45:42.864+0000 I NETWORK  [conn2] shutdown: going to close listening sockets...
2019-12-30 06:45:42 [Thread-5] INFO  o.s.b.a.mongo.embedded.EmbeddedMongo -
				2019-12-30T06:45:42.864+0000 I NETWORK  [conn2] closing listening socket: 5
2019-12-30 06:45:42 [Thread-5] INFO  o.s.b.a.mongo.embedded.EmbeddedMongo -
				2019-12-30T06:45:42.864+0000 I NETWORK  [conn2] closing listening socket: 6
2019-12-30 06:45:42 [Thread-5] INFO  o.s.b.a.mongo.embedded.EmbeddedMongo -
				2019-12-30T06:45:42.864+0000 I NETWORK  [conn2] removing socket file: /tmp/mongodb-27017.sock
2019-12-30 06:45:42 [Thread-5] INFO  o.s.b.a.mongo.embedded.EmbeddedMongo -
				2019-12-30T06:45:42.864+0000 I NETWORK  [conn2] shutdown: going to flush diaglog...
2019-12-30 06:45:42 [Thread-5] INFO  o.s.b.a.mongo.embedded.EmbeddedMongo -
				2019-12-30T06:45:42.865+0000 I NETWORK  [conn2] shutdown: going to close sockets...
2019-12-30 06:45:42 [Thread-5] INFO  o.s.b.a.mongo.embedded.EmbeddedMongo -
				2019-12-30T06:45:42.865+0000 I STORAGE  [conn2] WiredTigerKVEngine shutting down
2019-12-30 06:45:42 [Thread-5] INFO  o.s.b.a.mongo.embedded.EmbeddedMongo -
				2019-12-30T06:45:42.865+0000 I NETWORK  [conn1] end connection 127.0.0.1:42212 (1 connection now open)
2019-12-30 06:45:42 [Thread-5] INFO  o.s.b.a.mongo.embedded.EmbeddedMongo -
				2019-12-30T06:45:42.885+0000 I STORAGE  [conn2] shutdown: removing fs lock...
2019-12-30 06:45:42 [Thread-5] INFO  o.s.b.a.mongo.embedded.EmbeddedMongo -
				2019-12-30T06:45:42.886+0000 I CONTROL  [conn2] dbexit:  rc: 0
2019-12-30 06:45:42 [main] WARN  o.s.c.a.AnnotationConfigApplicationContext -
				Exception encountered during context initialization - cancelling refresh attempt: org.springframework.beans.factory.BeanCreationException: Error creating bean with name 'embeddedMongoServer' defined in class path resource [org/springframework/boot/autoconfigure/mongo/embedded/EmbeddedMongoAutoConfiguration.class]: Invocation of init method failed; nested exception is java.io.IOException: Could not start process: failed errno:98 Address already in use for socket: 127.0.0.1:27017

2019-12-30 06:45:42 [main] INFO  o.s.b.a.l.ConditionEvaluationReportLoggingListener -
				

Error starting ApplicationContext. To display the conditions report re-run your application with 'debug' enabled.
2019-12-30 06:45:42 [main] ERROR o.s.boot.SpringApplication -
				Application run failed
org.springframework.beans.factory.BeanCreationException: Error creating bean with name 'embeddedMongoServer' defined in class path resource [org/springframework/boot/autoconfigure/mongo/embedded/EmbeddedMongoAutoConfiguration.class]: Invocation of init method failed; nested exception is java.io.IOException: Could not start process: failed errno:98 Address already in use for socket: 127.0.0.1:27017

	at org.springframework.beans.factory.support.AbstractAutowireCapableBeanFactory.initializeBean(AbstractAutowireCapableBeanFactory.java:1706)
	at org.springframework.beans.factory.support.AbstractAutowireCapableBeanFactory.doCreateBean(AbstractAutowireCapableBeanFactory.java:579)
	at org.springframework.beans.factory.support.AbstractAutowireCapableBeanFactory.createBean(AbstractAutowireCapableBeanFactory.java:501)
	at org.springframework.beans.factory.support.AbstractBeanFactory.lambda$doGetBean$0(AbstractBeanFactory.java:317)
	at org.springframework.beans.factory.support.DefaultSingletonBeanRegistry.getSingleton(DefaultSingletonBeanRegistry.java:228)
	at org.springframework.beans.factory.support.AbstractBeanFactory.doGetBean(AbstractBeanFactory.java:315)
	at org.springframework.beans.factory.support.AbstractBeanFactory.getBean(AbstractBeanFactory.java:199)
	at org.springframework.beans.factory.support.DefaultListableBeanFactory.preInstantiateSingletons(DefaultListableBeanFactory.java:760)
	at org.springframework.context.support.AbstractApplicationContext.finishBeanFactoryInitialization(AbstractApplicationContext.java:869)
	at org.springframework.context.support.AbstractApplicationContext.refresh(AbstractApplicationContext.java:550)
	at org.springframework.boot.SpringApplication.refresh(SpringApplication.java:759)
	at org.springframework.boot.SpringApplication.refreshContext(SpringApplication.java:395)
	at org.springframework.boot.SpringApplication.run(SpringApplication.java:327)
	at org.springframework.boot.test.context.SpringBootContextLoader.loadContext(SpringBootContextLoader.java:139)
	at org.springframework.test.context.cache.DefaultCacheAwareContextLoaderDelegate.loadContextInternal(DefaultCacheAwareContextLoaderDelegate.java:99)
	at org.springframework.test.context.cache.DefaultCacheAwareContextLoaderDelegate.loadContext(DefaultCacheAwareContextLoaderDelegate.java:117)
	at org.springframework.test.context.support.DefaultTestContext.getApplicationContext(DefaultTestContext.java:108)
	at org.springframework.test.context.support.DependencyInjectionTestExecutionListener.injectDependencies(DependencyInjectionTestExecutionListener.java:117)
	at org.springframework.test.context.support.DependencyInjectionTestExecutionListener.prepareTestInstance(DependencyInjectionTestExecutionListener.java:83)
	at org.springframework.boot.test.autoconfigure.SpringBootDependencyInjectionTestExecutionListener.prepareTestInstance(SpringBootDependencyInjectionTestExecutionListener.java:44)
	at org.springframework.test.context.TestContextManager.prepareTestInstance(TestContextManager.java:246)
	at org.springframework.test.context.junit4.SpringJUnit4ClassRunner.createTest(SpringJUnit4ClassRunner.java:227)
	at org.springframework.test.context.junit4.SpringJUnit4ClassRunner$1.runReflectiveCall(SpringJUnit4ClassRunner.java:289)
	at org.junit.internal.runners.model.ReflectiveCallable.run(ReflectiveCallable.java:12)
	at org.springframework.test.context.junit4.SpringJUnit4ClassRunner.methodBlock(SpringJUnit4ClassRunner.java:291)
	at org.springframework.test.context.junit4.SpringJUnit4ClassRunner.runChild(SpringJUnit4ClassRunner.java:246)
	at org.springframework.test.context.junit4.SpringJUnit4ClassRunner.runChild(SpringJUnit4ClassRunner.java:97)
	at org.junit.runners.ParentRunner$3.run(ParentRunner.java:290)
	at org.junit.runners.ParentRunner$1.schedule(ParentRunner.java:71)
	at org.junit.runners.ParentRunner.runChildren(ParentRunner.java:288)
	at org.junit.runners.ParentRunner.access$000(ParentRunner.java:58)
	at org.junit.runners.ParentRunner$2.evaluate(ParentRunner.java:268)
	at org.springframework.test.context.junit4.statements.RunBeforeTestClassCallbacks.evaluate(RunBeforeTestClassCallbacks.java:61)
	at org.springframework.test.context.junit4.statements.RunAfterTestClassCallbacks.evaluate(RunAfterTestClassCallbacks.java:70)
	at org.junit.runners.ParentRunner.run(ParentRunner.java:363)
	at org.springframework.test.context.junit4.SpringJUnit4ClassRunner.run(SpringJUnit4ClassRunner.java:190)
	at org.eclipse.jdt.internal.junit4.runner.JUnit4TestReference.run(JUnit4TestReference.java:86)
	at org.eclipse.jdt.internal.junit.runner.TestExecution.run(TestExecution.java:38)
	at org.eclipse.jdt.internal.junit.runner.RemoteTestRunner.runTests(RemoteTestRunner.java:538)
	at org.eclipse.jdt.internal.junit.runner.RemoteTestRunner.runTests(RemoteTestRunner.java:760)
	at org.eclipse.jdt.internal.junit.runner.RemoteTestRunner.run(RemoteTestRunner.java:460)
	at org.eclipse.jdt.internal.junit.runner.RemoteTestRunner.main(RemoteTestRunner.java:206)
Caused by: java.io.IOException: Could not start process: failed errno:98 Address already in use for socket: 127.0.0.1:27017

	at de.flapdoodle.embed.mongo.AbstractMongoProcess.onAfterProcessStart(AbstractMongoProcess.java:79)
	at de.flapdoodle.embed.process.runtime.AbstractProcess.<init>(AbstractProcess.java:116)
	at de.flapdoodle.embed.mongo.AbstractMongoProcess.<init>(AbstractMongoProcess.java:53)
	at de.flapdoodle.embed.mongo.MongodProcess.<init>(MongodProcess.java:50)
	at de.flapdoodle.embed.mongo.MongodExecutable.start(MongodExecutable.java:44)
	at de.flapdoodle.embed.mongo.MongodExecutable.start(MongodExecutable.java:34)
	at de.flapdoodle.embed.process.runtime.Executable.start(Executable.java:108)
	at sun.reflect.NativeMethodAccessorImpl.invoke0(Native Method)
	at sun.reflect.NativeMethodAccessorImpl.invoke(NativeMethodAccessorImpl.java:62)
	at sun.reflect.DelegatingMethodAccessorImpl.invoke(DelegatingMethodAccessorImpl.java:43)
	at java.lang.reflect.Method.invoke(Method.java:498)
	at org.springframework.beans.factory.support.AbstractAutowireCapableBeanFactory.invokeCustomInitMethod(AbstractAutowireCapableBeanFactory.java:1831)
	at org.springframework.beans.factory.support.AbstractAutowireCapableBeanFactory.invokeInitMethods(AbstractAutowireCapableBeanFactory.java:1774)
	at org.springframework.beans.factory.support.AbstractAutowireCapableBeanFactory.initializeBean(AbstractAutowireCapableBeanFactory.java:1702)
	... 41 common frames omitted
2019-12-30 06:45:43 [main] INFO  o.s.c.a.AnnotationConfigApplicationContext -
				Refreshing org.springframework.context.annotation.AnnotationConfigApplicationContext@67b8d45: startup date [Mon Dec 30 06:45:43 UTC 2019]; root of context hierarchy
2019-12-30 06:45:43 [Thread-14] INFO  o.s.b.a.mongo.embedded.EmbeddedMongo -
				note: noprealloc may hurt performance in many applications
2019-12-30 06:45:43 [Thread-14] INFO  o.s.b.a.mongo.embedded.EmbeddedMongo -
				2019-12-30T06:45:43.260+0000 I CONTROL  [initandlisten] MongoDB starting : pid=1623 port=27017 dbpath=/tmp/embedmongo-db-0f208219-dd0e-4cca-9a78-31a24e75e918 64-bit host=ip-172-31-34-12
2019-12-30 06:45:43 [Thread-14] INFO  o.s.b.a.mongo.embedded.EmbeddedMongo -
				2019-12-30T06:45:43.260+0000 I CONTROL  [initandlisten] db version v3.2.2
2019-12-30 06:45:43 [Thread-14] INFO  o.s.b.a.mongo.embedded.EmbeddedMongo -
				2019-12-30T06:45:43.260+0000 I CONTROL  [initandlisten] git version: 6e71d0d568e134c029203593b00a0103e7cdf30b
2019-12-30 06:45:43 [Thread-14] INFO  o.s.b.a.mongo.embedded.EmbeddedMongo -
				2019-12-30T06:45:43.260+0000 I CONTROL  [initandlisten] allocator: tcmalloc
2019-12-30 06:45:43 [Thread-14] INFO  o.s.b.a.mongo.embedded.EmbeddedMongo -
				2019-12-30T06:45:43.261+0000 I CONTROL  [initandlisten] modules: none
2019-12-30 06:45:43 [Thread-14] INFO  o.s.b.a.mongo.embedded.EmbeddedMongo -
				2019-12-30T06:45:43.261+0000 I CONTROL  [initandlisten] build environment:
2019-12-30 06:45:43 [Thread-14] INFO  o.s.b.a.mongo.embedded.EmbeddedMongo -
				2019-12-30T06:45:43.261+0000 I CONTROL  [initandlisten]     distarch: x86_64
2019-12-30 06:45:43 [Thread-14] INFO  o.s.b.a.mongo.embedded.EmbeddedMongo -
				2019-12-30T06:45:43.261+0000 I CONTROL  [initandlisten]     target_arch: x86_64
2019-12-30 06:45:43 [Thread-14] INFO  o.s.b.a.mongo.embedded.EmbeddedMongo -
				2019-12-30T06:45:43.263+0000 I CONTROL  [initandlisten] options: { net: { bindIp: "127.0.0.1", http: { enabled: false }, port: 27017 }, security: { authorization: "disabled" }, storage: { dbPath: "/tmp/embedmongo-db-0f208219-dd0e-4cca-9a78-31a24e75e918", journal: { enabled: false }, mmapv1: { preallocDataFiles: false, smallFiles: true }, syncPeriodSecs: 0.0 } }
2019-12-30 06:45:43 [Thread-14] INFO  o.s.b.a.mongo.embedded.EmbeddedMongo -
				2019-12-30T06:45:43.288+0000 I STORAGE  [initandlisten] wiredtiger_open config: create,cache_size=4G,session_max=20000,eviction=(threads_max=4),config_base=false,statistics=(fast),log=(enabled=true,archive=true,path=journal,compressor=snappy),file_manager=(close_idle_time=100000),checkpoint=(wait=0,log_size=2GB),statistics_log=(wait=0),,log=(enabled=false),
2019-12-30 06:45:43 [Thread-14] INFO  o.s.b.a.mongo.embedded.EmbeddedMongo -
				2019-12-30T06:45:43.342+0000 W STORAGE  [initandlisten] Detected configuration for non-active storage engine mmapv1 when current storage engine is wiredTiger
2019-12-30 06:45:43 [Thread-14] INFO  o.s.b.a.mongo.embedded.EmbeddedMongo -
				2019-12-30T06:45:43.347+0000 I FTDC     [initandlisten] Initializing full-time diagnostic data capture with directory '/tmp/embedmongo-db-0f208219-dd0e-4cca-9a78-31a24e75e918/diagnostic.data'
2019-12-30 06:45:43 [Thread-14] INFO  o.s.b.a.mongo.embedded.EmbeddedMongo -
				2019-12-30T06:45:43.350+0000 I NETWORK  [HostnameCanonicalizationWorker] Starting hostname canonicalization worker
2019-12-30 06:45:43 [Thread-14] INFO  o.s.b.a.mongo.embedded.EmbeddedMongo -
				2019-12-30T06:45:43.370+0000 I NETWORK  [initandlisten] waiting for connections on port 27017
2019-12-30 06:45:43 [main] INFO  d.f.embed.process.runtime.Executable -
				start de.flapdoodle.embed.mongo.config.MongodConfigBuilder$ImmutableMongodConfig@1a4930cf
2019-12-30 06:45:43 [main] INFO  org.mongodb.driver.cluster -
				Cluster created with settings {hosts=[localhost:27017], mode=MULTIPLE, requiredClusterType=UNKNOWN, serverSelectionTimeout='30000 ms', maxWaitQueueSize=500}
2019-12-30 06:45:43 [main] INFO  org.mongodb.driver.cluster -
				Adding discovered server localhost:27017 to client view of cluster
2019-12-30 06:45:43 [Thread-14] INFO  o.s.b.a.mongo.embedded.EmbeddedMongo -
				2019-12-30T06:45:43.382+0000 I NETWORK  [initandlisten] connection accepted from 127.0.0.1:42240 #1 (1 connection now open)
2019-12-30 06:45:43 [cluster-ClusterId{value='5e099d172552fd0619e2b3b7', description='null'}-localhost:27017] INFO  org.mongodb.driver.connection -
				Opened connection [connectionId{localValue:2, serverValue:1}] to localhost:27017
2019-12-30 06:45:43 [cluster-ClusterId{value='5e099d172552fd0619e2b3b7', description='null'}-localhost:27017] INFO  org.mongodb.driver.cluster -
				Monitor thread successfully connected to server with description ServerDescription{address=localhost:27017, type=STANDALONE, state=CONNECTED, ok=true, version=ServerVersion{versionList=[3, 2, 2]}, minWireVersion=0, maxWireVersion=4, maxDocumentSize=16777216, logicalSessionTimeoutMinutes=null, roundTripTimeNanos=1664858}
2019-12-30 06:45:43 [cluster-ClusterId{value='5e099d172552fd0619e2b3b7', description='null'}-localhost:27017] INFO  org.mongodb.driver.cluster -
				Discovered cluster type of STANDALONE
2019-12-30 06:45:43 [main] WARN  o.s.d.m.c.m.BasicMongoPersistentProperty -
				Customizing field name for id property not allowed! Custom name will not be considered!
2019-12-30 06:45:43 [main] ERROR o.s.test.context.TestContextManager -
				Caught exception while allowing TestExecutionListener [org.springframework.boot.test.autoconfigure.SpringBootDependencyInjectionTestExecutionListener@169e6180] to prepare test instance [com.stackroute.keepnote.test.repository.CategoryRepositoryTest@1be77a76]
java.lang.IllegalStateException: Failed to load ApplicationContext
	at org.springframework.test.context.cache.DefaultCacheAwareContextLoaderDelegate.loadContext(DefaultCacheAwareContextLoaderDelegate.java:125)
	at org.springframework.test.context.support.DefaultTestContext.getApplicationContext(DefaultTestContext.java:108)
	at org.springframework.test.context.support.DependencyInjectionTestExecutionListener.injectDependencies(DependencyInjectionTestExecutionListener.java:117)
	at org.springframework.test.context.support.DependencyInjectionTestExecutionListener.prepareTestInstance(DependencyInjectionTestExecutionListener.java:83)
	at org.springframework.boot.test.autoconfigure.SpringBootDependencyInjectionTestExecutionListener.prepareTestInstance(SpringBootDependencyInjectionTestExecutionListener.java:44)
	at org.springframework.test.context.TestContextManager.prepareTestInstance(TestContextManager.java:246)
	at org.springframework.test.context.junit4.SpringJUnit4ClassRunner.createTest(SpringJUnit4ClassRunner.java:227)
	at org.springframework.test.context.junit4.SpringJUnit4ClassRunner$1.runReflectiveCall(SpringJUnit4ClassRunner.java:289)
	at org.junit.internal.runners.model.ReflectiveCallable.run(ReflectiveCallable.java:12)
	at org.springframework.test.context.junit4.SpringJUnit4ClassRunner.methodBlock(SpringJUnit4ClassRunner.java:291)
	at org.springframework.test.context.junit4.SpringJUnit4ClassRunner.runChild(SpringJUnit4ClassRunner.java:246)
	at org.springframework.test.context.junit4.SpringJUnit4ClassRunner.runChild(SpringJUnit4ClassRunner.java:97)
	at org.junit.runners.ParentRunner$3.run(ParentRunner.java:290)
	at org.junit.runners.ParentRunner$1.schedule(ParentRunner.java:71)
	at org.junit.runners.ParentRunner.runChildren(ParentRunner.java:288)
	at org.junit.runners.ParentRunner.access$000(ParentRunner.java:58)
	at org.junit.runners.ParentRunner$2.evaluate(ParentRunner.java:268)
	at org.springframework.test.context.junit4.statements.RunBeforeTestClassCallbacks.evaluate(RunBeforeTestClassCallbacks.java:61)
	at org.springframework.test.context.junit4.statements.RunAfterTestClassCallbacks.evaluate(RunAfterTestClassCallbacks.java:70)
	at org.junit.runners.ParentRunner.run(ParentRunner.java:363)
	at org.springframework.test.context.junit4.SpringJUnit4ClassRunner.run(SpringJUnit4ClassRunner.java:190)
	at org.eclipse.jdt.internal.junit4.runner.JUnit4TestReference.run(JUnit4TestReference.java:86)
	at org.eclipse.jdt.internal.junit.runner.TestExecution.run(TestExecution.java:38)
	at org.eclipse.jdt.internal.junit.runner.RemoteTestRunner.runTests(RemoteTestRunner.java:538)
	at org.eclipse.jdt.internal.junit.runner.RemoteTestRunner.runTests(RemoteTestRunner.java:760)
	at org.eclipse.jdt.internal.junit.runner.RemoteTestRunner.run(RemoteTestRunner.java:460)
	at org.eclipse.jdt.internal.junit.runner.RemoteTestRunner.main(RemoteTestRunner.java:206)
Caused by: org.springframework.beans.factory.BeanCreationException: Error creating bean with name 'embeddedMongoServer' defined in class path resource [org/springframework/boot/autoconfigure/mongo/embedded/EmbeddedMongoAutoConfiguration.class]: Invocation of init method failed; nested exception is java.io.IOException: Could not start process: failed errno:98 Address already in use for socket: 127.0.0.1:27017

	at org.springframework.beans.factory.support.AbstractAutowireCapableBeanFactory.initializeBean(AbstractAutowireCapableBeanFactory.java:1706)
	at org.springframework.beans.factory.support.AbstractAutowireCapableBeanFactory.doCreateBean(AbstractAutowireCapableBeanFactory.java:579)
	at org.springframework.beans.factory.support.AbstractAutowireCapableBeanFactory.createBean(AbstractAutowireCapableBeanFactory.java:501)
	at org.springframework.beans.factory.support.AbstractBeanFactory.lambda$doGetBean$0(AbstractBeanFactory.java:317)
	at org.springframework.beans.factory.support.DefaultSingletonBeanRegistry.getSingleton(DefaultSingletonBeanRegistry.java:228)
	at org.springframework.beans.factory.support.AbstractBeanFactory.doGetBean(AbstractBeanFactory.java:315)
	at org.springframework.beans.factory.support.AbstractBeanFactory.getBean(AbstractBeanFactory.java:199)
	at org.springframework.beans.factory.support.DefaultListableBeanFactory.preInstantiateSingletons(DefaultListableBeanFactory.java:760)
	at org.springframework.context.support.AbstractApplicationContext.finishBeanFactoryInitialization(AbstractApplicationContext.java:869)
	at org.springframework.context.support.AbstractApplicationContext.refresh(AbstractApplicationContext.java:550)
	at org.springframework.boot.SpringApplication.refresh(SpringApplication.java:759)
	at org.springframework.boot.SpringApplication.refreshContext(SpringApplication.java:395)
	at org.springframework.boot.SpringApplication.run(SpringApplication.java:327)
	at org.springframework.boot.test.context.SpringBootContextLoader.loadContext(SpringBootContextLoader.java:139)
	at org.springframework.test.context.cache.DefaultCacheAwareContextLoaderDelegate.loadContextInternal(DefaultCacheAwareContextLoaderDelegate.java:99)
	at org.springframework.test.context.cache.DefaultCacheAwareContextLoaderDelegate.loadContext(DefaultCacheAwareContextLoaderDelegate.java:117)
	... 26 common frames omitted
Caused by: java.io.IOException: Could not start process: failed errno:98 Address already in use for socket: 127.0.0.1:27017

	at de.flapdoodle.embed.mongo.AbstractMongoProcess.onAfterProcessStart(AbstractMongoProcess.java:79)
	at de.flapdoodle.embed.process.runtime.AbstractProcess.<init>(AbstractProcess.java:116)
	at de.flapdoodle.embed.mongo.AbstractMongoProcess.<init>(AbstractMongoProcess.java:53)
	at de.flapdoodle.embed.mongo.MongodProcess.<init>(MongodProcess.java:50)
	at de.flapdoodle.embed.mongo.MongodExecutable.start(MongodExecutable.java:44)
	at de.flapdoodle.embed.mongo.MongodExecutable.start(MongodExecutable.java:34)
	at de.flapdoodle.embed.process.runtime.Executable.start(Executable.java:108)
	at sun.reflect.NativeMethodAccessorImpl.invoke0(Native Method)
	at sun.reflect.NativeMethodAccessorImpl.invoke(NativeMethodAccessorImpl.java:62)
	at sun.reflect.DelegatingMethodAccessorImpl.invoke(DelegatingMethodAccessorImpl.java:43)
	at java.lang.reflect.Method.invoke(Method.java:498)
	at org.springframework.beans.factory.support.AbstractAutowireCapableBeanFactory.invokeCustomInitMethod(AbstractAutowireCapableBeanFactory.java:1831)
	at org.springframework.beans.factory.support.AbstractAutowireCapableBeanFactory.invokeInitMethods(AbstractAutowireCapableBeanFactory.java:1774)
	at org.springframework.beans.factory.support.AbstractAutowireCapableBeanFactory.initializeBean(AbstractAutowireCapableBeanFactory.java:1702)
	... 41 common frames omitted
2019-12-30 06:45:43 [Thread-14] INFO  o.s.b.a.mongo.embedded.EmbeddedMongo -
				2019-12-30T06:45:43.613+0000 I NETWORK  [initandlisten] connection accepted from 127.0.0.1:42242 #2 (2 connections now open)
2019-12-30 06:45:43 [main] INFO  org.mongodb.driver.connection -
				Opened connection [connectionId{localValue:3, serverValue:2}] to localhost:27017
2019-12-30 06:45:43 [Thread-2] INFO  o.s.w.c.s.GenericWebApplicationContext -
				Closing org.springframework.web.context.support.GenericWebApplicationContext@cdc3aae: startup date [Mon Dec 30 06:45:34 UTC 2019]; root of context hierarchy
2019-12-30 06:45:43 [Thread-14] INFO  o.s.b.a.mongo.embedded.EmbeddedMongo -
				2019-12-30T06:45:43.795+0000 I NETWORK  [initandlisten] connection accepted from 127.0.0.1:42244 #3 (3 connections now open)
2019-12-30 06:45:43 [Thread-14] INFO  o.s.b.a.mongo.embedded.EmbeddedMongo -
				2019-12-30T06:45:43.795+0000 I NETWORK  [initandlisten] connection accepted from 127.0.0.1:42246 #4 (4 connections now open)
2019-12-30 06:45:43 [Thread-16] INFO  o.s.c.a.AnnotationConfigApplicationContext -
				Closing org.springframework.context.annotation.AnnotationConfigApplicationContext@67b8d45: startup date [Mon Dec 30 06:45:43 UTC 2019]; root of context hierarchy
2019-12-30 06:45:43 [Thread-14] INFO  o.s.b.a.mongo.embedded.EmbeddedMongo -
				2019-12-30T06:45:43.802+0000 I COMMAND  [conn3] terminating, shutdown command received
2019-12-30 06:45:43 [Thread-14] INFO  o.s.b.a.mongo.embedded.EmbeddedMongo -
				2019-12-30T06:45:43.802+0000 I FTDC     [conn3] Shutting down full-time diagnostic data capture
2019-12-30 06:45:43 [Thread-14] INFO  o.s.b.a.mongo.embedded.EmbeddedMongo -
				2019-12-30T06:45:43.802+0000 I CONTROL  [conn3] now exiting
2019-12-30 06:45:43 [Thread-14] INFO  o.s.b.a.mongo.embedded.EmbeddedMongo -
				2019-12-30T06:45:43.802+0000 I NETWORK  [conn3] shutdown: going to close listening sockets...
2019-12-30 06:45:43 [Thread-14] INFO  o.s.b.a.mongo.embedded.EmbeddedMongo -
				2019-12-30T06:45:43.802+0000 I NETWORK  [conn3] closing listening socket: 5
2019-12-30 06:45:43 [Thread-14] INFO  o.s.b.a.mongo.embedded.EmbeddedMongo -
				2019-12-30T06:45:43.802+0000 I NETWORK  [conn3] closing listening socket: 6
2019-12-30 06:45:43 [Thread-14] INFO  o.s.b.a.mongo.embedded.EmbeddedMongo -
				2019-12-30T06:45:43.802+0000 I NETWORK  [conn3] removing socket file: /tmp/mongodb-27017.sock
2019-12-30 06:45:43 [Thread-14] INFO  o.s.b.a.mongo.embedded.EmbeddedMongo -
				2019-12-30T06:45:43.802+0000 I NETWORK  [conn3] shutdown: going to flush diaglog...
2019-12-30 06:45:43 [Thread-14] INFO  o.s.b.a.mongo.embedded.EmbeddedMongo -
				2019-12-30T06:45:43.802+0000 I NETWORK  [conn3] shutdown: going to close sockets...
2019-12-30 06:45:43 [Thread-14] INFO  o.s.b.a.mongo.embedded.EmbeddedMongo -
				2019-12-30T06:45:43.802+0000 I STORAGE  [conn3] WiredTigerKVEngine shutting down
2019-12-30 06:45:43 [Thread-14] INFO  o.s.b.a.mongo.embedded.EmbeddedMongo -
				2019-12-30T06:45:43.803+0000 I NETWORK  [conn1] end connection 127.0.0.1:42240 (2 connections now open)
2019-12-30 06:45:43 [Thread-14] INFO  o.s.b.a.mongo.embedded.EmbeddedMongo -
				2019-12-30T06:45:43.803+0000 I NETWORK  [conn2] end connection 127.0.0.1:42242 (2 connections now open)
2019-12-30 06:45:43 [Thread-7] INFO  o.s.w.c.s.GenericWebApplicationContext -
				Closing org.springframework.web.context.support.GenericWebApplicationContext@6d6bbd35: startup date [Mon Dec 30 06:45:38 UTC 2019]; root of context hierarchy
2019-12-30 06:45:43 [Thread-16] INFO  org.mongodb.driver.connection -
				Closed connection [connectionId{localValue:3, serverValue:2}] to localhost:27017 because the pool has been closed.
2019-12-30 06:45:43 [Thread-13] INFO  d.f.e.process.runtime.ProcessControl -
				stopOrDestroyProcess: process hasn't exited 
2019-12-30 06:45:44 [Thread-14] INFO  o.s.b.a.mongo.embedded.EmbeddedMongo -
				2019-12-30T06:45:44.435+0000 I STORAGE  [conn3] shutdown: removing fs lock...
2019-12-30 06:45:44 [Thread-14] INFO  o.s.b.a.mongo.embedded.EmbeddedMongo -
				2019-12-30T06:45:44.435+0000 I CONTROL  [conn3] dbexit:  rc: 0
2019-12-30 06:45:44 [Thread-7] INFO  o.s.c.s.DefaultLifecycleProcessor -
				Stopping beans in phase 2147483647
